\BOOKMARK [0][-]{chapter*.1}{\376\377\000A\000g\000r\000a\000d\000e\000c\000i\000m\000i\000e\000n\000t\000o\000s}{}% 1
\BOOKMARK [0][-]{chapter.1}{\376\377\000I\000n\000t\000r\000o\000d\000u\000c\000c\000i\000\363\000n}{}% 2
\BOOKMARK [1][-]{section.1.1}{\376\377\000M\000o\000t\000i\000v\000a\000c\000i\000\363\000n\000\040\000y\000\040\000c\000o\000n\000t\000e\000x\000t\000o}{chapter.1}% 3
\BOOKMARK [1][-]{section.1.2}{\376\377\000M\000a\000r\000c\000o\000\040\000t\000e\000\363\000r\000i\000c\000o\000:\000\040\000a\000g\000e\000n\000c\000i\000a\000\040\000y\000\040\000m\000u\000l\000t\000i\000t\000a\000r\000e\000a\000\040\000e\000n\000\040\000h\000o\000s\000p\000i\000t\000a\000l\000e\000s}{chapter.1}% 4
\BOOKMARK [1][-]{section.1.3}{\376\377\000O\000b\000j\000e\000t\000i\000v\000o\000s\000\040\000y\000\040\000c\000o\000n\000t\000r\000i\000b\000u\000c\000i\000\363\000n}{chapter.1}% 5
\BOOKMARK [1][-]{section.1.4}{\376\377\000E\000l\000\040\000s\000i\000s\000t\000e\000m\000a\000\040\000h\000o\000s\000p\000i\000t\000a\000l\000a\000r\000i\000o\000\040\000e\000s\000p\000a\000\361\000o\000l\000:\000\040\000c\000o\000n\000t\000e\000x\000t\000o\000\040\000i\000n\000s\000t\000i\000t\000u\000c\000i\000o\000n\000a\000l}{chapter.1}% 6
\BOOKMARK [2][-]{subsection.1.4.1}{\376\377\000E\000s\000t\000r\000u\000c\000t\000u\000r\000a\000\040\000d\000e\000l\000\040\000S\000N\000S\000\040\000t\000r\000a\000s\000\040\000l\000a\000s\000\040\000t\000r\000a\000n\000s\000f\000e\000r\000e\000n\000c\000i\000a\000s\000\040\000a\000u\000t\000o\000n\000\363\000m\000i\000c\000a\000s}{section.1.4}% 7
\BOOKMARK [2][-]{subsection.1.4.2}{\376\377\000T\000i\000p\000o\000l\000o\000g\000\355\000a\000\040\000d\000e\000\040\000h\000o\000s\000p\000i\000t\000a\000l\000e\000s\000\040\000d\000e\000l\000\040\000s\000i\000s\000t\000e\000m\000a\000\040\000e\000s\000p\000a\000\361\000o\000l}{section.1.4}% 8
\BOOKMARK [2][-]{subsection.1.4.3}{\376\377\000E\000v\000o\000l\000u\000c\000i\000\363\000n\000\040\000r\000e\000c\000i\000e\000n\000t\000e\000:\000\040\000e\000x\000p\000a\000n\000s\000i\000\363\000n\000\040\000y\000\040\000r\000e\000v\000e\000r\000s\000i\000\363\000n\000\040\000d\000e\000\040\000c\000o\000n\000c\000e\000s\000i\000o\000n\000e\000s}{section.1.4}% 9
\BOOKMARK [2][-]{subsection.1.4.4}{\376\377\000M\000e\000c\000a\000n\000i\000s\000m\000o\000s\000\040\000d\000e\000\040\000p\000a\000g\000o\000\040\000h\000o\000s\000p\000i\000t\000a\000l\000a\000r\000i\000o\000\040\000e\000n\000\040\000E\000s\000p\000a\000\361\000a}{section.1.4}% 10
\BOOKMARK [2][-]{subsection.1.4.5}{\376\377\000D\000a\000t\000o\000s\000\040\000b\000\341\000s\000i\000c\000o\000s\000\040\000d\000e\000l\000\040\000s\000i\000s\000t\000e\000m\000a\000\040\000h\000o\000s\000p\000i\000t\000a\000l\000a\000r\000i\000o\000\040\000e\000s\000p\000a\000\361\000o\000l}{section.1.4}% 11
\BOOKMARK [1][-]{section.1.5}{\376\377\000J\000u\000s\000t\000i\000f\000i\000c\000a\000c\000i\000\363\000n\000\040\000m\000e\000t\000o\000d\000o\000l\000\363\000g\000i\000c\000a\000:\000\040\000S\000F\000A\000\040\000v\000e\000r\000s\000u\000s\000\040\000D\000E\000A}{chapter.1}% 12
\BOOKMARK [2][-]{subsection.1.5.1}{\376\377\000P\000o\000r\000\040\000q\000u\000\351\000\040\000a\000n\000\341\000l\000i\000s\000i\000s\000\040\000d\000e\000\040\000f\000r\000o\000n\000t\000e\000r\000a\000\040\000e\000s\000t\000o\000c\000\341\000s\000t\000i\000c\000a}{section.1.5}% 13
\BOOKMARK [2][-]{subsection.1.5.2}{\376\377\000V\000e\000n\000t\000a\000j\000a\000s\000\040\000d\000e\000l\000\040\000p\000a\000n\000e\000l\000\040\000s\000o\000b\000r\000e\000\040\000l\000a\000\040\000s\000e\000c\000c\000i\000\363\000n\000\040\000c\000r\000u\000z\000a\000d\000a}{section.1.5}% 14
\BOOKMARK [2][-]{subsection.1.5.3}{\376\377\000J\000u\000s\000t\000i\000f\000i\000c\000a\000c\000i\000\363\000n\000\040\000d\000e\000\040\000l\000a\000\040\000f\000o\000r\000m\000a\000\040\000f\000u\000n\000c\000i\000o\000n\000a\000l\000\040\000t\000r\000a\000n\000s\000l\000o\000g}{section.1.5}% 15
\BOOKMARK [1][-]{section.1.6}{\376\377\000E\000s\000t\000r\000u\000c\000t\000u\000r\000a\000\040\000d\000e\000\040\000l\000a\000\040\000t\000e\000s\000i\000s}{chapter.1}% 16
\BOOKMARK [0][-]{chapter.2}{\376\377\000M\000o\000d\000e\000l\000o\000\040\000t\000e\000\363\000r\000i\000c\000o\000:\000\040\000i\000n\000c\000e\000n\000t\000i\000v\000o\000s\000\040\000y\000\040\000e\000s\000t\000r\000u\000c\000t\000u\000r\000a\000\040\000o\000r\000g\000a\000n\000i\000z\000a\000t\000i\000v\000a\000\040\000e\000n\000\040\000l\000a\000\040\000f\000i\000n\000a\000n\000c\000i\000a\000c\000i\000\363\000n\000\040\000h\000o\000s\000p\000i\000t\000a\000l\000a\000r\000i\000a}{}% 17
\BOOKMARK [1][-]{section.2.1}{\376\377\000I\000n\000t\000r\000o\000d\000u\000c\000c\000i\000\363\000n}{chapter.2}% 18
\BOOKMARK [1][-]{section.2.2}{\376\377\000P\000l\000a\000n\000t\000e\000a\000m\000i\000e\000n\000t\000o\000\040\000d\000e\000l\000\040\000m\000o\000d\000e\000l\000o}{chapter.2}% 19
\BOOKMARK [2][-]{subsection.2.2.1}{\376\377\000L\000o\000s\000\040\000d\000o\000s\000\040\000o\000u\000t\000p\000u\000t\000s\000\040\000y\000\040\000s\000u\000\040\000a\000s\000i\000m\000e\000t\000r\000\355\000a}{section.2.2}% 20
\BOOKMARK [2][-]{subsection.2.2.2}{\376\377\000P\000r\000e\000f\000e\000r\000e\000n\000c\000i\000a\000s\000\040\000d\000e\000\040\000l\000o\000s\000\040\000a\000g\000e\000n\000t\000e\000s}{section.2.2}% 21
\BOOKMARK [2][-]{subsection.2.2.3}{\376\377\000E\000l\000\040\000p\000a\000r\000\341\000m\000e\000t\000r\000o\000\040\000c\000l\000a\000v\000e\000:\000\040\000p\000s\000i\000\137\0001\0002}{section.2.2}% 22
\BOOKMARK [1][-]{section.2.3}{\376\377\000L\000a\000\040\000s\000o\000l\000u\000c\000i\000\363\000n\000\040\000d\000e\000\040\000p\000r\000i\000m\000e\000r\000\040\000b\000e\000s\000t}{chapter.2}% 23
\BOOKMARK [1][-]{section.2.4}{\376\377\000R\000i\000e\000s\000g\000o\000\040\000m\000o\000r\000a\000l\000\040\000b\000a\000j\000o\000\040\000e\000s\000t\000r\000u\000c\000t\000u\000r\000a\000\040\000c\000e\000n\000t\000r\000a\000l\000i\000z\000a\000d\000a}{chapter.2}% 24
\BOOKMARK [2][-]{subsection.2.4.1}{\376\377\000E\000s\000p\000e\000c\000i\000f\000i\000c\000a\000c\000i\000\363\000n\000\040\000f\000u\000n\000c\000i\000o\000n\000a\000l}{section.2.4}% 25
\BOOKMARK [2][-]{subsection.2.4.2}{\376\377\000S\000o\000l\000u\000c\000i\000\363\000n\000\040\000d\000e\000\040\000s\000e\000g\000u\000n\000d\000o\000\040\000b\000e\000s\000t\000\040\000c\000e\000n\000t\000r\000a\000l\000i\000z\000a\000d\000o}{section.2.4}% 26
\BOOKMARK [2][-]{subsection.2.4.3}{\376\377\000I\000m\000p\000l\000i\000c\000a\000c\000i\000o\000n\000e\000s\000\040\000p\000a\000r\000a\000\040\000d\000i\000s\000t\000i\000n\000t\000o\000s\000\040\000m\000e\000c\000a\000n\000i\000s\000m\000o\000s\000\040\000d\000e\000\040\000f\000i\000n\000a\000n\000c\000i\000a\000c\000i\000\363\000n}{section.2.4}% 27
\BOOKMARK [1][-]{section.2.5}{\376\377\000R\000i\000e\000s\000g\000o\000\040\000m\000o\000r\000a\000l\000\040\000b\000a\000j\000o\000\040\000e\000s\000t\000r\000u\000c\000t\000u\000r\000a\000\040\000d\000e\000s\000c\000e\000n\000t\000r\000a\000l\000i\000z\000a\000d\000a}{chapter.2}% 28
\BOOKMARK [2][-]{subsection.2.5.1}{\376\377\000E\000l\000\040\000p\000r\000o\000b\000l\000e\000m\000a\000\040\000d\000e\000l\000\040\000h\000o\000s\000p\000i\000t\000a\000l}{section.2.5}% 29
\BOOKMARK [2][-]{subsection.2.5.2}{\376\377\000E\000l\000\040\000p\000r\000o\000b\000l\000e\000m\000a\000\040\000d\000e\000l\000\040\000p\000r\000i\000n\000c\000i\000p\000a\000l}{section.2.5}% 30
\BOOKMARK [2][-]{subsection.2.5.3}{\376\377\000C\000a\000s\000o\000\040\000e\000s\000p\000e\000c\000i\000a\000l\000:\000\040\000t\000a\000r\000e\000a\000s\000\040\000i\000n\000d\000e\000p\000e\000n\000d\000i\000e\000n\000t\000e\000s\000\040\000\050\000p\000s\000i\000\137\0001\0002\000=\0000\000\051}{section.2.5}% 31
\BOOKMARK [1][-]{section.2.6}{\376\377\000C\000o\000m\000p\000a\000r\000a\000c\000i\000\363\000n\000\040\000d\000e\000\040\000e\000s\000t\000r\000u\000c\000t\000u\000r\000a\000s\000\040\000o\000r\000g\000a\000n\000i\000z\000a\000t\000i\000v\000a\000s\000:\000\040\000s\000i\000m\000u\000l\000a\000c\000i\000o\000n\000e\000s}{chapter.2}% 32
\BOOKMARK [2][-]{subsection.2.6.1}{\376\377\000V\000a\000r\000i\000a\000c\000i\000\363\000n\000\040\000e\000n\000\040\000l\000a\000\040\000i\000n\000t\000e\000r\000a\000c\000c\000i\000\363\000n\000\040\000e\000n\000t\000r\000e\000\040\000t\000a\000r\000e\000a\000s\000\040\000\050\000p\000s\000i\000\137\0001\0002\000\051}{section.2.6}% 33
\BOOKMARK [2][-]{subsection.2.6.2}{\376\377\000M\000e\000d\000i\000c\000i\000\363\000n\000\040\000i\000m\000p\000r\000e\000c\000i\000s\000a\000\040\000d\000e\000\040\000l\000o\000s\000\040\000r\000e\000s\000u\000l\000t\000a\000d\000o\000s}{section.2.6}% 34
\BOOKMARK [1][-]{section.2.7}{\376\377\000P\000r\000e\000d\000i\000c\000c\000i\000o\000n\000e\000s\000\040\000c\000o\000n\000t\000r\000a\000s\000t\000a\000b\000l\000e\000s}{chapter.2}% 35
\BOOKMARK [1][-]{section.2.8}{\376\377\000D\000i\000s\000c\000u\000s\000i\000\363\000n\000\040\000y\000\040\000c\000o\000n\000e\000x\000i\000\363\000n\000\040\000c\000o\000n\000\040\000l\000a\000\040\000l\000i\000t\000e\000r\000a\000t\000u\000r\000a}{chapter.2}% 36
\BOOKMARK [2][-]{subsection.2.8.1}{\376\377\000R\000e\000l\000a\000c\000i\000\363\000n\000\040\000c\000o\000n\000\040\000H\000o\000l\000m\000s\000t\000r\000\366\000m\000-\000M\000i\000l\000g\000r\000o\000m\000\040\000\050\0001\0009\0009\0001\000\051}{section.2.8}% 37
\BOOKMARK [2][-]{subsection.2.8.2}{\376\377\000R\000e\000l\000a\000c\000i\000\363\000n\000\040\000c\000o\000n\000\040\000J\000e\000l\000o\000v\000a\000c\000-\000M\000a\000c\000h\000o\000-\000S\000t\000a\000d\000l\000e\000r\000\040\000\050\0002\0000\0000\0002\000\051}{section.2.8}% 38
\BOOKMARK [2][-]{subsection.2.8.3}{\376\377\000R\000e\000l\000a\000c\000i\000\363\000n\000\040\000c\000o\000n\000\040\000E\000g\000g\000l\000e\000s\000t\000o\000n\000\040\000\050\0002\0000\0000\0005\000\051}{section.2.8}% 39
\BOOKMARK [2][-]{subsection.2.8.4}{\376\377\000R\000e\000l\000a\000c\000i\000\363\000n\000\040\000c\000o\000n\000\040\000K\000a\000a\000r\000b\000o\000e\000-\000S\000i\000c\000i\000l\000i\000a\000n\000i\000\040\000\050\0002\0000\0001\0001\000\051}{section.2.8}% 40
\BOOKMARK [1][-]{section.2.9}{\376\377\000C\000o\000n\000c\000l\000u\000s\000i\000o\000n\000e\000s\000\040\000d\000e\000l\000\040\000m\000o\000d\000e\000l\000o\000\040\000t\000e\000\363\000r\000i\000c\000o}{chapter.2}% 41
\BOOKMARK [0][-]{chapter.3}{\376\377\000E\000s\000t\000r\000a\000t\000e\000g\000i\000a\000\040\000e\000m\000p\000\355\000r\000i\000c\000a}{}% 42
\BOOKMARK [1][-]{section.3.1}{\376\377\000M\000o\000t\000i\000v\000a\000c\000i\000\363\000n\000\040\000e\000m\000p\000\355\000r\000i\000c\000a}{chapter.3}% 43
\BOOKMARK [1][-]{section.3.2}{\376\377\000M\000a\000r\000c\000o\000\040\000g\000e\000n\000e\000r\000a\000l\000:\000\040\000a\000n\000\341\000l\000i\000s\000i\000s\000\040\000d\000e\000\040\000f\000r\000o\000n\000t\000e\000r\000a\000\040\000e\000s\000t\000o\000c\000\341\000s\000t\000i\000c\000a}{chapter.3}% 44
\BOOKMARK [1][-]{section.3.3}{\376\377\000E\000s\000p\000e\000c\000i\000f\000i\000c\000a\000c\000i\000\363\000n\000\040\000d\000e\000\040\000l\000a\000\040\000f\000r\000o\000n\000t\000e\000r\000a\000\040\000d\000e\000\040\000p\000r\000o\000d\000u\000c\000c\000i\000\363\000n}{chapter.3}% 45
\BOOKMARK [1][-]{section.3.4}{\376\377\000E\000c\000u\000a\000c\000i\000\363\000n\000\040\000d\000e\000\040\000i\000n\000e\000f\000i\000c\000i\000e\000n\000c\000i\000a}{chapter.3}% 46
\BOOKMARK [1][-]{section.3.5}{\376\377\000L\000o\000s\000\040\000c\000u\000a\000t\000r\000o\000\040\000d\000i\000s\000e\000\361\000o\000s\000\040\000d\000e\000\040\000e\000s\000t\000i\000m\000a\000c\000i\000\363\000n}{chapter.3}% 47
\BOOKMARK [2][-]{subsection.3.5.1}{\376\377\000D\000i\000s\000e\000\361\000o\000\040\000D\000\040\040\024\000\040\000F\000u\000n\000c\000i\000\363\000n\000\040\000d\000e\000\040\000d\000i\000s\000t\000a\000n\000c\000i\000a\000\040\000o\000u\000t\000p\000u\000t}{section.3.5}% 48
\BOOKMARK [2][-]{subsection.3.5.2}{\376\377\000D\000i\000s\000e\000\361\000o\000\040\000A\000\040\040\024\000\040\000S\000i\000s\000t\000e\000m\000a\000\040\000b\000i\000v\000a\000r\000i\000a\000d\000o\000\040\000c\000a\000n\000t\000i\000d\000a\000d\000/\000i\000n\000t\000e\000n\000s\000i\000d\000a\000d}{section.3.5}% 49
\BOOKMARK [2][-]{subsection.3.5.3}{\376\377\000D\000i\000s\000e\000\361\000o\000\040\000B\000\040\040\024\000\040\000S\000i\000s\000t\000e\000m\000a\000\040\000b\000i\000v\000a\000r\000i\000a\000d\000o\000\040\000q\000u\000i\000r\000\372\000r\000g\000i\000c\000o\000/\000m\000\351\000d\000i\000c\000o}{section.3.5}% 50
\BOOKMARK [2][-]{subsection.3.5.4}{\376\377\000D\000i\000s\000e\000\361\000o\000\040\000C\000\040\040\024\000\040\000P\000a\000n\000e\000l\000\040\000h\000o\000s\000p\000i\000t\000a\000l\000\040\000x\000\040\000s\000e\000r\000v\000i\000c\000i\000o}{section.3.5}% 51
\BOOKMARK [1][-]{section.3.6}{\376\377\000E\000s\000t\000i\000m\000a\000c\000i\000\363\000n\000\040\000e\000\040\000i\000n\000f\000e\000r\000e\000n\000c\000i\000a}{chapter.3}% 52
\BOOKMARK [1][-]{section.3.7}{\376\377\000J\000u\000s\000t\000i\000f\000i\000c\000a\000c\000i\000\363\000n\000\040\000d\000e\000\040\000l\000a\000s\000\040\000e\000l\000e\000c\000c\000i\000o\000n\000e\000s\000\040\000m\000e\000t\000o\000d\000o\000l\000\363\000g\000i\000c\000a\000s\000\040\000a\000d\000i\000c\000i\000o\000n\000a\000l\000e\000s}{chapter.3}% 53
\BOOKMARK [2][-]{subsection.3.7.1}{\376\377\000L\000a\000\040\000f\000u\000n\000c\000i\000\363\000n\000\040\000d\000e\000\040\000d\000i\000s\000t\000a\000n\000c\000i\000a\000\040\000o\000u\000t\000p\000u\000t\000\040\000f\000r\000e\000n\000t\000e\000\040\000a\000\040\000l\000a\000\040\000f\000u\000n\000c\000i\000\363\000n\000\040\000d\000e\000\040\000p\000r\000o\000d\000u\000c\000c\000i\000\363\000n}{section.3.7}% 54
\BOOKMARK [2][-]{subsection.3.7.2}{\376\377\000E\000f\000e\000c\000t\000o\000s\000\040\000a\000l\000e\000a\000t\000o\000r\000i\000o\000s\000\040\000v\000e\000r\000d\000a\000d\000e\000r\000o\000s\000\040\000f\000r\000e\000n\000t\000e\000\040\000a\000\040\000e\000f\000e\000c\000t\000o\000s\000\040\000f\000i\000j\000o\000s}{section.3.7}% 55
\BOOKMARK [2][-]{subsection.3.7.3}{\376\377\000T\000r\000a\000t\000a\000m\000i\000e\000n\000t\000o\000\040\000d\000e\000\040\000l\000a\000\040\000m\000u\000l\000t\000i\000c\000o\000l\000i\000n\000e\000a\000l\000i\000d\000a\000d\000\040\000e\000n\000\040\000l\000a\000\040\000e\000s\000p\000e\000c\000i\000f\000i\000c\000a\000c\000i\000\363\000n\000\040\000t\000r\000a\000n\000s\000l\000o\000g}{section.3.7}% 56
\BOOKMARK [0][-]{chapter.4}{\376\377\000D\000a\000t\000o\000s\000\040\000y\000\040\000v\000a\000r\000i\000a\000b\000l\000e\000s}{}% 57
\BOOKMARK [1][-]{section.4.1}{\376\377\000F\000u\000e\000n\000t\000e\000s\000\040\000d\000e\000\040\000d\000a\000t\000o\000s}{chapter.4}% 58
\BOOKMARK [2][-]{subsection.4.1.1}{\376\377\000S\000I\000A\000E\000\040\000\050\000S\000i\000s\000t\000e\000m\000a\000\040\000d\000e\000\040\000I\000n\000f\000o\000r\000m\000a\000c\000i\000\363\000n\000\040\000d\000e\000\040\000A\000t\000e\000n\000c\000i\000\363\000n\000\040\000E\000s\000p\000e\000c\000i\000a\000l\000i\000z\000a\000d\000a\000\051}{section.4.1}% 59
\BOOKMARK [2][-]{subsection.4.1.2}{\376\377\000C\000N\000H\000\040\000\050\000C\000a\000t\000\341\000l\000o\000g\000o\000\040\000N\000a\000c\000i\000o\000n\000a\000l\000\040\000d\000e\000\040\000H\000o\000s\000p\000i\000t\000a\000l\000e\000s\000\051}{section.4.1}% 60
\BOOKMARK [2][-]{subsection.4.1.3}{\376\377\000C\000M\000B\000D\000\040\000p\000a\000r\000c\000i\000a\000l\000\040\000\050\000p\000e\000s\000o\000s\000\040\000G\000R\000D\000\051}{section.4.1}% 61
\BOOKMARK [1][-]{section.4.2}{\376\377\000M\000u\000e\000s\000t\000r\000a\000\040\000d\000e\000\040\000e\000s\000t\000i\000m\000a\000c\000i\000\363\000n}{chapter.4}% 62
\BOOKMARK [1][-]{section.4.3}{\376\377\000D\000e\000s\000c\000r\000i\000p\000c\000i\000\363\000n\000\040\000d\000e\000\040\000l\000a\000s\000\040\000v\000a\000r\000i\000a\000b\000l\000e\000s}{chapter.4}% 63
\BOOKMARK [1][-]{section.4.4}{\376\377\000V\000a\000r\000i\000a\000b\000l\000e\000\040\000d\000e\000\040\000e\000s\000t\000r\000u\000c\000t\000u\000r\000a\000\040\000o\000r\000g\000a\000n\000i\000z\000a\000t\000i\000v\000a\000\040\000\050\000D\000\136\000d\000e\000s\000c\000\051}{chapter.4}% 64
\BOOKMARK [1][-]{section.4.5}{\376\377\000E\000s\000t\000a\000d\000\355\000s\000t\000i\000c\000o\000s\000\040\000d\000e\000s\000c\000r\000i\000p\000t\000i\000v\000o\000s}{chapter.4}% 65
\BOOKMARK [1][-]{section.4.6}{\376\377\000L\000a\000s\000\040\000s\000i\000e\000t\000e\000\040\000c\000a\000t\000e\000g\000o\000r\000\355\000a\000s\000\040\000d\000e\000l\000\040\000C\000N\000H\000\040\000y\000\040\000l\000a\000\040\000c\000o\000n\000s\000t\000r\000u\000c\000c\000i\000\363\000n\000\040\000d\000e\000\040\000D\000\136\000d\000e\000s\000c}{chapter.4}% 66
\BOOKMARK [1][-]{section.4.7}{\376\377\000D\000i\000s\000t\000r\000i\000b\000u\000c\000i\000\363\000n\000\040\000g\000e\000o\000g\000r\000\341\000f\000i\000c\000a\000\040\000y\000\040\000t\000e\000m\000p\000o\000r\000a\000l\000\040\000d\000e\000\040\000l\000a\000\040\000m\000u\000e\000s\000t\000r\000a}{chapter.4}% 67
\BOOKMARK [2][-]{subsection.4.7.1}{\376\377\000D\000i\000s\000t\000r\000i\000b\000u\000c\000i\000\363\000n\000\040\000p\000o\000r\000\040\000c\000o\000m\000u\000n\000i\000d\000a\000d\000e\000s\000\040\000a\000u\000t\000\363\000n\000o\000m\000a\000s}{section.4.7}% 68
\BOOKMARK [2][-]{subsection.4.7.2}{\376\377\000D\000i\000s\000t\000r\000i\000b\000u\000c\000i\000\363\000n\000\040\000t\000e\000m\000p\000o\000r\000a\000l}{section.4.7}% 69
\BOOKMARK [2][-]{subsection.4.7.3}{\376\377\000T\000r\000a\000t\000a\000m\000i\000e\000n\000t\000o\000\040\000d\000e\000\040\000l\000o\000s\000\040\000a\000\361\000o\000s\000\040\000C\000O\000V\000I\000D\000\040\000\050\0002\0000\0002\0000\040\023\0002\0000\0002\0002\000\051}{section.4.7}% 70
\BOOKMARK [2][-]{subsection.4.7.4}{\376\377\000E\000s\000t\000a\000d\000\355\000s\000t\000i\000c\000o\000s\000\040\000d\000e\000s\000c\000r\000i\000p\000t\000i\000v\000o\000s\000\040\000p\000o\000r\000\040\000a\000\361\000o}{section.4.7}% 71
\BOOKMARK [1][-]{section.4.8}{\376\377\000C\000o\000n\000s\000t\000r\000u\000c\000c\000i\000\363\000n\000\040\000d\000e\000t\000a\000l\000l\000a\000d\000a\000\040\000d\000e\000\040\000v\000a\000r\000i\000a\000b\000l\000e\000s\000\040\000c\000l\000a\000v\000e}{chapter.4}% 72
\BOOKMARK [2][-]{subsection.4.8.1}{\376\377\000E\000l\000\040\000\355\000n\000d\000i\000c\000e\000\040\000t\000e\000c\000n\000o\000l\000\363\000g\000i\000c\000o\000\040\000K\000\136\000T}{section.4.8}% 73
\BOOKMARK [2][-]{subsection.4.8.2}{\376\377\000E\000l\000\040\000\355\000n\000d\000i\000c\000e\000\040\000d\000e\000\040\000i\000n\000t\000e\000n\000s\000i\000d\000a\000d\000\040\000d\000i\000a\000g\000n\000\363\000s\000t\000i\000c\000a\000\040\000i\000\137\000d\000i\000a\000g}{section.4.8}% 74
\BOOKMARK [2][-]{subsection.4.8.3}{\376\377\000L\000a\000\040\000v\000a\000r\000i\000a\000b\000l\000e\000\040\000d\000e\000\040\000e\000s\000t\000r\000u\000c\000t\000u\000r\000a\000\040\000o\000r\000g\000a\000n\000i\000z\000a\000t\000i\000v\000a\000\040\000D\000\136\000d\000e\000s\000c}{section.4.8}% 75
\BOOKMARK [0][-]{chapter.5}{\376\377\000R\000e\000s\000u\000l\000t\000a\000d\000o\000s}{}% 76
\BOOKMARK [1][-]{section.5.1}{\376\377\000E\000f\000i\000c\000i\000e\000n\000c\000i\000a\000\040\000t\000\351\000c\000n\000i\000c\000a\000:\000\040\000v\000a\000l\000o\000r\000e\000s\000\040\000m\000e\000d\000i\000o\000s}{chapter.5}% 77
\BOOKMARK [1][-]{section.5.2}{\376\377\000D\000i\000s\000e\000\361\000o\000\040\000D\000:\000\040\000f\000u\000n\000c\000i\000\363\000n\000\040\000d\000e\000\040\000d\000i\000s\000t\000a\000n\000c\000i\000a\000\040\000o\000u\000t\000p\000u\000t}{chapter.5}% 78
\BOOKMARK [1][-]{section.5.3}{\376\377\000D\000i\000s\000e\000\361\000o\000\040\000A\000:\000\040\000c\000a\000n\000t\000i\000d\000a\000d\000\040\000v\000e\000r\000s\000u\000s\000\040\000i\000n\000t\000e\000n\000s\000i\000d\000a\000d}{chapter.5}% 79
\BOOKMARK [1][-]{section.5.4}{\376\377\000D\000i\000s\000e\000\361\000o\000\040\000B\000:\000\040\000s\000e\000r\000v\000i\000c\000i\000o\000s\000\040\000q\000u\000i\000r\000\372\000r\000g\000i\000c\000o\000s\000\040\000v\000e\000r\000s\000u\000s\000\040\000m\000\351\000d\000i\000c\000o\000s}{chapter.5}% 80
\BOOKMARK [1][-]{section.5.5}{\376\377\000D\000i\000s\000e\000\361\000o\000\040\000C\000:\000\040\000p\000a\000n\000e\000l\000\040\000h\000o\000s\000p\000i\000t\000a\000l\000\040\000x\000\040\000s\000e\000r\000v\000i\000c\000i\000o}{chapter.5}% 81
\BOOKMARK [1][-]{section.5.6}{\376\377\000T\000e\000s\000t\000\040\000P\000*\000:\000\040\000c\000o\000n\000t\000r\000a\000s\000t\000e\000\040\000c\000o\000n\000j\000u\000n\000t\000o}{chapter.5}% 82
\BOOKMARK [1][-]{section.5.7}{\376\377\000I\000n\000t\000e\000r\000p\000r\000e\000t\000a\000c\000i\000\363\000n\000\040\000e\000c\000o\000n\000\363\000m\000i\000c\000a\000\040\000i\000n\000t\000e\000g\000r\000a\000d\000a\000\040\000d\000e\000\040\000l\000o\000s\000\040\000r\000e\000s\000u\000l\000t\000a\000d\000o\000s}{chapter.5}% 83
\BOOKMARK [2][-]{subsection.5.7.1}{\376\377\000\277\000Q\000u\000\351\000\040\000m\000i\000d\000e\000\040\000r\000e\000a\000l\000m\000e\000n\000t\000e\000\040\000e\000l\000\040\000c\000o\000e\000f\000i\000c\000i\000e\000n\000t\000e\000\040\000d\000e\000\040\000D\000\136\000d\000e\000s\000c\000?}{section.5.7}% 84
\BOOKMARK [2][-]{subsection.5.7.2}{\376\377\000I\000n\000t\000e\000r\000p\000r\000e\000t\000a\000c\000i\000\363\000n\000\040\000d\000e\000l\000\040\000D\000i\000s\000e\000\361\000o\000\040\000D\000:\000\040\000i\000n\000e\000f\000i\000c\000i\000e\000n\000c\000i\000a\000\040\000e\000n\000\040\000e\000l\000\040\000o\000u\000t\000p\000u\000t\000\040\000c\000o\000m\000p\000u\000e\000s\000t\000o}{section.5.7}% 85
\BOOKMARK [2][-]{subsection.5.7.3}{\376\377\000E\000l\000\040\000p\000a\000p\000e\000l\000\040\000d\000e\000\040\000l\000o\000s\000\040\000p\000a\000r\000\341\000m\000e\000t\000r\000o\000s\000\040\000e\000s\000t\000r\000u\000c\000t\000u\000r\000a\000l\000e\000s\000\040\000b\000e\000t\000a\000\137\000k\000\040\000d\000e\000\040\000l\000a\000\040\000f\000r\000o\000n\000t\000e\000r\000a}{section.5.7}% 86
\BOOKMARK [2][-]{subsection.5.7.4}{\376\377\000C\000o\000r\000r\000e\000l\000a\000c\000i\000\363\000n\000\040\000e\000n\000t\000r\000e\000\040\000i\000n\000e\000f\000i\000c\000i\000e\000n\000c\000i\000a\000s\000:\000\040\000e\000v\000i\000d\000e\000n\000c\000i\000a\000\040\000d\000e\000l\000\040\000m\000e\000c\000a\000n\000i\000s\000m\000o\000\040\000d\000e\000\040\000s\000u\000s\000t\000i\000t\000u\000c\000i\000\363\000n}{section.5.7}% 87
\BOOKMARK [0][-]{chapter.6}{\376\377\000R\000o\000b\000u\000s\000t\000e\000z\000,\000\040\000t\000e\000s\000t\000s\000\040\000d\000e\000\040\000e\000s\000p\000e\000c\000i\000f\000i\000c\000a\000c\000i\000\363\000n\000\040\000y\000\040\000d\000i\000s\000c\000u\000s\000i\000\363\000n}{}% 88
\BOOKMARK [1][-]{section.6.1}{\376\377\000T\000e\000s\000t\000s\000\040\000f\000o\000r\000m\000a\000l\000e\000s\000\040\000d\000e\000\040\000e\000s\000p\000e\000c\000i\000f\000i\000c\000a\000c\000i\000\363\000n}{chapter.6}% 89
\BOOKMARK [1][-]{section.6.2}{\376\377\000A\000n\000\341\000l\000i\000s\000i\000s\000\040\000d\000e\000\040\000r\000o\000b\000u\000s\000t\000e\000z}{chapter.6}% 90
\BOOKMARK [1][-]{section.6.3}{\376\377\000S\000\355\000n\000t\000e\000s\000i\000s\000\040\000d\000e\000\040\000r\000e\000s\000u\000l\000t\000a\000d\000o\000s}{chapter.6}% 91
\BOOKMARK [1][-]{section.6.4}{\376\377\000I\000n\000t\000e\000r\000p\000r\000e\000t\000a\000c\000i\000\363\000n\000\040\000e\000c\000o\000n\000\363\000m\000i\000c\000a\000\040\000d\000e\000\040\000P\0002}{chapter.6}% 92
\BOOKMARK [1][-]{section.6.5}{\376\377\000D\000i\000s\000c\000u\000s\000i\000\363\000n\000\040\000e\000c\000o\000n\000\363\000m\000i\000c\000a\000\040\000a\000d\000i\000c\000i\000o\000n\000a\000l}{chapter.6}% 93
\BOOKMARK [2][-]{subsection.6.5.1}{\376\377\000L\000a\000\040\000m\000a\000g\000n\000i\000t\000u\000d\000\040\000d\000e\000l\000\040\000e\000f\000e\000c\000t\000o\000\040\000d\000e\000\040\000l\000a\000\040\000d\000e\000s\000c\000e\000n\000t\000r\000a\000l\000i\000z\000a\000c\000i\000\363\000n}{section.6.5}% 94
\BOOKMARK [2][-]{subsection.6.5.2}{\376\377\000L\000a\000\040\000f\000u\000n\000c\000i\000\363\000n\000\040\000d\000e\000\040\000p\000r\000o\000d\000u\000c\000c\000i\000\363\000n\000\040\000t\000r\000a\000n\000s\000l\000o\000g\000:\000\040\000i\000n\000t\000e\000r\000p\000r\000e\000t\000a\000c\000i\000\363\000n\000\040\000d\000e\000\040\000l\000o\000s\000\040\000c\000o\000e\000f\000i\000c\000i\000e\000n\000t\000e\000s}{section.6.5}% 95
\BOOKMARK [2][-]{subsection.6.5.3}{\376\377\000E\000l\000\040\000p\000a\000p\000e\000l\000\040\000m\000o\000d\000e\000r\000a\000d\000o\000r\000\040\000d\000e\000\040\000p\000c\000t\000\136\000S\000N\000S}{section.6.5}% 96
\BOOKMARK [2][-]{subsection.6.5.4}{\376\377\000L\000a\000\040\000h\000e\000t\000e\000r\000o\000g\000e\000n\000e\000i\000d\000a\000d\000\040\000r\000e\000g\000i\000o\000n\000a\000l\000\040\000e\000n\000\040\000l\000a\000\040\000e\000c\000u\000a\000c\000i\000\363\000n\000\040\000d\000e\000\040\000i\000n\000e\000f\000i\000c\000i\000e\000n\000c\000i\000a}{section.6.5}% 97
\BOOKMARK [1][-]{section.6.6}{\376\377\000L\000i\000m\000i\000t\000a\000c\000i\000o\000n\000e\000s\000\040\000m\000e\000t\000o\000d\000o\000l\000\363\000g\000i\000c\000a\000s}{chapter.6}% 98
\BOOKMARK [0][-]{chapter.7}{\376\377\000I\000m\000p\000l\000i\000c\000a\000c\000i\000o\000n\000e\000s\000\040\000d\000e\000\040\000p\000o\000l\000\355\000t\000i\000c\000a\000\040\000h\000o\000s\000p\000i\000t\000a\000l\000a\000r\000i\000a}{}% 99
\BOOKMARK [1][-]{section.7.1}{\376\377\000S\000o\000b\000r\000e\000\040\000l\000a\000\040\000e\000s\000t\000r\000u\000c\000t\000u\000r\000a\000\040\000o\000r\000g\000a\000n\000i\000z\000a\000t\000i\000v\000a}{chapter.7}% 100
\BOOKMARK [2][-]{subsection.7.1.1}{\376\377\000L\000a\000\040\000d\000e\000s\000c\000e\000n\000t\000r\000a\000l\000i\000z\000a\000c\000i\000\363\000n\000\040\000n\000o\000\040\000e\000s\000\040\000u\000n\000i\000d\000i\000m\000e\000n\000s\000i\000o\000n\000a\000l\000m\000e\000n\000t\000e\000\040\000s\000u\000p\000e\000r\000i\000o\000r}{section.7.1}% 101
\BOOKMARK [2][-]{subsection.7.1.2}{\376\377\000L\000a\000\040\000c\000a\000u\000t\000e\000l\000a\000\040\000a\000n\000t\000e\000\040\000l\000a\000s\000\040\000r\000e\000v\000e\000r\000s\000i\000o\000n\000e\000s\000\040\000d\000e\000\040\000c\000o\000n\000c\000e\000s\000i\000o\000n\000e\000s}{section.7.1}% 102
\BOOKMARK [1][-]{section.7.2}{\376\377\000S\000o\000b\000r\000e\000\040\000l\000o\000s\000\040\000m\000e\000c\000a\000n\000i\000s\000m\000o\000s\000\040\000d\000e\000\040\000p\000a\000g\000o}{chapter.7}% 103
\BOOKMARK [2][-]{subsection.7.2.1}{\376\377\000L\000a\000\040\000p\000o\000t\000e\000n\000c\000i\000a\000\040\000d\000e\000\040\000l\000o\000s\000\040\000i\000n\000c\000e\000n\000t\000i\000v\000o\000s\000\040\000d\000e\000b\000e\000\040\000c\000a\000l\000i\000b\000r\000a\000r\000s\000e\000\040\000a\000l\000\040\000o\000u\000t\000p\000u\000t\000\040\000r\000e\000l\000e\000v\000a\000n\000t\000e}{section.7.2}% 104
\BOOKMARK [2][-]{subsection.7.2.2}{\376\377\000L\000o\000s\000\040\000i\000n\000c\000e\000n\000t\000i\000v\000o\000s\000\040\000a\000l\000\040\000m\000\351\000d\000i\000c\000o\000\040\000d\000e\000b\000e\000n\000\040\000d\000i\000s\000e\000\361\000a\000r\000s\000e\000\040\000e\000n\000\040\000f\000u\000n\000c\000i\000\363\000n\000\040\000d\000e\000\040\000l\000a\000\040\000e\000s\000t\000r\000u\000c\000t\000u\000r\000a\000\040\000o\000r\000g\000a\000n\000i\000z\000a\000t\000i\000v\000a}{section.7.2}% 105
\BOOKMARK [1][-]{section.7.3}{\376\377\000S\000o\000b\000r\000e\000\040\000l\000a\000\040\000m\000e\000d\000i\000c\000i\000\363\000n\000\040\000d\000e\000l\000\040\000o\000u\000t\000p\000u\000t\000\040\000h\000o\000s\000p\000i\000t\000a\000l\000a\000r\000i\000o}{chapter.7}% 106
\BOOKMARK [2][-]{subsection.7.3.1}{\376\377\000L\000a\000\040\000n\000e\000c\000e\000s\000i\000d\000a\000d\000\040\000d\000e\000\040\000m\000e\000d\000i\000r\000\040\000l\000a\000\040\000i\000n\000t\000e\000n\000s\000i\000d\000a\000d}{section.7.3}% 107
\BOOKMARK [2][-]{subsection.7.3.2}{\376\377\000E\000l\000\040\000p\000a\000p\000e\000l\000\040\000d\000e\000\040\000p\000s\000i\000\137\0001\0002\000\040\000e\000n\000\040\000l\000a\000\040\000p\000o\000l\000\355\000t\000i\000c\000a\000\040\000d\000e\000\040\000s\000e\000r\000v\000i\000c\000i\000o\000s}{section.7.3}% 108
\BOOKMARK [1][-]{section.7.4}{\376\377\000P\000e\000r\000s\000p\000e\000c\000t\000i\000v\000a\000\040\000i\000n\000t\000e\000r\000n\000a\000c\000i\000o\000n\000a\000l\000:\000\040\000l\000e\000c\000c\000i\000o\000n\000e\000s\000\040\000d\000e\000\040\000o\000t\000r\000o\000s\000\040\000s\000i\000s\000t\000e\000m\000a\000s}{chapter.7}% 109
\BOOKMARK [2][-]{subsection.7.4.1}{\376\377\000E\000l\000\040\000N\000H\000S\000\040\000i\000n\000g\000l\000\351\000s\000:\000\040\000s\000e\000p\000a\000r\000a\000c\000i\000\363\000n\000\040\000d\000e\000\040\000c\000o\000m\000p\000r\000a\000d\000o\000r\000\040\000y\000\040\000p\000r\000o\000v\000e\000e\000d\000o\000r\000\040\000y\000\040\000p\000a\000y\000m\000e\000n\000t\000\040\000b\000y\000\040\000r\000e\000s\000u\000l\000t\000s}{section.7.4}% 110
\BOOKMARK [2][-]{subsection.7.4.2}{\376\377\000E\000l\000\040\000s\000i\000s\000t\000e\000m\000a\000\040\000a\000l\000e\000m\000\341\000n\000\040\000d\000e\000\040\000G\000R\000D\000\040\000\050\000G\000-\000D\000R\000G\000\051}{section.7.4}% 111
\BOOKMARK [2][-]{subsection.7.4.3}{\376\377\000L\000a\000s\000\040\000r\000e\000f\000o\000r\000m\000a\000s\000\040\000n\000\363\000r\000d\000i\000c\000a\000s\000:\000\040\000p\000a\000t\000i\000e\000n\000t\000\040\000c\000h\000o\000i\000c\000e\000\040\000y\000\040\000c\000o\000m\000p\000e\000t\000e\000n\000c\000i\000a\000\040\000r\000e\000g\000u\000l\000a\000d\000a}{section.7.4}% 112
\BOOKMARK [2][-]{subsection.7.4.4}{\376\377\000I\000m\000p\000l\000i\000c\000a\000c\000i\000o\000n\000e\000s\000\040\000c\000o\000m\000p\000a\000r\000a\000d\000a\000s\000\040\000p\000a\000r\000a\000\040\000E\000s\000p\000a\000\361\000a}{section.7.4}% 113
\BOOKMARK [1][-]{section.7.5}{\376\377\000L\000i\000m\000i\000t\000a\000c\000i\000o\000n\000e\000s\000\040\000d\000e\000\040\000l\000a\000s\000\040\000r\000e\000c\000o\000m\000e\000n\000d\000a\000c\000i\000o\000n\000e\000s}{chapter.7}% 114
\BOOKMARK [1][-]{section.7.6}{\376\377\000C\000a\000u\000t\000e\000l\000a\000s\000\040\000p\000a\000r\000a\000\040\000l\000a\000\040\000i\000n\000t\000e\000r\000p\000r\000e\000t\000a\000c\000i\000\363\000n\000\040\000d\000e\000\040\000l\000a\000s\000\040\000r\000e\000c\000o\000m\000e\000n\000d\000a\000c\000i\000o\000n\000e\000s\000\040\000d\000e\000\040\000p\000o\000l\000\355\000t\000i\000c\000a}{chapter.7}% 115
\BOOKMARK [2][-]{subsection.7.6.1}{\376\377\000E\000n\000d\000o\000g\000e\000n\000e\000i\000d\000a\000d\000\040\000d\000e\000\040\000l\000a\000\040\000e\000s\000t\000r\000u\000c\000t\000u\000r\000a\000\040\000o\000r\000g\000a\000n\000i\000z\000a\000t\000i\000v\000a\000\040\000y\000\040\000s\000e\000s\000g\000o\000\040\000d\000e\000\040\000s\000e\000l\000e\000c\000c\000i\000\363\000n}{section.7.6}% 116
\BOOKMARK [2][-]{subsection.7.6.2}{\376\377\000V\000a\000l\000i\000d\000e\000z\000\040\000e\000x\000t\000e\000r\000n\000a\000:\000\040\000\277\000s\000o\000n\000\040\000g\000e\000n\000e\000r\000a\000l\000i\000z\000a\000b\000l\000e\000s\000\040\000l\000o\000s\000\040\000r\000e\000s\000u\000l\000t\000a\000d\000o\000s\000?}{section.7.6}% 117
\BOOKMARK [2][-]{subsection.7.6.3}{\376\377\000C\000o\000r\000r\000e\000l\000a\000c\000i\000\363\000n\000\040\000v\000e\000r\000s\000u\000s\000\040\000c\000a\000u\000s\000a\000l\000i\000d\000a\000d}{section.7.6}% 118
\BOOKMARK [1][-]{section.7.7}{\376\377\000H\000a\000c\000i\000a\000\040\000u\000n\000\040\000d\000i\000s\000e\000\361\000o\000\040\000i\000n\000s\000t\000i\000t\000u\000c\000i\000o\000n\000a\000l\000\040\000i\000n\000f\000o\000r\000m\000a\000d\000o\000\040\000p\000o\000r\000\040\000l\000a\000\040\000e\000v\000i\000d\000e\000n\000c\000i\000a}{chapter.7}% 119
\BOOKMARK [0][-]{chapter.8}{\376\377\000C\000o\000n\000c\000l\000u\000s\000i\000o\000n\000e\000s}{}% 120
\BOOKMARK [1][-]{section.8.1}{\376\377\000S\000\355\000n\000t\000e\000s\000i\000s\000\040\000g\000e\000n\000e\000r\000a\000l}{chapter.8}% 121
\BOOKMARK [1][-]{section.8.2}{\376\377\000C\000o\000n\000t\000r\000i\000b\000u\000c\000i\000o\000n\000e\000s\000\040\000o\000r\000i\000g\000i\000n\000a\000l\000e\000s}{chapter.8}% 122
\BOOKMARK [1][-]{section.8.3}{\376\377\000L\000i\000m\000i\000t\000a\000c\000i\000o\000n\000e\000s\000\040\000y\000\040\000l\000\355\000n\000e\000a\000s\000\040\000d\000e\000\040\000e\000x\000t\000e\000n\000s\000i\000\363\000n}{chapter.8}% 123
\BOOKMARK [1][-]{section.8.4}{\376\377\000A\000g\000e\000n\000d\000a\000\040\000d\000e\000\040\000i\000n\000v\000e\000s\000t\000i\000g\000a\000c\000i\000\363\000n\000\040\000f\000u\000t\000u\000r\000a}{chapter.8}% 124
\BOOKMARK [2][-]{subsection.8.4.1}{\376\377\000E\000x\000p\000l\000o\000t\000a\000c\000i\000\363\000n\000\040\000d\000e\000\040\000v\000a\000r\000i\000a\000c\000i\000\363\000n\000\040\000e\000x\000\363\000g\000e\000n\000a\000\040\000p\000a\000r\000a\000\040\000i\000d\000e\000n\000t\000i\000f\000i\000c\000a\000c\000i\000\363\000n\000\040\000c\000a\000u\000s\000a\000l}{section.8.4}% 125
\BOOKMARK [2][-]{subsection.8.4.2}{\376\377\000E\000x\000t\000e\000n\000s\000i\000\363\000n\000\040\000t\000e\000m\000p\000o\000r\000a\000l\000\040\000y\000\040\000d\000a\000t\000o\000s\000\040\000p\000o\000s\000t\000-\000C\000O\000V\000I\000D}{section.8.4}% 126
\BOOKMARK [2][-]{subsection.8.4.3}{\376\377\000V\000i\000n\000c\000u\000l\000a\000c\000i\000\363\000n\000\040\000c\000o\000n\000\040\000d\000a\000t\000o\000s\000\040\000d\000e\000\040\000p\000r\000o\000c\000e\000d\000i\000m\000i\000e\000n\000t\000o\000s\000\040\000C\000M\000B\000D\000-\000R\000A\000E}{section.8.4}% 127
\BOOKMARK [2][-]{subsection.8.4.4}{\376\377\000M\000o\000d\000e\000l\000o\000s\000\040\000d\000e\000\040\000f\000r\000o\000n\000t\000e\000r\000a\000\040\000c\000o\000n\000\040\000h\000e\000t\000e\000r\000o\000g\000e\000n\000e\000i\000d\000a\000d\000\040\000p\000e\000r\000s\000i\000s\000t\000e\000n\000t\000e\000\040\000\050\000G\000r\000e\000e\000n\000e\000\040\0002\0000\0000\0005\000\051}{section.8.4}% 128
\BOOKMARK [2][-]{subsection.8.4.5}{\376\377\000M\000o\000d\000e\000l\000o\000s\000\040\000d\000e\000\040\000c\000\363\000p\000u\000l\000a\000\040\000p\000a\000r\000a\000\040\000l\000a\000\040\000d\000e\000p\000e\000n\000d\000e\000n\000c\000i\000a\000\040\000e\000n\000t\000r\000e\000\040\000d\000i\000m\000e\000n\000s\000i\000o\000n\000e\000s\000\040\000d\000e\000\040\000e\000f\000i\000c\000i\000e\000n\000c\000i\000a}{section.8.4}% 129
\BOOKMARK [2][-]{subsection.8.4.6}{\376\377\000H\000e\000t\000e\000r\000o\000g\000e\000n\000e\000i\000d\000a\000d\000\040\000s\000e\000c\000t\000o\000r\000i\000a\000l\000\040\000y\000\040\000s\000u\000b\000e\000s\000p\000e\000c\000i\000a\000l\000i\000d\000a\000d\000e\000s}{section.8.4}% 130
\BOOKMARK [1][-]{section.8.5}{\376\377\000R\000e\000f\000l\000e\000x\000i\000\363\000n\000\040\000f\000i\000n\000a\000l}{chapter.8}% 131
\BOOKMARK [0][-]{appendix.Alph1}{\376\377\000S\000i\000m\000u\000l\000a\000c\000i\000o\000n\000e\000s\000\040\000n\000u\000m\000\351\000r\000i\000c\000a\000s\000\040\000d\000e\000l\000\040\000m\000o\000d\000e\000l\000o\000\040\000t\000e\000\363\000r\000i\000c\000o}{}% 132
\BOOKMARK [1][-]{section.Alph1.1}{\376\377\000V\000a\000r\000i\000a\000c\000i\000\363\000n\000\040\000e\000n\000\040\000p\000s\000i\000\137\0001\0002\000:\000\040\000d\000e\000\040\000c\000o\000m\000p\000l\000e\000m\000e\000n\000t\000a\000r\000i\000e\000d\000a\000d\000\040\000a\000\040\000s\000u\000s\000t\000i\000t\000u\000c\000i\000\363\000n}{appendix.Alph1}% 133
\BOOKMARK [1][-]{section.Alph1.2}{\376\377\000C\000a\000s\000o\000s\000\040\000e\000s\000p\000e\000c\000i\000a\000l\000e\000s\000:\000\040\000m\000e\000d\000i\000c\000i\000\363\000n\000\040\000p\000e\000r\000f\000e\000c\000t\000a}{appendix.Alph1}% 134
\BOOKMARK [1][-]{section.Alph1.3}{\376\377\000V\000a\000r\000i\000a\000c\000i\000\363\000n\000\040\000e\000n\000\040\000e\000l\000\040\000r\000u\000i\000d\000o\000\040\000d\000e\000\040\000c\000a\000n\000t\000i\000d\000a\000d\000\040\000\050\000s\000i\000g\000m\000a\000\137\0001\000\051}{appendix.Alph1}% 135
\BOOKMARK [1][-]{section.Alph1.4}{\376\377\000V\000a\000r\000i\000a\000c\000i\000\363\000n\000\040\000e\000n\000\040\000e\000l\000\040\000r\000u\000i\000d\000o\000\040\000d\000e\000\040\000i\000n\000t\000e\000n\000s\000i\000d\000a\000d\000\040\000\050\000s\000i\000g\000m\000a\000\137\0002\000\051}{appendix.Alph1}% 136
\BOOKMARK [0][-]{appendix.Alph2}{\376\377\000C\000o\000n\000s\000t\000r\000u\000c\000c\000i\000\363\000n\000\040\000d\000e\000\040\000v\000a\000r\000i\000a\000b\000l\000e\000s\000\040\000y\000\040\000p\000i\000p\000e\000l\000i\000n\000e\000\040\000d\000e\000\040\000d\000a\000t\000o\000s}{}% 137
\BOOKMARK [1][-]{section.Alph2.1}{\376\377\000E\000s\000t\000r\000u\000c\000t\000u\000r\000a\000\040\000d\000e\000l\000\040\000p\000r\000o\000y\000e\000c\000t\000o}{appendix.Alph2}% 138
\BOOKMARK [1][-]{section.Alph2.2}{\376\377\000O\000r\000d\000e\000n\000\040\000d\000e\000\040\000e\000j\000e\000c\000u\000c\000i\000\363\000n}{appendix.Alph2}% 139
\BOOKMARK [1][-]{section.Alph2.3}{\376\377\000A\000r\000m\000o\000n\000i\000z\000a\000c\000i\000\363\000n\000\040\000d\000e\000\040\000f\000o\000r\000m\000a\000t\000o\000s\000\040\000T\000X\000T\000\040\000y\000\040\000X\000M\000L}{appendix.Alph2}% 140
\BOOKMARK [1][-]{section.Alph2.4}{\376\377\000P\000r\000o\000c\000e\000s\000o\000\040\000d\000e\000\040\000f\000u\000z\000z\000y\000\040\000m\000a\000t\000c\000h\000i\000n\000g\000\040\000N\000C\000O\000D\000I\040\023\000C\000N\000H}{appendix.Alph2}% 141
\BOOKMARK [1][-]{section.Alph2.5}{\376\377\000A\000r\000m\000o\000n\000i\000z\000a\000c\000i\000\363\000n\000\040\000d\000e\000\040\000v\000a\000r\000i\000a\000b\000l\000e\000s\000\040\000i\000\137\000d\000i\000a\000g\000:\000\040\000v\000a\000l\000i\000d\000a\000c\000i\000\363\000n\000\040\000d\000e\000\040\000b\000r\000i\000d\000g\000e\000s\000\040\000C\0001\000\137\0001\0006\000\040\000v\0003}{appendix.Alph2}% 142
\BOOKMARK [1][-]{section.Alph2.6}{\376\377\000M\000o\000d\000e\000l\000o\000\040\000d\000e\000\040\000i\000m\000p\000u\000t\000a\000c\000i\000\363\000n\000\040\000d\000e\000\040\000c\000a\000s\000e\000-\000m\000i\000x\000:\000\040\000d\000e\000t\000a\000l\000l\000e\000s\000\040\000m\000e\000t\000o\000d\000o\000l\000\363\000g\000i\000c\000o\000s}{appendix.Alph2}% 143
\BOOKMARK [2][-]{subsection.Alph2.6.1}{\376\377\000V\000a\000r\000i\000a\000b\000l\000e\000s\000\040\000p\000r\000e\000d\000i\000c\000t\000o\000r\000a\000s}{section.Alph2.6}% 144
\BOOKMARK [2][-]{subsection.Alph2.6.2}{\376\377\000P\000r\000o\000c\000e\000d\000i\000m\000i\000e\000n\000t\000o\000\040\000d\000e\000\040\000e\000s\000t\000i\000m\000a\000c\000i\000\363\000n}{section.Alph2.6}% 145
\BOOKMARK [0][-]{appendix.Alph3}{\376\377\000T\000a\000b\000l\000a\000s\000\040\000c\000o\000m\000p\000l\000e\000m\000e\000n\000t\000a\000r\000i\000a\000s}{}% 146
\BOOKMARK [1][-]{section.Alph3.1}{\376\377\000C\000o\000e\000f\000i\000c\000i\000e\000n\000t\000e\000s\000\040\000d\000e\000\040\000l\000a\000\040\000f\000r\000o\000n\000t\000e\000r\000a\000\040\000d\000e\000\040\000p\000r\000o\000d\000u\000c\000c\000i\000\363\000n}{appendix.Alph3}% 147
\BOOKMARK [1][-]{section.Alph3.2}{\376\377\000E\000s\000t\000a\000d\000\355\000s\000t\000i\000c\000o\000s\000\040\000d\000e\000s\000c\000r\000i\000p\000t\000i\000v\000o\000s\000\040\000a\000d\000i\000c\000i\000o\000n\000a\000l\000e\000s}{appendix.Alph3}% 148
\BOOKMARK [1][-]{section.Alph3.3}{\376\377\000D\000i\000s\000t\000r\000i\000b\000u\000c\000i\000\363\000n\000\040\000d\000e\000\040\000e\000f\000i\000c\000i\000e\000n\000c\000i\000a\000s\000\040\000t\000\351\000c\000n\000i\000c\000a\000s\000\040\000p\000o\000r\000\040\000g\000r\000u\000p\000o\000\040\000d\000e\000\040\000t\000a\000m\000a\000\361\000o}{appendix.Alph3}% 149
\BOOKMARK [1][-]{section.Alph3.4}{\376\377\000N\000o\000t\000a\000s\000\040\000s\000o\000b\000r\000e\000\040\000f\000i\000g\000u\000r\000a\000s}{appendix.Alph3}% 150
