\BOOKMARK [0][-]{chapter*.1}{\376\377\000R\000e\000s\000u\000m\000e\000n}{}% 1
\BOOKMARK [0][-]{chapter*.2}{\376\377\000A\000b\000s\000t\000r\000a\000c\000t}{}% 2
\BOOKMARK [0][-]{chapter*.3}{\376\377\000A\000g\000r\000a\000d\000e\000c\000i\000m\000i\000e\000n\000t\000o\000s}{}% 3
\BOOKMARK [0][-]{chapter.1}{\376\377\000I\000n\000t\000r\000o\000d\000u\000c\000c\000i\000\363\000n}{}% 4
\BOOKMARK [1][-]{section.1.1}{\376\377\000P\000l\000a\000n\000t\000e\000a\000m\000i\000e\000n\000t\000o\000\040\000d\000e\000l\000\040\000p\000r\000o\000b\000l\000e\000m\000a}{chapter.1}% 5
\BOOKMARK [1][-]{section.1.2}{\376\377\000A\000c\000t\000u\000a\000l\000i\000d\000a\000d\000\040\000d\000e\000l\000\040\000d\000e\000b\000a\000t\000e\000\040\000y\000\040\000r\000e\000l\000e\000v\000a\000n\000c\000i\000a\000\040\000d\000e\000l\000\040\000c\000a\000s\000o\000\040\000e\000s\000p\000a\000\361\000o\000l}{chapter.1}% 6
\BOOKMARK [1][-]{section.1.3}{\376\377\000O\000b\000j\000e\000t\000i\000v\000o\000s\000\040\000y\000\040\000c\000o\000n\000t\000r\000i\000b\000u\000c\000i\000\363\000n}{chapter.1}% 7
\BOOKMARK [1][-]{section.1.4}{\376\377\000E\000l\000\040\000s\000i\000s\000t\000e\000m\000a\000\040\000h\000o\000s\000p\000i\000t\000a\000l\000a\000r\000i\000o\000\040\000e\000s\000p\000a\000\361\000o\000l\000:\000\040\000c\000o\000n\000t\000e\000x\000t\000o\000\040\000i\000n\000s\000t\000i\000t\000u\000c\000i\000o\000n\000a\000l}{chapter.1}% 8
\BOOKMARK [2][-]{subsection.1.4.1}{\376\377\000E\000s\000t\000r\000u\000c\000t\000u\000r\000a\000\040\000d\000e\000l\000\040\000S\000N\000S\000\040\000t\000r\000a\000s\000\040\000l\000a\000s\000\040\000t\000r\000a\000n\000s\000f\000e\000r\000e\000n\000c\000i\000a\000s\000\040\000a\000u\000t\000o\000n\000\363\000m\000i\000c\000a\000s}{section.1.4}% 9
\BOOKMARK [2][-]{subsection.1.4.2}{\376\377\000T\000i\000p\000o\000l\000o\000g\000\355\000a\000\040\000d\000e\000\040\000h\000o\000s\000p\000i\000t\000a\000l\000e\000s\000\040\000d\000e\000l\000\040\000s\000i\000s\000t\000e\000m\000a\000\040\000e\000s\000p\000a\000\361\000o\000l}{section.1.4}% 10
\BOOKMARK [2][-]{subsection.1.4.3}{\376\377\000E\000v\000o\000l\000u\000c\000i\000\363\000n\000\040\000r\000e\000c\000i\000e\000n\000t\000e\000:\000\040\000e\000x\000p\000a\000n\000s\000i\000\363\000n\000\040\000y\000\040\000r\000e\000v\000e\000r\000s\000i\000\363\000n\000\040\000d\000e\000\040\000c\000o\000n\000c\000e\000s\000i\000o\000n\000e\000s}{section.1.4}% 11
\BOOKMARK [2][-]{subsection.1.4.4}{\376\377\000M\000e\000c\000a\000n\000i\000s\000m\000o\000s\000\040\000d\000e\000\040\000p\000a\000g\000o\000\040\000h\000o\000s\000p\000i\000t\000a\000l\000a\000r\000i\000o\000\040\000e\000n\000\040\000E\000s\000p\000a\000\361\000a}{section.1.4}% 12
\BOOKMARK [2][-]{subsection.1.4.5}{\376\377\000D\000a\000t\000o\000s\000\040\000b\000\341\000s\000i\000c\000o\000s\000\040\000d\000e\000l\000\040\000s\000i\000s\000t\000e\000m\000a\000\040\000h\000o\000s\000p\000i\000t\000a\000l\000a\000r\000i\000o\000\040\000e\000s\000p\000a\000\361\000o\000l}{section.1.4}% 13
\BOOKMARK [1][-]{section.1.5}{\376\377\000J\000u\000s\000t\000i\000f\000i\000c\000a\000c\000i\000\363\000n\000\040\000m\000e\000t\000o\000d\000o\000l\000\363\000g\000i\000c\000a\000:\000\040\000S\000F\000A\000\040\000v\000e\000r\000s\000u\000s\000\040\000D\000E\000A}{chapter.1}% 14
\BOOKMARK [2][-]{subsection.1.5.1}{\376\377\000P\000o\000r\000\040\000q\000u\000\351\000\040\000a\000n\000\341\000l\000i\000s\000i\000s\000\040\000d\000e\000\040\000f\000r\000o\000n\000t\000e\000r\000a\000\040\000e\000s\000t\000o\000c\000\341\000s\000t\000i\000c\000a}{section.1.5}% 15
\BOOKMARK [2][-]{subsection.1.5.2}{\376\377\000V\000e\000n\000t\000a\000j\000a\000s\000\040\000d\000e\000l\000\040\000p\000a\000n\000e\000l\000\040\000s\000o\000b\000r\000e\000\040\000l\000a\000\040\000s\000e\000c\000c\000i\000\363\000n\000\040\000c\000r\000u\000z\000a\000d\000a}{section.1.5}% 16
\BOOKMARK [2][-]{subsection.1.5.3}{\376\377\000J\000u\000s\000t\000i\000f\000i\000c\000a\000c\000i\000\363\000n\000\040\000d\000e\000\040\000l\000a\000\040\000f\000o\000r\000m\000a\000\040\000f\000u\000n\000c\000i\000o\000n\000a\000l\000\040\000t\000r\000a\000n\000s\000l\000o\000g}{section.1.5}% 17
\BOOKMARK [1][-]{section.1.6}{\376\377\000E\000s\000t\000r\000u\000c\000t\000u\000r\000a\000\040\000d\000e\000\040\000l\000a\000\040\000t\000e\000s\000i\000s}{chapter.1}% 18
\BOOKMARK [0][-]{chapter.2}{\376\377\000M\000a\000r\000c\000o\000\040\000j\000u\000r\000\355\000d\000i\000c\000o\000\040\000e\000\040\000i\000n\000s\000t\000i\000t\000u\000c\000i\000o\000n\000a\000l\000\040\000d\000e\000\040\000l\000a\000\040\000o\000r\000g\000a\000n\000i\000z\000a\000c\000i\000\363\000n\000\040\000h\000o\000s\000p\000i\000t\000a\000l\000a\000r\000i\000a\000\040\000e\000n\000\040\000E\000s\000p\000a\000\361\000a}{}% 19
\BOOKMARK [1][-]{section.2.1}{\376\377\000A\000c\000t\000u\000a\000l\000i\000d\000a\000d\000\040\000y\000\040\000p\000e\000r\000s\000i\000s\000t\000e\000n\000c\000i\000a\000\040\000d\000e\000l\000\040\000d\000e\000b\000a\000t\000e\000\040\000s\000o\000b\000r\000e\000\040\000l\000a\000\040\000o\000r\000g\000a\000n\000i\000z\000a\000c\000i\000\363\000n\000\040\000h\000o\000s\000p\000i\000t\000a\000l\000a\000r\000i\000a}{chapter.2}% 20
\BOOKMARK [1][-]{section.2.2}{\376\377\000F\000u\000n\000d\000a\000m\000e\000n\000t\000o\000\040\000c\000o\000n\000s\000t\000i\000t\000u\000c\000i\000o\000n\000a\000l\000\040\000y\000\040\000m\000a\000r\000c\000o\000\040\000l\000e\000g\000a\000l\000\040\000b\000\341\000s\000i\000c\000o}{chapter.2}% 21
\BOOKMARK [2][-]{subsection.2.2.1}{\376\377\000E\000l\000\040\000d\000e\000r\000e\000c\000h\000o\000\040\000a\000\040\000l\000a\000\040\000p\000r\000o\000t\000e\000c\000c\000i\000\363\000n\000\040\000d\000e\000\040\000l\000a\000\040\000s\000a\000l\000u\000d\000\040\000y\000\040\000e\000l\000\040\000m\000a\000r\000g\000e\000n\000\040\000d\000e\000\040\000c\000o\000n\000f\000i\000g\000u\000r\000a\000c\000i\000\363\000n\000\040\000l\000e\000g\000i\000s\000l\000a\000t\000i\000v\000a}{section.2.2}% 22
\BOOKMARK [2][-]{subsection.2.2.2}{\376\377\000D\000i\000s\000t\000r\000i\000b\000u\000c\000i\000\363\000n\000\040\000c\000o\000m\000p\000e\000t\000e\000n\000c\000i\000a\000l\000\040\000y\000\040\000d\000e\000s\000c\000e\000n\000t\000r\000a\000l\000i\000z\000a\000c\000i\000\363\000n\000\040\000s\000a\000n\000i\000t\000a\000r\000i\000a}{section.2.2}% 23
\BOOKMARK [2][-]{subsection.2.2.3}{\376\377\000L\000e\000y\000\040\000G\000e\000n\000e\000r\000a\000l\000\040\000d\000e\000\040\000S\000a\000n\000i\000d\000a\000d\000\040\000\050\000L\000e\000y\000\040\0001\0004\000/\0001\0009\0008\0006\000\051}{section.2.2}% 24
\BOOKMARK [2][-]{subsection.2.2.4}{\376\377\000L\000e\000y\000\040\000d\000e\000\040\000C\000o\000h\000e\000s\000i\000\363\000n\000\040\000y\000\040\000C\000a\000l\000i\000d\000a\000d\000\040\000\050\000L\000e\000y\000\040\0001\0006\000/\0002\0000\0000\0003\000\051}{section.2.2}% 25
\BOOKMARK [2][-]{subsection.2.2.5}{\376\377\000L\000e\000y\000\040\0001\0005\000/\0001\0009\0009\0007\000:\000\040\000h\000a\000b\000i\000l\000i\000t\000a\000c\000i\000\363\000n\000\040\000d\000e\000\040\000n\000u\000e\000v\000a\000s\000\040\000f\000o\000r\000m\000a\000s\000\040\000d\000e\000\040\000g\000e\000s\000t\000i\000\363\000n}{section.2.2}% 26
\BOOKMARK [2][-]{subsection.2.2.6}{\376\377\000R\000e\000a\000l\000\040\000D\000e\000c\000r\000e\000t\000o\000\040\0002\0009\000/\0002\0000\0000\0000\000:\000\040\000d\000e\000s\000a\000r\000r\000o\000l\000l\000o\000\040\000r\000e\000g\000l\000a\000m\000e\000n\000t\000a\000r\000i\000o}{section.2.2}% 27
\BOOKMARK [2][-]{subsection.2.2.7}{\376\377\000L\000e\000y\000\040\0005\0005\000/\0002\0000\0000\0003\000:\000\040\000E\000s\000t\000a\000t\000u\000t\000o\000\040\000M\000a\000r\000c\000o\000\040\000d\000e\000l\000\040\000p\000e\000r\000s\000o\000n\000a\000l\000\040\000e\000s\000t\000a\000t\000u\000t\000a\000r\000i\000o}{section.2.2}% 28
\BOOKMARK [2][-]{subsection.2.2.8}{\376\377\000S\000\355\000n\000t\000e\000s\000i\000s}{section.2.2}% 29
\BOOKMARK [1][-]{section.2.3}{\376\377\000T\000i\000p\000o\000l\000o\000g\000\355\000a\000\040\000d\000e\000\040\000l\000a\000s\000\040\000f\000o\000r\000m\000a\000s\000\040\000d\000e\000\040\000g\000e\000s\000t\000i\000\363\000n\000\040\000y\000\040\000c\000o\000n\000t\000r\000a\000t\000a\000c\000i\000\363\000n\000\040\000h\000o\000s\000p\000i\000t\000a\000l\000a\000r\000i\000a}{chapter.2}% 30
\BOOKMARK [2][-]{subsection.2.3.1}{\376\377\000G\000e\000s\000t\000i\000\363\000n\000\040\000d\000i\000r\000e\000c\000t\000a}{section.2.3}% 31
\BOOKMARK [2][-]{subsection.2.3.2}{\376\377\000G\000e\000s\000t\000i\000\363\000n\000\040\000i\000n\000d\000i\000r\000e\000c\000t\000a\000\040\000y\000\040\000c\000o\000n\000t\000r\000a\000t\000a\000c\000i\000\363\000n\000\040\000c\000o\000n\000\040\000e\000l\000\040\000s\000e\000c\000t\000o\000r\000\040\000p\000r\000i\000v\000a\000d\000o}{section.2.3}% 32
\BOOKMARK [2][-]{subsection.2.3.3}{\376\377\000S\000\355\000n\000t\000e\000s\000i\000s\000\040\000a\000n\000a\000l\000\355\000t\000i\000c\000a}{section.2.3}% 33
\BOOKMARK [1][-]{section.2.4}{\376\377\000R\000\351\000g\000i\000m\000e\000n\000\040\000d\000e\000l\000\040\000p\000e\000r\000s\000o\000n\000a\000l\000,\000\040\000a\000u\000t\000o\000n\000o\000m\000\355\000a\000\040\000d\000e\000\040\000g\000e\000s\000t\000i\000\363\000n\000\040\000y\000\040\000g\000o\000b\000e\000r\000n\000a\000n\000z\000a\000\040\000i\000n\000t\000e\000r\000n\000a}{chapter.2}% 34
\BOOKMARK [2][-]{subsection.2.4.1}{\376\377\000E\000l\000\040\000p\000e\000r\000s\000o\000n\000a\000l\000\040\000e\000s\000t\000a\000t\000u\000t\000a\000r\000i\000o\000:\000\040\000m\000a\000r\000c\000o\000\040\000g\000e\000n\000e\000r\000a\000l}{section.2.4}% 35
\BOOKMARK [2][-]{subsection.2.4.2}{\376\377\000E\000s\000t\000r\000u\000c\000t\000u\000r\000a\000\040\000r\000e\000t\000r\000i\000b\000u\000t\000i\000v\000a\000\040\000y\000\040\000m\000a\000r\000g\000e\000n\000\040\000p\000a\000r\000a\000\040\000i\000n\000c\000e\000n\000t\000i\000v\000o\000s}{section.2.4}% 36
\BOOKMARK [2][-]{subsection.2.4.3}{\376\377\000P\000e\000r\000s\000o\000n\000a\000l\000\040\000l\000a\000b\000o\000r\000a\000l\000\040\000e\000n\000\040\000e\000n\000t\000e\000s\000\040\000i\000n\000s\000t\000r\000u\000m\000e\000n\000t\000a\000l\000e\000s}{section.2.4}% 37
\BOOKMARK [2][-]{subsection.2.4.4}{\376\377\000A\000u\000t\000o\000n\000o\000m\000\355\000a\000\040\000d\000e\000l\000\040\000g\000e\000s\000t\000o\000r\000\040\000h\000o\000s\000p\000i\000t\000a\000l\000a\000r\000i\000o}{section.2.4}% 38
\BOOKMARK [2][-]{subsection.2.4.5}{\376\377\000D\000i\000r\000e\000c\000t\000i\000v\000o\000s\000\040\000d\000e\000\040\000h\000o\000s\000p\000i\000t\000a\000l}{section.2.4}% 39
\BOOKMARK [2][-]{subsection.2.4.6}{\376\377\000C\000o\000n\000e\000x\000i\000\363\000n\000\040\000c\000o\000n\000\040\000e\000l\000\040\000m\000o\000d\000e\000l\000o\000\040\000t\000e\000\363\000r\000i\000c\000o}{section.2.4}% 40
\BOOKMARK [1][-]{section.2.5}{\376\377\000F\000i\000n\000a\000n\000c\000i\000a\000c\000i\000\363\000n\000\040\000h\000o\000s\000p\000i\000t\000a\000l\000a\000r\000i\000a\000\040\000y\000\040\000v\000e\000r\000i\000f\000i\000c\000a\000b\000i\000l\000i\000d\000a\000d\000\040\000d\000e\000l\000\040\000o\000u\000t\000p\000u\000t}{chapter.2}% 41
\BOOKMARK [2][-]{subsection.2.5.1}{\376\377\000P\000r\000e\000s\000u\000p\000u\000e\000s\000t\000o\000\040\000g\000l\000o\000b\000a\000l\000\040\000r\000e\000t\000r\000o\000s\000p\000e\000c\000t\000i\000v\000o}{section.2.5}% 42
\BOOKMARK [2][-]{subsection.2.5.2}{\376\377\000C\000o\000n\000t\000r\000a\000t\000o\000s\000-\000p\000r\000o\000g\000r\000a\000m\000a}{section.2.5}% 43
\BOOKMARK [2][-]{subsection.2.5.3}{\376\377\000P\000a\000g\000o\000\040\000p\000o\000r\000\040\000a\000c\000t\000i\000v\000i\000d\000a\000d\000:\000\040\000G\000R\000D\000\040\000y\000\040\000s\000i\000s\000t\000e\000m\000a\000s\000\040\000d\000e\000\040\000c\000l\000a\000s\000i\000f\000i\000c\000a\000c\000i\000\363\000n\000\040\000d\000e\000\040\000p\000a\000c\000i\000e\000n\000t\000e\000s}{section.2.5}% 44
\BOOKMARK [2][-]{subsection.2.5.4}{\376\377\000M\000\363\000d\000u\000l\000o\000s\000\040\000d\000e\000\040\000c\000o\000n\000c\000i\000e\000r\000t\000o}{section.2.5}% 45
\BOOKMARK [2][-]{subsection.2.5.5}{\376\377\000P\000a\000g\000o\000\040\000c\000a\000p\000i\000t\000a\000t\000i\000v\000o}{section.2.5}% 46
\BOOKMARK [2][-]{subsection.2.5.6}{\376\377\000C\000o\000n\000e\000x\000i\000\363\000n\000\040\000c\000o\000n\000\040\000e\000l\000\040\000m\000o\000d\000e\000l\000o\000\040\000t\000e\000\363\000r\000i\000c\000o\000\040\000y\000\040\000l\000a\000\040\000v\000a\000r\000i\000a\000b\000l\000e\000\040\000e\000m\000p\000\355\000r\000i\000c\000a}{section.2.5}% 47
\BOOKMARK [1][-]{section.2.6}{\376\377\000D\000e\000l\000\040\000l\000e\000n\000g\000u\000a\000j\000e\000\040\000j\000u\000r\000\355\000d\000i\000c\000o\000\040\000d\000e\000\040\000l\000a\000\040\000o\000r\000g\000a\000n\000i\000z\000a\000c\000i\000\363\000n\000\040\000s\000a\000n\000i\000t\000a\000r\000i\000a\000\040\000a\000l\000\040\000l\000e\000n\000g\000u\000a\000j\000e\000\040\000e\000c\000o\000n\000\363\000m\000i\000c\000o\000\040\000d\000e\000\040\000l\000a\000\040\000a\000g\000e\000n\000c\000i\000a}{chapter.2}% 48
\BOOKMARK [2][-]{subsection.2.6.1}{\376\377\000E\000l\000\040\000h\000o\000s\000p\000i\000t\000a\000l\000\040\000c\000o\000m\000o\000\040\000o\000r\000g\000a\000n\000i\000z\000a\000c\000i\000\363\000n\000\040\000c\000o\000m\000p\000l\000e\000j\000a\000\040\000c\000o\000n\000\040\000m\000\372\000l\000t\000i\000p\000l\000e\000s\000\040\000a\000g\000e\000n\000t\000e\000s}{section.2.6}% 49
\BOOKMARK [2][-]{subsection.2.6.2}{\376\377\000E\000s\000t\000r\000u\000c\000t\000u\000r\000a\000\040\000o\000r\000g\000a\000n\000i\000z\000a\000t\000i\000v\000a\000\040\000c\000o\000m\000o\000\040\000e\000s\000t\000r\000u\000c\000t\000u\000r\000a\000\040\000d\000e\000\040\000a\000g\000e\000n\000c\000i\000a}{section.2.6}% 50
\BOOKMARK [2][-]{subsection.2.6.3}{\376\377\000M\000e\000c\000a\000n\000i\000s\000m\000o\000s\000\040\000d\000e\000\040\000p\000a\000g\000o\000\040\000c\000o\000m\000o\000\040\000s\000e\000\361\000a\000l\000e\000s\000\040\000d\000e\000\040\000o\000u\000t\000p\000u\000t}{section.2.6}% 51
\BOOKMARK [2][-]{subsection.2.6.4}{\376\377\000E\000l\000\040\000p\000a\000r\000\341\000m\000e\000t\000r\000o\000\040\0001\0002\000\040\000y\000\040\000l\000a\000\040\000n\000a\000t\000u\000r\000a\000l\000e\000z\000a\000\040\000d\000e\000l\000\040\000s\000e\000r\000v\000i\000c\000i\000o}{section.2.6}% 52
\BOOKMARK [2][-]{subsection.2.6.5}{\376\377\000S\000\355\000n\000t\000e\000s\000i\000s\000\040\000d\000e\000\040\000c\000o\000r\000r\000e\000s\000p\000o\000n\000d\000e\000n\000c\000i\000a\000s}{section.2.6}% 53
\BOOKMARK [1][-]{section.2.7}{\376\377\000C\000o\000n\000c\000l\000u\000s\000i\000\363\000n\000:\000\040\000p\000l\000u\000r\000a\000l\000i\000s\000m\000o\000\040\000o\000r\000g\000a\000n\000i\000z\000a\000t\000i\000v\000o\000,\000\040\000i\000n\000f\000o\000r\000m\000a\000c\000i\000\363\000n\000\040\000a\000s\000i\000m\000\351\000t\000r\000i\000c\000a\000\040\000y\000\040\000n\000e\000c\000e\000s\000i\000d\000a\000d\000\040\000d\000e\000\040\000e\000v\000a\000l\000u\000a\000c\000i\000\363\000n\000\040\000e\000m\000p\000\355\000r\000i\000c\000a}{chapter.2}% 54
\BOOKMARK [0][-]{chapter.3}{\376\377\000M\000o\000d\000e\000l\000o\000\040\000t\000e\000\363\000r\000i\000c\000o\000:\000\040\000i\000n\000c\000e\000n\000t\000i\000v\000o\000s\000\040\000y\000\040\000e\000s\000t\000r\000u\000c\000t\000u\000r\000a\000\040\000o\000r\000g\000a\000n\000i\000z\000a\000t\000i\000v\000a\000\040\000e\000n\000\040\000l\000a\000\040\000f\000i\000n\000a\000n\000c\000i\000a\000c\000i\000\363\000n\000\040\000h\000o\000s\000p\000i\000t\000a\000l\000a\000r\000i\000a}{}% 55
\BOOKMARK [1][-]{section.3.1}{\376\377\000I\000n\000t\000r\000o\000d\000u\000c\000c\000i\000\363\000n}{chapter.3}% 56
\BOOKMARK [1][-]{section.3.2}{\376\377\000P\000l\000a\000n\000t\000e\000a\000m\000i\000e\000n\000t\000o\000\040\000d\000e\000l\000\040\000m\000o\000d\000e\000l\000o}{chapter.3}% 57
\BOOKMARK [2][-]{subsection.3.2.1}{\376\377\000L\000o\000s\000\040\000d\000o\000s\000\040\000o\000u\000t\000p\000u\000t\000s\000\040\000y\000\040\000s\000u\000\040\000a\000s\000i\000m\000e\000t\000r\000\355\000a}{section.3.2}% 58
\BOOKMARK [2][-]{subsection.3.2.2}{\376\377\000P\000r\000e\000f\000e\000r\000e\000n\000c\000i\000a\000s\000\040\000d\000e\000\040\000l\000o\000s\000\040\000a\000g\000e\000n\000t\000e\000s}{section.3.2}% 59
\BOOKMARK [2][-]{subsection.3.2.3}{\376\377\000E\000l\000\040\000p\000a\000r\000\341\000m\000e\000t\000r\000o\000\040\000c\000l\000a\000v\000e\000:\000\040\000p\000s\000i\000\137\0001\0002}{section.3.2}% 60
\BOOKMARK [1][-]{section.3.3}{\376\377\000L\000a\000\040\000s\000o\000l\000u\000c\000i\000\363\000n\000\040\000d\000e\000\040\000p\000r\000i\000m\000e\000r\000\040\000b\000e\000s\000t}{chapter.3}% 61
\BOOKMARK [1][-]{section.3.4}{\376\377\000R\000i\000e\000s\000g\000o\000\040\000m\000o\000r\000a\000l\000\040\000b\000a\000j\000o\000\040\000e\000s\000t\000r\000u\000c\000t\000u\000r\000a\000\040\000c\000e\000n\000t\000r\000a\000l\000i\000z\000a\000d\000a}{chapter.3}% 62
\BOOKMARK [2][-]{subsection.3.4.1}{\376\377\000E\000s\000p\000e\000c\000i\000f\000i\000c\000a\000c\000i\000\363\000n\000\040\000f\000u\000n\000c\000i\000o\000n\000a\000l}{section.3.4}% 63
\BOOKMARK [2][-]{subsection.3.4.2}{\376\377\000S\000o\000l\000u\000c\000i\000\363\000n\000\040\000d\000e\000\040\000s\000e\000g\000u\000n\000d\000o\000\040\000b\000e\000s\000t\000\040\000c\000e\000n\000t\000r\000a\000l\000i\000z\000a\000d\000o}{section.3.4}% 64
\BOOKMARK [2][-]{subsection.3.4.3}{\376\377\000I\000m\000p\000l\000i\000c\000a\000c\000i\000o\000n\000e\000s\000\040\000p\000a\000r\000a\000\040\000d\000i\000s\000t\000i\000n\000t\000o\000s\000\040\000m\000e\000c\000a\000n\000i\000s\000m\000o\000s\000\040\000d\000e\000\040\000f\000i\000n\000a\000n\000c\000i\000a\000c\000i\000\363\000n}{section.3.4}% 65
\BOOKMARK [1][-]{section.3.5}{\376\377\000R\000i\000e\000s\000g\000o\000\040\000m\000o\000r\000a\000l\000\040\000b\000a\000j\000o\000\040\000e\000s\000t\000r\000u\000c\000t\000u\000r\000a\000\040\000d\000e\000s\000c\000e\000n\000t\000r\000a\000l\000i\000z\000a\000d\000a}{chapter.3}% 66
\BOOKMARK [2][-]{subsection.3.5.1}{\376\377\000E\000l\000\040\000p\000r\000o\000b\000l\000e\000m\000a\000\040\000d\000e\000l\000\040\000h\000o\000s\000p\000i\000t\000a\000l}{section.3.5}% 67
\BOOKMARK [2][-]{subsection.3.5.2}{\376\377\000E\000l\000\040\000p\000r\000o\000b\000l\000e\000m\000a\000\040\000d\000e\000l\000\040\000p\000r\000i\000n\000c\000i\000p\000a\000l}{section.3.5}% 68
\BOOKMARK [2][-]{subsection.3.5.3}{\376\377\000C\000a\000s\000o\000\040\000e\000s\000p\000e\000c\000i\000a\000l\000:\000\040\000t\000a\000r\000e\000a\000s\000\040\000i\000n\000d\000e\000p\000e\000n\000d\000i\000e\000n\000t\000e\000s\000\040\000\050\000p\000s\000i\000\137\0001\0002\000=\0000\000\051}{section.3.5}% 69
\BOOKMARK [1][-]{section.3.6}{\376\377\000C\000o\000m\000p\000a\000r\000a\000c\000i\000\363\000n\000\040\000d\000e\000\040\000e\000s\000t\000r\000u\000c\000t\000u\000r\000a\000s\000\040\000o\000r\000g\000a\000n\000i\000z\000a\000t\000i\000v\000a\000s\000:\000\040\000s\000i\000m\000u\000l\000a\000c\000i\000o\000n\000e\000s}{chapter.3}% 70
\BOOKMARK [2][-]{subsection.3.6.1}{\376\377\000E\000f\000e\000c\000t\000o\000\040\000d\000e\000l\000\040\000p\000a\000r\000\341\000m\000e\000t\000r\000o\000\040\000d\000e\000\040\000i\000n\000t\000e\000r\000a\000c\000c\000i\000\363\000n\000\040\000e\000n\000t\000r\000e\000\040\000t\000a\000r\000e\000a\000s\000\040\000\050\000p\000s\000i\000\137\0001\0002\000\051}{section.3.6}% 71
\BOOKMARK [2][-]{subsection.3.6.2}{\376\377\000C\000a\000s\000o\000s\000\040\000e\000s\000p\000e\000c\000i\000a\000l\000e\000s\000:\000\040\000m\000e\000d\000i\000c\000i\000\363\000n\000\040\000p\000e\000r\000f\000e\000c\000t\000a\000\040\000d\000e\000\040\000u\000n\000o\000\040\000d\000e\000\040\000l\000o\000s\000\040\000o\000u\000t\000p\000u\000t\000s}{section.3.6}% 72
\BOOKMARK [2][-]{subsection.3.6.3}{\376\377\000E\000f\000e\000c\000t\000o\000\040\000d\000e\000l\000\040\000r\000u\000i\000d\000o\000\040\000e\000n\000\040\000l\000a\000\040\000m\000e\000d\000i\000c\000i\000\363\000n\000\040\000d\000e\000\040\000l\000a\000\040\000c\000a\000n\000t\000i\000d\000a\000d\000\040\000\050\000s\000i\000g\000m\000a\000\137\0001\000\051}{section.3.6}% 73
\BOOKMARK [2][-]{subsection.3.6.4}{\376\377\000E\000f\000e\000c\000t\000o\000\040\000d\000e\000l\000\040\000r\000u\000i\000d\000o\000\040\000e\000n\000\040\000l\000a\000\040\000m\000e\000d\000i\000c\000i\000\363\000n\000\040\000d\000e\000\040\000l\000a\000\040\000i\000n\000t\000e\000n\000s\000i\000d\000a\000d\000\040\000\050\000s\000i\000g\000m\000a\000\137\0002\000\051}{section.3.6}% 74
\BOOKMARK [1][-]{section.3.7}{\376\377\000P\000r\000e\000d\000i\000c\000c\000i\000o\000n\000e\000s\000\040\000c\000o\000n\000t\000r\000a\000s\000t\000a\000b\000l\000e\000s}{chapter.3}% 75
\BOOKMARK [1][-]{section.3.8}{\376\377\000D\000i\000s\000c\000u\000s\000i\000\363\000n\000\040\000y\000\040\000c\000o\000n\000e\000x\000i\000\363\000n\000\040\000c\000o\000n\000\040\000l\000a\000\040\000l\000i\000t\000e\000r\000a\000t\000u\000r\000a}{chapter.3}% 76
\BOOKMARK [2][-]{subsection.3.8.1}{\376\377\000R\000e\000l\000a\000c\000i\000\363\000n\000\040\000c\000o\000n\000\040\000H\000o\000l\000m\000s\000t\000r\000\366\000m\000-\000M\000i\000l\000g\000r\000o\000m\000\040\000\050\0001\0009\0009\0001\000\051}{section.3.8}% 77
\BOOKMARK [2][-]{subsection.3.8.2}{\376\377\000R\000e\000l\000a\000c\000i\000\363\000n\000\040\000c\000o\000n\000\040\000J\000e\000l\000o\000v\000a\000c\000-\000M\000a\000c\000h\000o\000-\000S\000t\000a\000d\000l\000e\000r\000\040\000\050\0002\0000\0000\0002\000\051}{section.3.8}% 78
\BOOKMARK [2][-]{subsection.3.8.3}{\376\377\000R\000e\000l\000a\000c\000i\000\363\000n\000\040\000c\000o\000n\000\040\000E\000g\000g\000l\000e\000s\000t\000o\000n\000\040\000\050\0002\0000\0000\0005\000\051}{section.3.8}% 79
\BOOKMARK [2][-]{subsection.3.8.4}{\376\377\000R\000e\000l\000a\000c\000i\000\363\000n\000\040\000c\000o\000n\000\040\000K\000a\000a\000r\000b\000o\000e\000-\000S\000i\000c\000i\000l\000i\000a\000n\000i\000\040\000\050\0002\0000\0001\0001\000\051}{section.3.8}% 80
\BOOKMARK [1][-]{section.3.9}{\376\377\000C\000o\000n\000c\000l\000u\000s\000i\000o\000n\000e\000s\000\040\000d\000e\000l\000\040\000m\000o\000d\000e\000l\000o\000\040\000t\000e\000\363\000r\000i\000c\000o}{chapter.3}% 81
\BOOKMARK [0][-]{chapter.4}{\376\377\000E\000s\000t\000r\000a\000t\000e\000g\000i\000a\000\040\000e\000m\000p\000\355\000r\000i\000c\000a}{}% 82
\BOOKMARK [1][-]{section.4.1}{\376\377\000M\000o\000t\000i\000v\000a\000c\000i\000\363\000n\000\040\000e\000m\000p\000\355\000r\000i\000c\000a}{chapter.4}% 83
\BOOKMARK [1][-]{section.4.2}{\376\377\000M\000a\000r\000c\000o\000\040\000g\000e\000n\000e\000r\000a\000l\000:\000\040\000a\000n\000\341\000l\000i\000s\000i\000s\000\040\000d\000e\000\040\000f\000r\000o\000n\000t\000e\000r\000a\000\040\000e\000s\000t\000o\000c\000\341\000s\000t\000i\000c\000a}{chapter.4}% 84
\BOOKMARK [1][-]{section.4.3}{\376\377\000E\000s\000p\000e\000c\000i\000f\000i\000c\000a\000c\000i\000\363\000n\000\040\000d\000e\000\040\000l\000a\000\040\000f\000r\000o\000n\000t\000e\000r\000a\000\040\000d\000e\000\040\000p\000r\000o\000d\000u\000c\000c\000i\000\363\000n}{chapter.4}% 85
\BOOKMARK [1][-]{section.4.4}{\376\377\000E\000c\000u\000a\000c\000i\000\363\000n\000\040\000d\000e\000\040\000i\000n\000e\000f\000i\000c\000i\000e\000n\000c\000i\000a}{chapter.4}% 86
\BOOKMARK [1][-]{section.4.5}{\376\377\000L\000o\000s\000\040\000c\000u\000a\000t\000r\000o\000\040\000d\000i\000s\000e\000\361\000o\000s\000\040\000d\000e\000\040\000e\000s\000t\000i\000m\000a\000c\000i\000\363\000n}{chapter.4}% 87
\BOOKMARK [2][-]{subsection.4.5.1}{\376\377\000D\000i\000s\000e\000\361\000o\000\040\000D\000\040\040\024\000\040\000F\000u\000n\000c\000i\000\363\000n\000\040\000d\000e\000\040\000d\000i\000s\000t\000a\000n\000c\000i\000a\000\040\000o\000u\000t\000p\000u\000t}{section.4.5}% 88
\BOOKMARK [2][-]{subsection.4.5.2}{\376\377\000D\000i\000s\000e\000\361\000o\000\040\000A\000\040\040\024\000\040\000S\000i\000s\000t\000e\000m\000a\000\040\000b\000i\000v\000a\000r\000i\000a\000d\000o\000\040\000c\000a\000n\000t\000i\000d\000a\000d\000/\000i\000n\000t\000e\000n\000s\000i\000d\000a\000d}{section.4.5}% 89
\BOOKMARK [2][-]{subsection.4.5.3}{\376\377\000D\000i\000s\000e\000\361\000o\000\040\000B\000\040\040\024\000\040\000S\000i\000s\000t\000e\000m\000a\000\040\000b\000i\000v\000a\000r\000i\000a\000d\000o\000\040\000q\000u\000i\000r\000\372\000r\000g\000i\000c\000o\000/\000m\000\351\000d\000i\000c\000o}{section.4.5}% 90
\BOOKMARK [2][-]{subsection.4.5.4}{\376\377\000D\000i\000s\000e\000\361\000o\000\040\000C\000\040\040\024\000\040\000P\000a\000n\000e\000l\000\040\000h\000o\000s\000p\000i\000t\000a\000l\000\040\000x\000\040\000s\000e\000r\000v\000i\000c\000i\000o}{section.4.5}% 91
\BOOKMARK [1][-]{section.4.6}{\376\377\000E\000s\000t\000i\000m\000a\000c\000i\000\363\000n\000\040\000e\000\040\000i\000n\000f\000e\000r\000e\000n\000c\000i\000a}{chapter.4}% 92
\BOOKMARK [1][-]{section.4.7}{\376\377\000J\000u\000s\000t\000i\000f\000i\000c\000a\000c\000i\000\363\000n\000\040\000d\000e\000\040\000l\000a\000s\000\040\000e\000l\000e\000c\000c\000i\000o\000n\000e\000s\000\040\000m\000e\000t\000o\000d\000o\000l\000\363\000g\000i\000c\000a\000s\000\040\000a\000d\000i\000c\000i\000o\000n\000a\000l\000e\000s}{chapter.4}% 93
\BOOKMARK [2][-]{subsection.4.7.1}{\376\377\000L\000a\000\040\000f\000u\000n\000c\000i\000\363\000n\000\040\000d\000e\000\040\000d\000i\000s\000t\000a\000n\000c\000i\000a\000\040\000o\000u\000t\000p\000u\000t\000\040\000f\000r\000e\000n\000t\000e\000\040\000a\000\040\000l\000a\000\040\000f\000u\000n\000c\000i\000\363\000n\000\040\000d\000e\000\040\000p\000r\000o\000d\000u\000c\000c\000i\000\363\000n}{section.4.7}% 94
\BOOKMARK [2][-]{subsection.4.7.2}{\376\377\000E\000f\000e\000c\000t\000o\000s\000\040\000a\000l\000e\000a\000t\000o\000r\000i\000o\000s\000\040\000v\000e\000r\000d\000a\000d\000e\000r\000o\000s\000\040\000f\000r\000e\000n\000t\000e\000\040\000a\000\040\000e\000f\000e\000c\000t\000o\000s\000\040\000f\000i\000j\000o\000s}{section.4.7}% 95
\BOOKMARK [2][-]{subsection.4.7.3}{\376\377\000T\000r\000a\000t\000a\000m\000i\000e\000n\000t\000o\000\040\000d\000e\000\040\000l\000a\000\040\000m\000u\000l\000t\000i\000c\000o\000l\000i\000n\000e\000a\000l\000i\000d\000a\000d\000\040\000e\000n\000\040\000l\000a\000\040\000e\000s\000p\000e\000c\000i\000f\000i\000c\000a\000c\000i\000\363\000n\000\040\000t\000r\000a\000n\000s\000l\000o\000g}{section.4.7}% 96
\BOOKMARK [0][-]{chapter.5}{\376\377\000D\000a\000t\000o\000s\000\040\000y\000\040\000v\000a\000r\000i\000a\000b\000l\000e\000s}{}% 97
\BOOKMARK [1][-]{section.5.1}{\376\377\000F\000u\000e\000n\000t\000e\000s\000\040\000d\000e\000\040\000d\000a\000t\000o\000s}{chapter.5}% 98
\BOOKMARK [2][-]{subsection.5.1.1}{\376\377\000S\000I\000A\000E\000\040\000\050\000S\000i\000s\000t\000e\000m\000a\000\040\000d\000e\000\040\000I\000n\000f\000o\000r\000m\000a\000c\000i\000\363\000n\000\040\000d\000e\000\040\000A\000t\000e\000n\000c\000i\000\363\000n\000\040\000E\000s\000p\000e\000c\000i\000a\000l\000i\000z\000a\000d\000a\000\051}{section.5.1}% 99
\BOOKMARK [2][-]{subsection.5.1.2}{\376\377\000C\000N\000H\000\040\000\050\000C\000a\000t\000\341\000l\000o\000g\000o\000\040\000N\000a\000c\000i\000o\000n\000a\000l\000\040\000d\000e\000\040\000H\000o\000s\000p\000i\000t\000a\000l\000e\000s\000\051}{section.5.1}% 100
\BOOKMARK [2][-]{subsection.5.1.3}{\376\377\000C\000M\000B\000D\000\040\000p\000a\000r\000c\000i\000a\000l\000\040\000\050\000p\000e\000s\000o\000s\000\040\000G\000R\000D\000\051}{section.5.1}% 101
\BOOKMARK [2][-]{subsection.5.1.4}{\376\377\000C\000o\000n\000s\000i\000d\000e\000r\000a\000c\000i\000o\000n\000e\000s\000\040\000s\000o\000b\000r\000e\000\040\000p\000r\000o\000t\000e\000c\000c\000i\000\363\000n\000\040\000d\000e\000\040\000d\000a\000t\000o\000s}{section.5.1}% 102
\BOOKMARK [1][-]{section.5.2}{\376\377\000M\000u\000e\000s\000t\000r\000a\000\040\000d\000e\000\040\000e\000s\000t\000i\000m\000a\000c\000i\000\363\000n}{chapter.5}% 103
\BOOKMARK [1][-]{section.5.3}{\376\377\000D\000e\000s\000c\000r\000i\000p\000c\000i\000\363\000n\000\040\000d\000e\000\040\000l\000a\000s\000\040\000v\000a\000r\000i\000a\000b\000l\000e\000s}{chapter.5}% 104
\BOOKMARK [1][-]{section.5.4}{\376\377\000V\000a\000r\000i\000a\000b\000l\000e\000\040\000d\000e\000\040\000e\000s\000t\000r\000u\000c\000t\000u\000r\000a\000\040\000o\000r\000g\000a\000n\000i\000z\000a\000t\000i\000v\000a\000\040\000\050\000D\000\136\000d\000e\000s\000c\000\051}{chapter.5}% 105
\BOOKMARK [1][-]{section.5.5}{\376\377\000E\000s\000t\000a\000d\000\355\000s\000t\000i\000c\000o\000s\000\040\000d\000e\000s\000c\000r\000i\000p\000t\000i\000v\000o\000s}{chapter.5}% 106
\BOOKMARK [1][-]{section.5.6}{\376\377\000L\000a\000s\000\040\000s\000i\000e\000t\000e\000\040\000c\000a\000t\000e\000g\000o\000r\000\355\000a\000s\000\040\000d\000e\000l\000\040\000C\000N\000H\000\040\000y\000\040\000l\000a\000\040\000c\000o\000n\000s\000t\000r\000u\000c\000c\000i\000\363\000n\000\040\000d\000e\000\040\000D\000\136\000d\000e\000s\000c}{chapter.5}% 107
\BOOKMARK [1][-]{section.5.7}{\376\377\000D\000i\000s\000t\000r\000i\000b\000u\000c\000i\000\363\000n\000\040\000g\000e\000o\000g\000r\000\341\000f\000i\000c\000a\000\040\000y\000\040\000t\000e\000m\000p\000o\000r\000a\000l\000\040\000d\000e\000\040\000l\000a\000\040\000m\000u\000e\000s\000t\000r\000a}{chapter.5}% 108
\BOOKMARK [2][-]{subsection.5.7.1}{\376\377\000D\000i\000s\000t\000r\000i\000b\000u\000c\000i\000\363\000n\000\040\000p\000o\000r\000\040\000c\000o\000m\000u\000n\000i\000d\000a\000d\000e\000s\000\040\000a\000u\000t\000\363\000n\000o\000m\000a\000s}{section.5.7}% 109
\BOOKMARK [2][-]{subsection.5.7.2}{\376\377\000D\000i\000s\000t\000r\000i\000b\000u\000c\000i\000\363\000n\000\040\000t\000e\000m\000p\000o\000r\000a\000l}{section.5.7}% 110
\BOOKMARK [2][-]{subsection.5.7.3}{\376\377\000T\000r\000a\000t\000a\000m\000i\000e\000n\000t\000o\000\040\000d\000e\000\040\000l\000o\000s\000\040\000a\000\361\000o\000s\000\040\000C\000O\000V\000I\000D\000\040\000\050\0002\0000\0002\0000\040\023\0002\0000\0002\0002\000\051}{section.5.7}% 111
\BOOKMARK [2][-]{subsection.5.7.4}{\376\377\000E\000s\000t\000a\000d\000\355\000s\000t\000i\000c\000o\000s\000\040\000d\000e\000s\000c\000r\000i\000p\000t\000i\000v\000o\000s\000\040\000p\000o\000r\000\040\000a\000\361\000o}{section.5.7}% 112
\BOOKMARK [1][-]{section.5.8}{\376\377\000C\000o\000n\000s\000t\000r\000u\000c\000c\000i\000\363\000n\000\040\000d\000e\000t\000a\000l\000l\000a\000d\000a\000\040\000d\000e\000\040\000v\000a\000r\000i\000a\000b\000l\000e\000s\000\040\000c\000l\000a\000v\000e}{chapter.5}% 113
\BOOKMARK [2][-]{subsection.5.8.1}{\376\377\000E\000l\000\040\000\355\000n\000d\000i\000c\000e\000\040\000t\000e\000c\000n\000o\000l\000\363\000g\000i\000c\000o\000\040\000K\000\136\000T}{section.5.8}% 114
\BOOKMARK [2][-]{subsection.5.8.2}{\376\377\000E\000l\000\040\000\355\000n\000d\000i\000c\000e\000\040\000d\000e\000\040\000i\000n\000t\000e\000n\000s\000i\000d\000a\000d\000\040\000d\000i\000a\000g\000n\000\363\000s\000t\000i\000c\000a\000\040\000i\000\137\000d\000i\000a\000g}{section.5.8}% 115
\BOOKMARK [2][-]{subsection.5.8.3}{\376\377\000L\000a\000\040\000v\000a\000r\000i\000a\000b\000l\000e\000\040\000d\000e\000\040\000e\000s\000t\000r\000u\000c\000t\000u\000r\000a\000\040\000o\000r\000g\000a\000n\000i\000z\000a\000t\000i\000v\000a\000\040\000D\000\136\000d\000e\000s\000c}{section.5.8}% 116
\BOOKMARK [0][-]{chapter.6}{\376\377\000R\000e\000s\000u\000l\000t\000a\000d\000o\000s}{}% 117
\BOOKMARK [1][-]{section.6.1}{\376\377\000E\000f\000i\000c\000i\000e\000n\000c\000i\000a\000\040\000t\000\351\000c\000n\000i\000c\000a\000:\000\040\000v\000a\000l\000o\000r\000e\000s\000\040\000m\000e\000d\000i\000o\000s}{chapter.6}% 118
\BOOKMARK [1][-]{section.6.2}{\376\377\000D\000i\000s\000e\000\361\000o\000\040\000D\000:\000\040\000f\000u\000n\000c\000i\000\363\000n\000\040\000d\000e\000\040\000d\000i\000s\000t\000a\000n\000c\000i\000a\000\040\000o\000u\000t\000p\000u\000t}{chapter.6}% 119
\BOOKMARK [1][-]{section.6.3}{\376\377\000D\000i\000s\000e\000\361\000o\000\040\000A\000:\000\040\000c\000a\000n\000t\000i\000d\000a\000d\000\040\000v\000e\000r\000s\000u\000s\000\040\000i\000n\000t\000e\000n\000s\000i\000d\000a\000d}{chapter.6}% 120
\BOOKMARK [1][-]{section.6.4}{\376\377\000D\000i\000s\000e\000\361\000o\000\040\000B\000:\000\040\000s\000e\000r\000v\000i\000c\000i\000o\000s\000\040\000q\000u\000i\000r\000\372\000r\000g\000i\000c\000o\000s\000\040\000v\000e\000r\000s\000u\000s\000\040\000m\000\351\000d\000i\000c\000o\000s}{chapter.6}% 121
\BOOKMARK [1][-]{section.6.5}{\376\377\000D\000i\000s\000e\000\361\000o\000\040\000C\000:\000\040\000p\000a\000n\000e\000l\000\040\000h\000o\000s\000p\000i\000t\000a\000l\000\040\000x\000\040\000s\000e\000r\000v\000i\000c\000i\000o}{chapter.6}% 122
\BOOKMARK [1][-]{section.6.6}{\376\377\000T\000e\000s\000t\000\040\000P\000*\000:\000\040\000c\000o\000n\000t\000r\000a\000s\000t\000e\000\040\000c\000o\000n\000j\000u\000n\000t\000o}{chapter.6}% 123
\BOOKMARK [1][-]{section.6.7}{\376\377\000I\000n\000t\000e\000r\000p\000r\000e\000t\000a\000c\000i\000\363\000n\000\040\000e\000c\000o\000n\000\363\000m\000i\000c\000a\000\040\000i\000n\000t\000e\000g\000r\000a\000d\000a\000\040\000d\000e\000\040\000l\000o\000s\000\040\000r\000e\000s\000u\000l\000t\000a\000d\000o\000s}{chapter.6}% 124
\BOOKMARK [2][-]{subsection.6.7.1}{\376\377\000\277\000Q\000u\000\351\000\040\000m\000i\000d\000e\000\040\000r\000e\000a\000l\000m\000e\000n\000t\000e\000\040\000e\000l\000\040\000c\000o\000e\000f\000i\000c\000i\000e\000n\000t\000e\000\040\000d\000e\000\040\000D\000\136\000d\000e\000s\000c\000?}{section.6.7}% 125
\BOOKMARK [2][-]{subsection.6.7.2}{\376\377\000I\000n\000t\000e\000r\000p\000r\000e\000t\000a\000c\000i\000\363\000n\000\040\000d\000e\000l\000\040\000D\000i\000s\000e\000\361\000o\000\040\000D\000:\000\040\000i\000n\000e\000f\000i\000c\000i\000e\000n\000c\000i\000a\000\040\000e\000n\000\040\000e\000l\000\040\000o\000u\000t\000p\000u\000t\000\040\000c\000o\000m\000p\000u\000e\000s\000t\000o}{section.6.7}% 126
\BOOKMARK [2][-]{subsection.6.7.3}{\376\377\000E\000l\000\040\000p\000a\000p\000e\000l\000\040\000d\000e\000\040\000l\000o\000s\000\040\000p\000a\000r\000\341\000m\000e\000t\000r\000o\000s\000\040\000e\000s\000t\000r\000u\000c\000t\000u\000r\000a\000l\000e\000s\000\040\000b\000e\000t\000a\000\137\000k\000\040\000d\000e\000\040\000l\000a\000\040\000f\000r\000o\000n\000t\000e\000r\000a}{section.6.7}% 127
\BOOKMARK [2][-]{subsection.6.7.4}{\376\377\000C\000o\000r\000r\000e\000l\000a\000c\000i\000\363\000n\000\040\000e\000n\000t\000r\000e\000\040\000i\000n\000e\000f\000i\000c\000i\000e\000n\000c\000i\000a\000s\000:\000\040\000e\000v\000i\000d\000e\000n\000c\000i\000a\000\040\000d\000e\000l\000\040\000m\000e\000c\000a\000n\000i\000s\000m\000o\000\040\000d\000e\000\040\000s\000u\000s\000t\000i\000t\000u\000c\000i\000\363\000n}{section.6.7}% 128
\BOOKMARK [0][-]{chapter.7}{\376\377\000R\000o\000b\000u\000s\000t\000e\000z\000,\000\040\000t\000e\000s\000t\000s\000\040\000d\000e\000\040\000e\000s\000p\000e\000c\000i\000f\000i\000c\000a\000c\000i\000\363\000n\000\040\000y\000\040\000d\000i\000s\000c\000u\000s\000i\000\363\000n}{}% 129
\BOOKMARK [1][-]{section.7.1}{\376\377\000T\000e\000s\000t\000s\000\040\000f\000o\000r\000m\000a\000l\000e\000s\000\040\000d\000e\000\040\000e\000s\000p\000e\000c\000i\000f\000i\000c\000a\000c\000i\000\363\000n}{chapter.7}% 130
\BOOKMARK [1][-]{section.7.2}{\376\377\000A\000n\000\341\000l\000i\000s\000i\000s\000\040\000d\000e\000\040\000r\000o\000b\000u\000s\000t\000e\000z}{chapter.7}% 131
\BOOKMARK [1][-]{section.7.3}{\376\377\000S\000\355\000n\000t\000e\000s\000i\000s\000\040\000d\000e\000\040\000r\000e\000s\000u\000l\000t\000a\000d\000o\000s}{chapter.7}% 132
\BOOKMARK [1][-]{section.7.4}{\376\377\000I\000n\000t\000e\000r\000p\000r\000e\000t\000a\000c\000i\000\363\000n\000\040\000e\000c\000o\000n\000\363\000m\000i\000c\000a\000\040\000d\000e\000\040\000P\0002}{chapter.7}% 133
\BOOKMARK [1][-]{section.7.5}{\376\377\000D\000i\000s\000c\000u\000s\000i\000\363\000n\000\040\000e\000c\000o\000n\000\363\000m\000i\000c\000a\000\040\000a\000d\000i\000c\000i\000o\000n\000a\000l}{chapter.7}% 134
\BOOKMARK [2][-]{subsection.7.5.1}{\376\377\000L\000a\000\040\000m\000a\000g\000n\000i\000t\000u\000d\000\040\000d\000e\000l\000\040\000e\000f\000e\000c\000t\000o\000\040\000d\000e\000\040\000l\000a\000\040\000d\000e\000s\000c\000e\000n\000t\000r\000a\000l\000i\000z\000a\000c\000i\000\363\000n}{section.7.5}% 135
\BOOKMARK [2][-]{subsection.7.5.2}{\376\377\000L\000a\000\040\000f\000u\000n\000c\000i\000\363\000n\000\040\000d\000e\000\040\000p\000r\000o\000d\000u\000c\000c\000i\000\363\000n\000\040\000t\000r\000a\000n\000s\000l\000o\000g\000:\000\040\000i\000n\000t\000e\000r\000p\000r\000e\000t\000a\000c\000i\000\363\000n\000\040\000d\000e\000\040\000l\000o\000s\000\040\000c\000o\000e\000f\000i\000c\000i\000e\000n\000t\000e\000s}{section.7.5}% 136
\BOOKMARK [2][-]{subsection.7.5.3}{\376\377\000E\000l\000\040\000p\000a\000p\000e\000l\000\040\000m\000o\000d\000e\000r\000a\000d\000o\000r\000\040\000d\000e\000\040\000p\000c\000t\000\136\000S\000N\000S}{section.7.5}% 137
\BOOKMARK [2][-]{subsection.7.5.4}{\376\377\000L\000a\000\040\000h\000e\000t\000e\000r\000o\000g\000e\000n\000e\000i\000d\000a\000d\000\040\000r\000e\000g\000i\000o\000n\000a\000l\000\040\000e\000n\000\040\000l\000a\000\040\000e\000c\000u\000a\000c\000i\000\363\000n\000\040\000d\000e\000\040\000i\000n\000e\000f\000i\000c\000i\000e\000n\000c\000i\000a}{section.7.5}% 138
\BOOKMARK [1][-]{section.7.6}{\376\377\000L\000i\000m\000i\000t\000a\000c\000i\000o\000n\000e\000s\000\040\000m\000e\000t\000o\000d\000o\000l\000\363\000g\000i\000c\000a\000s}{chapter.7}% 139
\BOOKMARK [0][-]{chapter.8}{\376\377\000I\000m\000p\000l\000i\000c\000a\000c\000i\000o\000n\000e\000s\000\040\000d\000e\000\040\000p\000o\000l\000\355\000t\000i\000c\000a\000\040\000h\000o\000s\000p\000i\000t\000a\000l\000a\000r\000i\000a}{}% 140
\BOOKMARK [1][-]{section.8.1}{\376\377\000S\000o\000b\000r\000e\000\040\000l\000a\000\040\000e\000s\000t\000r\000u\000c\000t\000u\000r\000a\000\040\000o\000r\000g\000a\000n\000i\000z\000a\000t\000i\000v\000a}{chapter.8}% 141
\BOOKMARK [2][-]{subsection.8.1.1}{\376\377\000L\000a\000\040\000d\000e\000s\000c\000e\000n\000t\000r\000a\000l\000i\000z\000a\000c\000i\000\363\000n\000\040\000n\000o\000\040\000e\000s\000\040\000u\000n\000i\000d\000i\000m\000e\000n\000s\000i\000o\000n\000a\000l\000m\000e\000n\000t\000e\000\040\000s\000u\000p\000e\000r\000i\000o\000r}{section.8.1}% 142
\BOOKMARK [2][-]{subsection.8.1.2}{\376\377\000L\000a\000\040\000c\000a\000u\000t\000e\000l\000a\000\040\000a\000n\000t\000e\000\040\000l\000a\000s\000\040\000r\000e\000v\000e\000r\000s\000i\000o\000n\000e\000s\000\040\000d\000e\000\040\000c\000o\000n\000c\000e\000s\000i\000o\000n\000e\000s}{section.8.1}% 143
\BOOKMARK [1][-]{section.8.2}{\376\377\000S\000o\000b\000r\000e\000\040\000l\000o\000s\000\040\000m\000e\000c\000a\000n\000i\000s\000m\000o\000s\000\040\000d\000e\000\040\000p\000a\000g\000o}{chapter.8}% 144
\BOOKMARK [2][-]{subsection.8.2.1}{\376\377\000L\000a\000\040\000p\000o\000t\000e\000n\000c\000i\000a\000\040\000d\000e\000\040\000l\000o\000s\000\040\000i\000n\000c\000e\000n\000t\000i\000v\000o\000s\000\040\000d\000e\000b\000e\000\040\000c\000a\000l\000i\000b\000r\000a\000r\000s\000e\000\040\000a\000l\000\040\000o\000u\000t\000p\000u\000t\000\040\000r\000e\000l\000e\000v\000a\000n\000t\000e}{section.8.2}% 145
\BOOKMARK [2][-]{subsection.8.2.2}{\376\377\000L\000o\000s\000\040\000i\000n\000c\000e\000n\000t\000i\000v\000o\000s\000\040\000a\000l\000\040\000m\000\351\000d\000i\000c\000o\000\040\000d\000e\000b\000e\000n\000\040\000d\000i\000s\000e\000\361\000a\000r\000s\000e\000\040\000e\000n\000\040\000f\000u\000n\000c\000i\000\363\000n\000\040\000d\000e\000\040\000l\000a\000\040\000e\000s\000t\000r\000u\000c\000t\000u\000r\000a\000\040\000o\000r\000g\000a\000n\000i\000z\000a\000t\000i\000v\000a}{section.8.2}% 146
\BOOKMARK [1][-]{section.8.3}{\376\377\000S\000o\000b\000r\000e\000\040\000l\000a\000\040\000m\000e\000d\000i\000c\000i\000\363\000n\000\040\000d\000e\000l\000\040\000o\000u\000t\000p\000u\000t\000\040\000h\000o\000s\000p\000i\000t\000a\000l\000a\000r\000i\000o}{chapter.8}% 147
\BOOKMARK [2][-]{subsection.8.3.1}{\376\377\000L\000a\000\040\000n\000e\000c\000e\000s\000i\000d\000a\000d\000\040\000d\000e\000\040\000m\000e\000d\000i\000r\000\040\000l\000a\000\040\000i\000n\000t\000e\000n\000s\000i\000d\000a\000d}{section.8.3}% 148
\BOOKMARK [2][-]{subsection.8.3.2}{\376\377\000E\000l\000\040\000p\000a\000p\000e\000l\000\040\000d\000e\000\040\000p\000s\000i\000\137\0001\0002\000\040\000e\000n\000\040\000l\000a\000\040\000p\000o\000l\000\355\000t\000i\000c\000a\000\040\000d\000e\000\040\000s\000e\000r\000v\000i\000c\000i\000o\000s}{section.8.3}% 149
\BOOKMARK [1][-]{section.8.4}{\376\377\000P\000e\000r\000s\000p\000e\000c\000t\000i\000v\000a\000\040\000i\000n\000t\000e\000r\000n\000a\000c\000i\000o\000n\000a\000l\000:\000\040\000l\000e\000c\000c\000i\000o\000n\000e\000s\000\040\000d\000e\000\040\000o\000t\000r\000o\000s\000\040\000s\000i\000s\000t\000e\000m\000a\000s}{chapter.8}% 150
\BOOKMARK [2][-]{subsection.8.4.1}{\376\377\000E\000l\000\040\000N\000H\000S\000\040\000i\000n\000g\000l\000\351\000s\000:\000\040\000s\000e\000p\000a\000r\000a\000c\000i\000\363\000n\000\040\000d\000e\000\040\000c\000o\000m\000p\000r\000a\000d\000o\000r\000\040\000y\000\040\000p\000r\000o\000v\000e\000e\000d\000o\000r\000\040\000y\000\040\000p\000a\000y\000m\000e\000n\000t\000\040\000b\000y\000\040\000r\000e\000s\000u\000l\000t\000s}{section.8.4}% 151
\BOOKMARK [2][-]{subsection.8.4.2}{\376\377\000E\000l\000\040\000s\000i\000s\000t\000e\000m\000a\000\040\000a\000l\000e\000m\000\341\000n\000\040\000d\000e\000\040\000G\000R\000D\000\040\000\050\000G\000-\000D\000R\000G\000\051}{section.8.4}% 152
\BOOKMARK [2][-]{subsection.8.4.3}{\376\377\000L\000a\000s\000\040\000r\000e\000f\000o\000r\000m\000a\000s\000\040\000n\000\363\000r\000d\000i\000c\000a\000s\000:\000\040\000p\000a\000t\000i\000e\000n\000t\000\040\000c\000h\000o\000i\000c\000e\000\040\000y\000\040\000c\000o\000m\000p\000e\000t\000e\000n\000c\000i\000a\000\040\000r\000e\000g\000u\000l\000a\000d\000a}{section.8.4}% 153
\BOOKMARK [2][-]{subsection.8.4.4}{\376\377\000I\000m\000p\000l\000i\000c\000a\000c\000i\000o\000n\000e\000s\000\040\000c\000o\000m\000p\000a\000r\000a\000d\000a\000s\000\040\000p\000a\000r\000a\000\040\000E\000s\000p\000a\000\361\000a}{section.8.4}% 154
\BOOKMARK [1][-]{section.8.5}{\376\377\000L\000i\000m\000i\000t\000a\000c\000i\000o\000n\000e\000s\000\040\000d\000e\000\040\000l\000a\000s\000\040\000r\000e\000c\000o\000m\000e\000n\000d\000a\000c\000i\000o\000n\000e\000s}{chapter.8}% 155
\BOOKMARK [1][-]{section.8.6}{\376\377\000C\000a\000u\000t\000e\000l\000a\000s\000\040\000p\000a\000r\000a\000\040\000l\000a\000\040\000i\000n\000t\000e\000r\000p\000r\000e\000t\000a\000c\000i\000\363\000n\000\040\000d\000e\000\040\000l\000a\000s\000\040\000r\000e\000c\000o\000m\000e\000n\000d\000a\000c\000i\000o\000n\000e\000s\000\040\000d\000e\000\040\000p\000o\000l\000\355\000t\000i\000c\000a}{chapter.8}% 156
\BOOKMARK [2][-]{subsection.8.6.1}{\376\377\000E\000n\000d\000o\000g\000e\000n\000e\000i\000d\000a\000d\000\040\000d\000e\000\040\000l\000a\000\040\000e\000s\000t\000r\000u\000c\000t\000u\000r\000a\000\040\000o\000r\000g\000a\000n\000i\000z\000a\000t\000i\000v\000a\000\040\000y\000\040\000s\000e\000s\000g\000o\000\040\000d\000e\000\040\000s\000e\000l\000e\000c\000c\000i\000\363\000n}{section.8.6}% 157
\BOOKMARK [2][-]{subsection.8.6.2}{\376\377\000V\000a\000l\000i\000d\000e\000z\000\040\000e\000x\000t\000e\000r\000n\000a\000:\000\040\000\277\000s\000o\000n\000\040\000g\000e\000n\000e\000r\000a\000l\000i\000z\000a\000b\000l\000e\000s\000\040\000l\000o\000s\000\040\000r\000e\000s\000u\000l\000t\000a\000d\000o\000s\000?}{section.8.6}% 158
\BOOKMARK [2][-]{subsection.8.6.3}{\376\377\000C\000o\000r\000r\000e\000l\000a\000c\000i\000\363\000n\000\040\000v\000e\000r\000s\000u\000s\000\040\000c\000a\000u\000s\000a\000l\000i\000d\000a\000d}{section.8.6}% 159
\BOOKMARK [1][-]{section.8.7}{\376\377\000H\000a\000c\000i\000a\000\040\000u\000n\000\040\000d\000i\000s\000e\000\361\000o\000\040\000i\000n\000s\000t\000i\000t\000u\000c\000i\000o\000n\000a\000l\000\040\000i\000n\000f\000o\000r\000m\000a\000d\000o\000\040\000p\000o\000r\000\040\000l\000a\000\040\000e\000v\000i\000d\000e\000n\000c\000i\000a}{chapter.8}% 160
\BOOKMARK [0][-]{chapter.9}{\376\377\000C\000o\000n\000c\000l\000u\000s\000i\000o\000n\000e\000s}{}% 161
\BOOKMARK [1][-]{section.9.1}{\376\377\000S\000\355\000n\000t\000e\000s\000i\000s\000\040\000g\000e\000n\000e\000r\000a\000l}{chapter.9}% 162
\BOOKMARK [1][-]{section.9.2}{\376\377\000C\000o\000n\000t\000r\000i\000b\000u\000c\000i\000o\000n\000e\000s\000\040\000o\000r\000i\000g\000i\000n\000a\000l\000e\000s}{chapter.9}% 163
\BOOKMARK [1][-]{section.9.3}{\376\377\000L\000i\000m\000i\000t\000a\000c\000i\000o\000n\000e\000s\000\040\000y\000\040\000l\000\355\000n\000e\000a\000s\000\040\000d\000e\000\040\000e\000x\000t\000e\000n\000s\000i\000\363\000n}{chapter.9}% 164
\BOOKMARK [1][-]{section.9.4}{\376\377\000A\000g\000e\000n\000d\000a\000\040\000d\000e\000\040\000i\000n\000v\000e\000s\000t\000i\000g\000a\000c\000i\000\363\000n\000\040\000f\000u\000t\000u\000r\000a}{chapter.9}% 165
\BOOKMARK [2][-]{subsection.9.4.1}{\376\377\000E\000x\000p\000l\000o\000t\000a\000c\000i\000\363\000n\000\040\000d\000e\000\040\000v\000a\000r\000i\000a\000c\000i\000\363\000n\000\040\000e\000x\000\363\000g\000e\000n\000a\000\040\000p\000a\000r\000a\000\040\000i\000d\000e\000n\000t\000i\000f\000i\000c\000a\000c\000i\000\363\000n\000\040\000c\000a\000u\000s\000a\000l}{section.9.4}% 166
\BOOKMARK [2][-]{subsection.9.4.2}{\376\377\000E\000x\000t\000e\000n\000s\000i\000\363\000n\000\040\000t\000e\000m\000p\000o\000r\000a\000l\000\040\000y\000\040\000d\000a\000t\000o\000s\000\040\000p\000o\000s\000t\000-\000C\000O\000V\000I\000D}{section.9.4}% 167
\BOOKMARK [2][-]{subsection.9.4.3}{\376\377\000V\000i\000n\000c\000u\000l\000a\000c\000i\000\363\000n\000\040\000c\000o\000n\000\040\000d\000a\000t\000o\000s\000\040\000d\000e\000\040\000p\000r\000o\000c\000e\000d\000i\000m\000i\000e\000n\000t\000o\000s\000\040\000C\000M\000B\000D\000-\000R\000A\000E}{section.9.4}% 168
\BOOKMARK [2][-]{subsection.9.4.4}{\376\377\000M\000o\000d\000e\000l\000o\000s\000\040\000d\000e\000\040\000f\000r\000o\000n\000t\000e\000r\000a\000\040\000c\000o\000n\000\040\000h\000e\000t\000e\000r\000o\000g\000e\000n\000e\000i\000d\000a\000d\000\040\000p\000e\000r\000s\000i\000s\000t\000e\000n\000t\000e\000\040\000\050\000G\000r\000e\000e\000n\000e\000\040\0002\0000\0000\0005\000\051}{section.9.4}% 169
\BOOKMARK [2][-]{subsection.9.4.5}{\376\377\000M\000o\000d\000e\000l\000o\000s\000\040\000d\000e\000\040\000c\000\363\000p\000u\000l\000a\000\040\000p\000a\000r\000a\000\040\000l\000a\000\040\000d\000e\000p\000e\000n\000d\000e\000n\000c\000i\000a\000\040\000e\000n\000t\000r\000e\000\040\000d\000i\000m\000e\000n\000s\000i\000o\000n\000e\000s\000\040\000d\000e\000\040\000e\000f\000i\000c\000i\000e\000n\000c\000i\000a}{section.9.4}% 170
\BOOKMARK [2][-]{subsection.9.4.6}{\376\377\000H\000e\000t\000e\000r\000o\000g\000e\000n\000e\000i\000d\000a\000d\000\040\000s\000e\000c\000t\000o\000r\000i\000a\000l\000\040\000y\000\040\000s\000u\000b\000e\000s\000p\000e\000c\000i\000a\000l\000i\000d\000a\000d\000e\000s}{section.9.4}% 171
\BOOKMARK [1][-]{section.9.5}{\376\377\000R\000e\000f\000l\000e\000x\000i\000\363\000n\000\040\000f\000i\000n\000a\000l}{chapter.9}% 172
\BOOKMARK [0][-]{appendix.Alph1}{\376\377\000S\000i\000m\000u\000l\000a\000c\000i\000o\000n\000e\000s\000\040\000n\000u\000m\000\351\000r\000i\000c\000a\000s\000\040\000d\000e\000l\000\040\000m\000o\000d\000e\000l\000o\000\040\000t\000e\000\363\000r\000i\000c\000o}{}% 173
\BOOKMARK [1][-]{section.Alph1.1}{\376\377\000V\000a\000r\000i\000a\000c\000i\000\363\000n\000\040\000e\000n\000\040\000p\000s\000i\000\137\0001\0002\000:\000\040\000d\000e\000\040\000c\000o\000m\000p\000l\000e\000m\000e\000n\000t\000a\000r\000i\000e\000d\000a\000d\000\040\000a\000\040\000s\000u\000s\000t\000i\000t\000u\000c\000i\000\363\000n}{appendix.Alph1}% 174
\BOOKMARK [1][-]{section.Alph1.2}{\376\377\000C\000a\000s\000o\000s\000\040\000e\000s\000p\000e\000c\000i\000a\000l\000e\000s\000:\000\040\000m\000e\000d\000i\000c\000i\000\363\000n\000\040\000p\000e\000r\000f\000e\000c\000t\000a}{appendix.Alph1}% 175
\BOOKMARK [1][-]{section.Alph1.3}{\376\377\000V\000a\000r\000i\000a\000c\000i\000\363\000n\000\040\000e\000n\000\040\000e\000l\000\040\000r\000u\000i\000d\000o\000\040\000d\000e\000\040\000c\000a\000n\000t\000i\000d\000a\000d\000\040\000\050\000s\000i\000g\000m\000a\000\137\0001\000\051}{appendix.Alph1}% 176
\BOOKMARK [1][-]{section.Alph1.4}{\376\377\000V\000a\000r\000i\000a\000c\000i\000\363\000n\000\040\000e\000n\000\040\000e\000l\000\040\000r\000u\000i\000d\000o\000\040\000d\000e\000\040\000i\000n\000t\000e\000n\000s\000i\000d\000a\000d\000\040\000\050\000s\000i\000g\000m\000a\000\137\0002\000\051}{appendix.Alph1}% 177
\BOOKMARK [0][-]{appendix.Alph2}{\376\377\000C\000o\000n\000s\000t\000r\000u\000c\000c\000i\000\363\000n\000\040\000d\000e\000\040\000v\000a\000r\000i\000a\000b\000l\000e\000s\000\040\000y\000\040\000p\000i\000p\000e\000l\000i\000n\000e\000\040\000d\000e\000\040\000d\000a\000t\000o\000s}{}% 178
\BOOKMARK [1][-]{section.Alph2.1}{\376\377\000E\000s\000t\000r\000u\000c\000t\000u\000r\000a\000\040\000d\000e\000l\000\040\000p\000r\000o\000y\000e\000c\000t\000o}{appendix.Alph2}% 179
\BOOKMARK [1][-]{section.Alph2.2}{\376\377\000O\000r\000d\000e\000n\000\040\000d\000e\000\040\000e\000j\000e\000c\000u\000c\000i\000\363\000n}{appendix.Alph2}% 180
\BOOKMARK [1][-]{section.Alph2.3}{\376\377\000A\000r\000m\000o\000n\000i\000z\000a\000c\000i\000\363\000n\000\040\000d\000e\000\040\000f\000o\000r\000m\000a\000t\000o\000s\000\040\000T\000X\000T\000\040\000y\000\040\000X\000M\000L}{appendix.Alph2}% 181
\BOOKMARK [1][-]{section.Alph2.4}{\376\377\000P\000r\000o\000c\000e\000s\000o\000\040\000d\000e\000\040\000f\000u\000z\000z\000y\000\040\000m\000a\000t\000c\000h\000i\000n\000g\000\040\000N\000C\000O\000D\000I\040\023\000C\000N\000H}{appendix.Alph2}% 182
\BOOKMARK [1][-]{section.Alph2.5}{\376\377\000A\000r\000m\000o\000n\000i\000z\000a\000c\000i\000\363\000n\000\040\000d\000e\000\040\000v\000a\000r\000i\000a\000b\000l\000e\000s\000\040\000i\000\137\000d\000i\000a\000g\000:\000\040\000v\000a\000l\000i\000d\000a\000c\000i\000\363\000n\000\040\000d\000e\000\040\000b\000r\000i\000d\000g\000e\000s\000\040\000C\0001\000\137\0001\0006\000\040\000v\0003}{appendix.Alph2}% 183
\BOOKMARK [1][-]{section.Alph2.6}{\376\377\000M\000o\000d\000e\000l\000o\000\040\000d\000e\000\040\000i\000m\000p\000u\000t\000a\000c\000i\000\363\000n\000\040\000d\000e\000\040\000c\000a\000s\000e\000-\000m\000i\000x\000:\000\040\000d\000e\000t\000a\000l\000l\000e\000s\000\040\000m\000e\000t\000o\000d\000o\000l\000\363\000g\000i\000c\000o\000s}{appendix.Alph2}% 184
\BOOKMARK [2][-]{subsection.Alph2.6.1}{\376\377\000V\000a\000r\000i\000a\000b\000l\000e\000s\000\040\000p\000r\000e\000d\000i\000c\000t\000o\000r\000a\000s}{section.Alph2.6}% 185
\BOOKMARK [2][-]{subsection.Alph2.6.2}{\376\377\000P\000r\000o\000c\000e\000d\000i\000m\000i\000e\000n\000t\000o\000\040\000d\000e\000\040\000e\000s\000t\000i\000m\000a\000c\000i\000\363\000n}{section.Alph2.6}% 186
\BOOKMARK [0][-]{appendix.Alph3}{\376\377\000T\000a\000b\000l\000a\000s\000\040\000c\000o\000m\000p\000l\000e\000m\000e\000n\000t\000a\000r\000i\000a\000s}{}% 187
\BOOKMARK [1][-]{section.Alph3.1}{\376\377\000C\000o\000e\000f\000i\000c\000i\000e\000n\000t\000e\000s\000\040\000d\000e\000\040\000l\000a\000\040\000f\000r\000o\000n\000t\000e\000r\000a\000\040\000d\000e\000\040\000p\000r\000o\000d\000u\000c\000c\000i\000\363\000n}{appendix.Alph3}% 188
\BOOKMARK [1][-]{section.Alph3.2}{\376\377\000E\000s\000t\000a\000d\000\355\000s\000t\000i\000c\000o\000s\000\040\000d\000e\000s\000c\000r\000i\000p\000t\000i\000v\000o\000s\000\040\000a\000d\000i\000c\000i\000o\000n\000a\000l\000e\000s}{appendix.Alph3}% 189
\BOOKMARK [1][-]{section.Alph3.3}{\376\377\000D\000i\000s\000t\000r\000i\000b\000u\000c\000i\000\363\000n\000\040\000d\000e\000\040\000e\000f\000i\000c\000i\000e\000n\000c\000i\000a\000s\000\040\000t\000\351\000c\000n\000i\000c\000a\000s\000\040\000p\000o\000r\000\040\000g\000r\000u\000p\000o\000\040\000d\000e\000\040\000t\000a\000m\000a\000\361\000o}{appendix.Alph3}% 190
\BOOKMARK [1][-]{section.Alph3.4}{\376\377\000D\000i\000s\000t\000r\000i\000b\000u\000c\000i\000\363\000n\000\040\000d\000e\000\040\000e\000f\000i\000c\000i\000e\000n\000c\000i\000a\000s\000\040\000t\000\351\000c\000n\000i\000c\000a\000s}{appendix.Alph3}% 191
\BOOKMARK [1][-]{section.Alph3.5}{\376\377\000N\000o\000t\000a\000s\000\040\000s\000o\000b\000r\000e\000\040\000f\000i\000g\000u\000r\000a\000s}{appendix.Alph3}% 192
