This is pdfTeX, Version 3.141592653-2.6-1.40.29 (MiKTeX 26.2) (preloaded format=pdflatex 2026.3.22)  25 MAR 2026 23:40
entering extended mode
 restricted \write18 enabled.
 file:line:error style messages enabled.
 %&-line parsing enabled.
**"g:/Mi unidad/SIAE 2010-2020/docs/Textos/Integrado/tesis_doctoral.tex"
(g:/Mi unidad/SIAE 2010-2020/docs/Textos/Integrado/tesis_doctoral.tex
LaTeX2e <2025-11-01>
L3 programming layer <2026-01-19>
(C:\Users\jomar\AppData\Local\Programs\MiKTeX\tex/latex/base\book.cls
Document Class: book 2025/01/22 v1.4n Standard LaTeX document class
(C:\Users\jomar\AppData\Local\Programs\MiKTeX\tex/latex/base\bk12.clo
File: bk12.clo 2025/01/22 v1.4n Standard LaTeX file (size option)
)
\c@part=\count275
\c@chapter=\count276
\c@section=\count277
\c@subsection=\count278
\c@subsubsection=\count279
\c@paragraph=\count280
\c@subparagraph=\count281
\c@figure=\count282
\c@table=\count283
\abovecaptionskip=\skip49
\belowcaptionskip=\skip50
\bibindent=\dimen148
) (C:\Users\jomar\AppData\Local\Programs\MiKTeX\tex/latex/base\inputenc.sty
Package: inputenc 2024/02/08 v1.3d Input encoding file
\inpenc@prehook=\toks17
\inpenc@posthook=\toks18
) (C:\Users\jomar\AppData\Local\Programs\MiKTeX\tex/latex/base\fontenc.sty
Package: fontenc 2025/07/18 v2.1d Standard LaTeX package
) (C:\Users\jomar\AppData\Local\Programs\MiKTeX\tex/generic/babel\babel.sty
Package: babel 2026/03/08 v26.4 The multilingual framework for LuaLaTeX, pdfLaTeX and XeLaTeX
\babel@savecnt=\count284
LaTeX Encoding Info:    Redeclaring text command \ij (encoding OT1) on input line 2078.
LaTeX Encoding Info:    Redeclaring text command \IJ (encoding OT1) on input line 2080.
LaTeX Encoding Info:    Redeclaring text command \ij (encoding T1) on input line 2082.
LaTeX Encoding Info:    Redeclaring text command \IJ (encoding T1) on input line 2083.
LaTeX Encoding Info:    Ignoring declaration for text command \ij (encoding ?) on input line 2084.
LaTeX Encoding Info:    Ignoring declaration for text command \IJ (encoding ?) on input line 2086.
LaTeX Encoding Info:    Ignoring declaration for text command \SS (encoding ?) on input line 2111.
\U@D=\dimen149
\l@unhyphenated=\language79
 (C:\Users\jomar\AppData\Local\Programs\MiKTeX\tex/generic/babel\txtbabel.def)
\bbl@readstream=\read2
\bbl@dirlevel=\count285
Package babel Info: Configuration files are deprecated, as
(babel)             they can break document portability.
(babel)             Reported on input line 4206.

*************************************
* Local config file bblopts.cfg used
*
(C:\Users\jomar\AppData\Local\Programs\MiKTeX\tex/latex/arabi\bblopts.cfg
File: bblopts.cfg 2005/09/08 v0.1 add Arabic and Farsi to "declared" options of babel
) (C:\Users\jomar\AppData\Local\Programs\MiKTeX\tex/generic/babel/locale/es\babel-spanish.tex)
Package babel Info: Importing font and identification data for spanish
(babel)             from babel-es.ini. Reported on input line 4330.
 (C:\Users\jomar\AppData\Local\Programs\MiKTeX\tex/latex/babel-spanish\spanish.ldf
Language: spanish.ldf 2021/05/27 v5.0q Spanish support from the babel system
\es@quottoks=\toks19
\es@quotdepth=\count286
Package babel Info: Making " an active character on input line 570.
))
LaTeX Encoding Info:    Redeclaring text command \guillemotleft (encoding OT1) on input line 19.
LaTeX Encoding Info:    Redeclaring text command \guillemotright (encoding OT1) on input line 19.
 (C:\Users\jomar\AppData\Local\Programs\MiKTeX\tex/latex/lm\lmodern.sty
Package: lmodern 2015/05/01 v1.6.1 Latin Modern Fonts
LaTeX Font Info:    Overwriting symbol font `operators' in version `normal'
(Font)                  OT1/cmr/m/n --> OT1/lmr/m/n on input line 22.
LaTeX Font Info:    Overwriting symbol font `letters' in version `normal'
(Font)                  OML/cmm/m/it --> OML/lmm/m/it on input line 23.
LaTeX Font Info:    Overwriting symbol font `symbols' in version `normal'
(Font)                  OMS/cmsy/m/n --> OMS/lmsy/m/n on input line 24.
LaTeX Font Info:    Overwriting symbol font `largesymbols' in version `normal'
(Font)                  OMX/cmex/m/n --> OMX/lmex/m/n on input line 25.
LaTeX Font Info:    Overwriting symbol font `operators' in version `bold'
(Font)                  OT1/cmr/bx/n --> OT1/lmr/bx/n on input line 26.
LaTeX Font Info:    Overwriting symbol font `letters' in version `bold'
(Font)                  OML/cmm/b/it --> OML/lmm/b/it on input line 27.
LaTeX Font Info:    Overwriting symbol font `symbols' in version `bold'
(Font)                  OMS/cmsy/b/n --> OMS/lmsy/b/n on input line 28.
LaTeX Font Info:    Overwriting symbol font `largesymbols' in version `bold'
(Font)                  OMX/cmex/m/n --> OMX/lmex/m/n on input line 29.
LaTeX Font Info:    Overwriting math alphabet `\mathbf' in version `normal'
(Font)                  OT1/cmr/bx/n --> OT1/lmr/bx/n on input line 31.
LaTeX Font Info:    Overwriting math alphabet `\mathsf' in version `normal'
(Font)                  OT1/cmss/m/n --> OT1/lmss/m/n on input line 32.
LaTeX Font Info:    Overwriting math alphabet `\mathit' in version `normal'
(Font)                  OT1/cmr/m/it --> OT1/lmr/m/it on input line 33.
LaTeX Font Info:    Overwriting math alphabet `\mathtt' in version `normal'
(Font)                  OT1/cmtt/m/n --> OT1/lmtt/m/n on input line 34.
LaTeX Font Info:    Overwriting math alphabet `\mathbf' in version `bold'
(Font)                  OT1/cmr/bx/n --> OT1/lmr/bx/n on input line 35.
LaTeX Font Info:    Overwriting math alphabet `\mathsf' in version `bold'
(Font)                  OT1/cmss/bx/n --> OT1/lmss/bx/n on input line 36.
LaTeX Font Info:    Overwriting math alphabet `\mathit' in version `bold'
(Font)                  OT1/cmr/bx/it --> OT1/lmr/bx/it on input line 37.
LaTeX Font Info:    Overwriting math alphabet `\mathtt' in version `bold'
(Font)                  OT1/cmtt/m/n --> OT1/lmtt/m/n on input line 38.
) (C:\Users\jomar\AppData\Local\Programs\MiKTeX\tex/latex/microtype\microtype.sty
Package: microtype 2026/03/01 v3.2d Micro-typographical refinements (RS)
 (C:\Users\jomar\AppData\Local\Programs\MiKTeX\tex/latex/graphics\keyval.sty
Package: keyval 2022/05/29 v1.15 key=value parser (DPC)
\KV@toks@=\toks20
) (C:\Users\jomar\AppData\Local\Programs\MiKTeX\tex/latex/etoolbox\etoolbox.sty
Package: etoolbox 2025/10/02 v2.5m e-TeX tools for LaTeX (JAW)
\etb@tempcnta=\count287
)
\MT@toks=\toks21
\MT@tempbox=\box53
\MT@count=\count288
LaTeX Info: Redefining \noprotrusionifhmode on input line 1084.
LaTeX Info: Redefining \leftprotrusion on input line 1085.
\MT@prot@toks=\toks22
LaTeX Info: Redefining \rightprotrusion on input line 1104.
LaTeX Info: Redefining \textls on input line 1449.
\MT@outer@kern=\dimen150
LaTeX Info: Redefining \microtypecontext on input line 2053.
LaTeX Info: Redefining \textmicrotypecontext on input line 2070.
\MT@listname@count=\count289
 (C:\Users\jomar\AppData\Local\Programs\MiKTeX\tex/latex/microtype\microtype-pdftex.def
File: microtype-pdftex.def 2026/03/01 v3.2d Definitions specific to pdftex (RS)
LaTeX Info: Redefining \lsstyle on input line 944.
LaTeX Info: Redefining \lslig on input line 944.
\MT@outer@space=\skip51
)
Package microtype Info: Loading configuration file microtype.cfg.
 (C:\Users\jomar\AppData\Local\Programs\MiKTeX\tex/latex/microtype\microtype.cfg
File: microtype.cfg 2026/03/01 v3.2d microtype main configuration file (RS)
)
LaTeX Info: Redefining \microtypesetup on input line 3065.
) (C:\Users\jomar\AppData\Local\Programs\MiKTeX\tex/latex/amsmath\amsmath.sty
Package: amsmath 2025/07/09 v2.17z AMS math features
\@mathmargin=\skip52

For additional information on amsmath, use the `?' option.
(C:\Users\jomar\AppData\Local\Programs\MiKTeX\tex/latex/amsmath\amstext.sty
Package: amstext 2024/11/17 v2.01 AMS text
 (C:\Users\jomar\AppData\Local\Programs\MiKTeX\tex/latex/amsmath\amsgen.sty
File: amsgen.sty 1999/11/30 v2.0 generic functions
\@emptytoks=\toks23
\ex@=\dimen151
)) (C:\Users\jomar\AppData\Local\Programs\MiKTeX\tex/latex/amsmath\amsbsy.sty
Package: amsbsy 1999/11/29 v1.2d Bold Symbols
\pmbraise@=\dimen152
) (C:\Users\jomar\AppData\Local\Programs\MiKTeX\tex/latex/amsmath\amsopn.sty
Package: amsopn 2022/04/08 v2.04 operator names
)
\inf@bad=\count290
LaTeX Info: Redefining \frac on input line 233.
\uproot@=\count291
\leftroot@=\count292
LaTeX Info: Redefining \overline on input line 398.
LaTeX Info: Redefining \colon on input line 409.
\classnum@=\count293
\DOTSCASE@=\count294
LaTeX Info: Redefining \ldots on input line 495.
LaTeX Info: Redefining \dots on input line 498.
LaTeX Info: Redefining \cdots on input line 619.
\Mathstrutbox@=\box54
\strutbox@=\box55
LaTeX Info: Redefining \big on input line 721.
LaTeX Info: Redefining \Big on input line 722.
LaTeX Info: Redefining \bigg on input line 723.
LaTeX Info: Redefining \Bigg on input line 724.
\big@size=\dimen153
LaTeX Font Info:    Redeclaring font encoding OML on input line 742.
LaTeX Font Info:    Redeclaring font encoding OMS on input line 743.
\macc@depth=\count295
LaTeX Info: Redefining \bmod on input line 904.
LaTeX Info: Redefining \pmod on input line 909.
LaTeX Info: Redefining \smash on input line 939.
LaTeX Info: Redefining \relbar on input line 969.
LaTeX Info: Redefining \Relbar on input line 970.
\c@MaxMatrixCols=\count296
\dotsspace@=\muskip17
\c@parentequation=\count297
\dspbrk@lvl=\count298
\tag@help=\toks24
\row@=\count299
\column@=\count300
\maxfields@=\count301
\andhelp@=\toks25
\eqnshift@=\dimen154
\alignsep@=\dimen155
\tagshift@=\dimen156
\tagwidth@=\dimen157
\totwidth@=\dimen158
\lineht@=\dimen159
\@envbody=\toks26
\multlinegap=\skip53
\multlinetaggap=\skip54
\mathdisplay@stack=\toks27
LaTeX Info: Redefining \[ on input line 2950.
LaTeX Info: Redefining \] on input line 2951.
) (C:\Users\jomar\AppData\Local\Programs\MiKTeX\tex/latex/amsfonts\amssymb.sty
Package: amssymb 2013/01/14 v3.01 AMS font symbols
 (C:\Users\jomar\AppData\Local\Programs\MiKTeX\tex/latex/amsfonts\amsfonts.sty
Package: amsfonts 2013/01/14 v3.01 Basic AMSFonts support
\symAMSa=\mathgroup4
\symAMSb=\mathgroup5
LaTeX Font Info:    Redeclaring math symbol \hbar on input line 98.
LaTeX Font Info:    Overwriting math alphabet `\mathfrak' in version `bold'
(Font)                  U/euf/m/n --> U/euf/b/n on input line 106.
)) (C:\Users\jomar\AppData\Local\Programs\MiKTeX\tex/latex/amscls\amsthm.sty
Package: amsthm 2020/05/29 v2.20.6
\thm@style=\toks28
\thm@bodyfont=\toks29
\thm@headfont=\toks30
\thm@notefont=\toks31
\thm@headpunct=\toks32
\thm@preskip=\skip55
\thm@postskip=\skip56
\thm@headsep=\skip57
\dth@everypar=\toks33
) (C:\Users\jomar\AppData\Local\Programs\MiKTeX\tex/latex/tools\bm.sty
Package: bm 2025/10/21 v1.2g Bold Symbol Support (DPC/FMi)
\symboldoperators=\mathgroup6
\symboldletters=\mathgroup7
\symboldsymbols=\mathgroup8
Package bm Info: No bold for \OMX/lmex/m/n, using \pmb.
Package bm Info: No bold for \U/msa/m/n, using \pmb.
Package bm Info: No bold for \U/msb/m/n, using \pmb.
LaTeX Font Info:    Redeclaring math alphabet \mathbf on input line 149.
) (C:\Users\jomar\AppData\Local\Programs\MiKTeX\tex/latex/booktabs\booktabs.sty
Package: booktabs 2020/01/12 v1.61803398 Publication quality tables
\heavyrulewidth=\dimen160
\lightrulewidth=\dimen161
\cmidrulewidth=\dimen162
\belowrulesep=\dimen163
\belowbottomsep=\dimen164
\aboverulesep=\dimen165
\abovetopsep=\dimen166
\cmidrulesep=\dimen167
\cmidrulekern=\dimen168
\defaultaddspace=\dimen169
\@cmidla=\count302
\@cmidlb=\count303
\@aboverulesep=\dimen170
\@belowrulesep=\dimen171
\@thisruleclass=\count304
\@lastruleclass=\count305
\@thisrulewidth=\dimen172
) (C:\Users\jomar\AppData\Local\Programs\MiKTeX\tex/latex/tools\longtable.sty
Package: longtable 2025-10-13 v4.24 Multi-page Table package (DPC)
\LTleft=\skip58
\LTright=\skip59
\LTpre=\skip60
\LTpost=\skip61
\LTchunksize=\count306
\LTcapwidth=\dimen173
\LT@head=\box56
\LT@firsthead=\box57
\LT@foot=\box58
\LT@lastfoot=\box59
\LT@gbox=\box60
\LT@cols=\count307
\LT@rows=\count308
\c@LT@tables=\count309
\c@LT@chunks=\count310
\LT@p@ftn=\toks34
) (C:\Users\jomar\AppData\Local\Programs\MiKTeX\tex/latex/tools\array.sty
Package: array 2025/09/25 v2.6n Tabular extension package (FMi)
\col@sep=\dimen174
\ar@mcellbox=\box61
\extrarowheight=\dimen175
\NC@list=\toks35
\extratabsurround=\skip62
\backup@length=\skip63
\ar@cellbox=\box62
) (C:\Users\jomar\AppData\Local\Programs\MiKTeX\tex/latex/multirow\multirow.sty
Package: multirow 2024/11/12 v2.9 Span multiple rows of a table
\multirow@colwidth=\skip64
\multirow@cntb=\count311
\multirow@dima=\skip65
\bigstrutjot=\dimen176
) (C:\Users\jomar\AppData\Local\Programs\MiKTeX\tex/latex/threeparttable\threeparttable.sty
Package: threeparttable 2003/06/13  v 3.0
\@tempboxb=\box63
) (C:\Users\jomar\AppData\Local\Programs\MiKTeX\tex/latex/tools\tabularx.sty
Package: tabularx 2023/12/11 v2.12a `tabularx' package (DPC)
\TX@col@width=\dimen177
\TX@old@table=\dimen178
\TX@old@col=\dimen179
\TX@target=\dimen180
\TX@delta=\dimen181
\TX@cols=\count312
\TX@ftn=\toks36
) (C:\Users\jomar\AppData\Local\Programs\MiKTeX\tex/latex/graphics\rotating.sty
Package: rotating 2025/01/14 v2.16e rotated objects in LaTeX
 (C:\Users\jomar\AppData\Local\Programs\MiKTeX\tex/latex/graphics\graphicx.sty
Package: graphicx 2024/12/31 v1.2e Enhanced LaTeX Graphics (DPC,SPQR)
 (C:\Users\jomar\AppData\Local\Programs\MiKTeX\tex/latex/graphics\graphics.sty
Package: graphics 2024/08/06 v1.4g Standard LaTeX Graphics (DPC,SPQR)
 (C:\Users\jomar\AppData\Local\Programs\MiKTeX\tex/latex/graphics\trig.sty
Package: trig 2023/12/02 v1.11 sin cos tan (DPC)
) (C:\Users\jomar\AppData\Local\Programs\MiKTeX\tex/latex/graphics-cfg\graphics.cfg
File: graphics.cfg 2016/06/04 v1.11 sample graphics configuration
)
Package graphics Info: Driver file: pdftex.def on input line 106.
 (C:\Users\jomar\AppData\Local\Programs\MiKTeX\tex/latex/graphics-def\pdftex.def
File: pdftex.def 2025/09/29 v1.2d Graphics/color driver for pdftex
))
\Gin@req@height=\dimen182
\Gin@req@width=\dimen183
) (C:\Users\jomar\AppData\Local\Programs\MiKTeX\tex/latex/base\ifthen.sty
Package: ifthen 2024/03/16 v1.1e Standard LaTeX ifthen package (DPC)
)
\c@r@tfl@t=\count313
\rotFPtop=\skip66
\rotFPbot=\skip67
\rot@float@box=\box64
\rot@mess@toks=\toks37
) (C:\Users\jomar\AppData\Local\Programs\MiKTeX\tex/latex/pdflscape\pdflscape.sty
Package: pdflscape 2022-10-27 v0.13 Display of landscape pages in PDF
 (C:\Users\jomar\AppData\Local\Programs\MiKTeX\tex/latex/pdflscape\pdflscape-nometadata.sty
Package: pdflscape-nometadata 2022-10-28 v0.13 Display of landscape pages in PDF (HO)
 (C:\Users\jomar\AppData\Local\Programs\MiKTeX\tex/generic/iftex\iftex.sty
Package: iftex 2024/12/12 v1.0g TeX engine tests
) (C:\Users\jomar\AppData\Local\Programs\MiKTeX\tex/latex/graphics\lscape.sty
Package: lscape 2020/05/28 v3.02 Landscape Pages (DPC)
)
Package pdflscape Info: Auto-detected driver: pdftex on input line 81.
)) (C:\Users\jomar\AppData\Local\Programs\MiKTeX\tex/latex/caption\caption.sty
Package: caption 2023/08/05 v3.6o Customizing captions (AR)
 (C:\Users\jomar\AppData\Local\Programs\MiKTeX\tex/latex/caption\caption3.sty
Package: caption3 2023/07/31 v2.4d caption3 kernel (AR)
\caption@tempdima=\dimen184
\captionmargin=\dimen185
\caption@leftmargin=\dimen186
\caption@rightmargin=\dimen187
\caption@width=\dimen188
\caption@indent=\dimen189
\caption@parindent=\dimen190
\caption@hangindent=\dimen191
Package caption Info: Standard document class detected.
)
\c@caption@flags=\count314
\c@continuedfloat=\count315
Package caption Info: longtable package is loaded.
 (C:\Users\jomar\AppData\Local\Programs\MiKTeX\tex/latex/caption\ltcaption.sty
Package: ltcaption 2021/01/08 v1.4c longtable captions (AR)
)
Package caption Info: rotating package is loaded.
Package caption Info: threeparttable package is loaded.
) (C:\Users\jomar\AppData\Local\Programs\MiKTeX\tex/latex/caption\subcaption.sty
Package: subcaption 2023/07/28 v1.6b Sub-captions (AR)
Package caption Info: New subtype `subfigure' on input line 238.
\c@subfigure=\count316
Package caption Info: New subtype `subtable' on input line 238.
\c@subtable=\count317
) (C:\Users\jomar\AppData\Local\Programs\MiKTeX\tex/latex/float\float.sty
Package: float 2001/11/08 v1.3d Float enhancements (AL)
\c@float@type=\count318
\float@exts=\toks38
\float@box=\box65
\@float@everytoks=\toks39
\@floatcapt=\box66
) (C:\Users\jomar\AppData\Local\Programs\MiKTeX\tex/latex/geometry\geometry.sty
Package: geometry 2026/03/07 v6.0 Page Geometry
 (C:\Users\jomar\AppData\Local\Programs\MiKTeX\tex/generic/iftex\ifvtex.sty
Package: ifvtex 2019/10/25 v1.7 ifvtex legacy package. Use iftex instead.
)
\Gm@cnth=\count319
\Gm@cntv=\count320
\c@Gm@tempcnt=\count321
\Gm@bindingoffset=\dimen192
\Gm@wd@mp=\dimen193
\Gm@odd@mp=\dimen194
\Gm@even@mp=\dimen195
\Gm@layoutwidth=\dimen196
\Gm@layoutheight=\dimen197
\Gm@layouthoffset=\dimen198
\Gm@layoutvoffset=\dimen199
\Gm@dimlist=\toks40
 (C:\Users\jomar\AppData\Local\Programs\MiKTeX\tex/latex/geometry\geometry.cfg)) (C:\Users\jomar\AppData\Local\Programs\MiKTeX\tex/latex/setspace\setspace.sty
Package: setspace 2022/12/04 v6.7b set line spacing
) (C:\Users\jomar\AppData\Local\Programs\MiKTeX\tex/latex/fancyhdr\fancyhdr.sty
Package: fancyhdr 2025/02/07 v5.2 Extensive control of page headers and footers
\f@nch@headwidth=\skip68
\f@nch@offset@elh=\skip69
\f@nch@offset@erh=\skip70
\f@nch@offset@olh=\skip71
\f@nch@offset@orh=\skip72
\f@nch@offset@elf=\skip73
\f@nch@offset@erf=\skip74
\f@nch@offset@olf=\skip75
\f@nch@offset@orf=\skip76
\f@nch@height=\skip77
\f@nch@footalignment=\skip78
\f@nch@widthL=\skip79
\f@nch@widthC=\skip80
\f@nch@widthR=\skip81
\@temptokenb=\toks41
) (C:\Users\jomar\AppData\Local\Programs\MiKTeX\tex/latex/xcolor\xcolor.sty
Package: xcolor 2024/09/29 v3.02 LaTeX color extensions (UK)
 (C:\Users\jomar\AppData\Local\Programs\MiKTeX\tex/latex/graphics-cfg\color.cfg
File: color.cfg 2016/01/02 v1.6 sample color configuration
)
Package xcolor Info: Driver file: pdftex.def on input line 274.
 (C:\Users\jomar\AppData\Local\Programs\MiKTeX\tex/latex/graphics\mathcolor.ltx)
Package xcolor Info: Model `cmy' substituted by `cmy0' on input line 1349.
Package xcolor Info: Model `hsb' substituted by `rgb' on input line 1353.
Package xcolor Info: Model `RGB' extended on input line 1365.
Package xcolor Info: Model `HTML' substituted by `rgb' on input line 1367.
Package xcolor Info: Model `Hsb' substituted by `hsb' on input line 1368.
Package xcolor Info: Model `tHsb' substituted by `hsb' on input line 1369.
Package xcolor Info: Model `HSB' substituted by `hsb' on input line 1370.
Package xcolor Info: Model `Gray' substituted by `gray' on input line 1371.
Package xcolor Info: Model `wave' substituted by `hsb' on input line 1372.
) (C:\Users\jomar\AppData\Local\Programs\MiKTeX\tex/latex/graphics\dvipsnam.def
File: dvipsnam.def 2016/06/17 v3.0m Driver-dependent file (DPC,SPQR)
) (C:\Users\jomar\AppData\Local\Programs\MiKTeX\tex/latex/xcolor\svgnam.def
File: svgnam.def 2024/09/29 v3.02 Predefined colors according to SVG 1.1 (UK)
) (C:\Users\jomar\AppData\Local\Programs\MiKTeX\tex/latex/xcolor\x11nam.def
File: x11nam.def 2024/09/29 v3.02 Predefined colors according to Unix/X11 (UK)
) (C:\Users\jomar\AppData\Local\Programs\MiKTeX\tex/latex/hyperref\hyperref.sty
Package: hyperref 2026-01-29 v7.01p Hypertext links for LaTeX
 (C:\Users\jomar\AppData\Local\Programs\MiKTeX\tex/latex/kvsetkeys\kvsetkeys.sty
Package: kvsetkeys 2022-10-05 v1.19 Key value parser (HO)
) (C:\Users\jomar\AppData\Local\Programs\MiKTeX\tex/generic/kvdefinekeys\kvdefinekeys.sty
Package: kvdefinekeys 2019-12-19 v1.6 Define keys (HO)
) (C:\Users\jomar\AppData\Local\Programs\MiKTeX\tex/generic/pdfescape\pdfescape.sty
Package: pdfescape 2019/12/09 v1.15 Implements pdfTeX's escape features (HO)
 (C:\Users\jomar\AppData\Local\Programs\MiKTeX\tex/generic/ltxcmds\ltxcmds.sty
Package: ltxcmds 2023-12-04 v1.26 LaTeX kernel commands for general use (HO)
) (C:\Users\jomar\AppData\Local\Programs\MiKTeX\tex/generic/pdftexcmds\pdftexcmds.sty
Package: pdftexcmds 2020-06-27 v0.33 Utility functions of pdfTeX for LuaTeX (HO)
 (C:\Users\jomar\AppData\Local\Programs\MiKTeX\tex/generic/infwarerr\infwarerr.sty
Package: infwarerr 2019/12/03 v1.5 Providing info/warning/error messages (HO)
)
Package pdftexcmds Info: \pdf@primitive is available.
Package pdftexcmds Info: \pdf@ifprimitive is available.
Package pdftexcmds Info: \pdfdraftmode found.
)) (C:\Users\jomar\AppData\Local\Programs\MiKTeX\tex/latex/hycolor\hycolor.sty
Package: hycolor 2020-01-27 v1.10 Color options for hyperref/bookmark (HO)
) (C:\Users\jomar\AppData\Local\Programs\MiKTeX\tex/latex/hyperref\nameref.sty
Package: nameref 2026-01-29 v2.58 Cross-referencing by name of section
 (C:\Users\jomar\AppData\Local\Programs\MiKTeX\tex/latex/refcount\refcount.sty
Package: refcount 2019/12/15 v3.6 Data extraction from label references (HO)
) (C:\Users\jomar\AppData\Local\Programs\MiKTeX\tex/generic/gettitlestring\gettitlestring.sty
Package: gettitlestring 2019/12/15 v1.6 Cleanup title references (HO)
 (C:\Users\jomar\AppData\Local\Programs\MiKTeX\tex/latex/kvoptions\kvoptions.sty
Package: kvoptions 2022-06-15 v3.15 Key value format for package options (HO)
))
\c@section@level=\count322
) (C:\Users\jomar\AppData\Local\Programs\MiKTeX\tex/generic/stringenc\stringenc.sty
Package: stringenc 2019/11/29 v1.12 Convert strings between diff. encodings (HO)
)
\@linkdim=\dimen256
\Hy@linkcounter=\count323
\Hy@pagecounter=\count324
 (C:\Users\jomar\AppData\Local\Programs\MiKTeX\tex/latex/hyperref\pd1enc.def
File: pd1enc.def 2026-01-29 v7.01p Hyperref: PDFDocEncoding definition (HO)
Now handling font encoding PD1 ...
... no UTF-8 mapping file for font encoding PD1
) (C:\Users\jomar\AppData\Local\Programs\MiKTeX\tex/generic/intcalc\intcalc.sty
Package: intcalc 2019/12/15 v1.3 Expandable calculations with integers (HO)
)
\Hy@SavedSpaceFactor=\count325
 (C:\Users\jomar\AppData\Local\Programs\MiKTeX\tex/latex/hyperref\puenc.def
File: puenc.def 2026-01-29 v7.01p Hyperref: PDF Unicode definition (HO)
Now handling font encoding PU ...
... no UTF-8 mapping file for font encoding PU
)
Package hyperref Info: Option `colorlinks' set `true' on input line 4072.
Package hyperref Info: Hyper figures OFF on input line 4201.
Package hyperref Info: Link nesting OFF on input line 4206.
Package hyperref Info: Hyper index ON on input line 4209.
Package hyperref Info: Plain pages OFF on input line 4216.
Package hyperref Info: Backreferencing OFF on input line 4221.
Package hyperref Info: Implicit mode ON; LaTeX internals redefined.
Package hyperref Info: Bookmarks ON on input line 4468.
\c@Hy@tempcnt=\count326
 (C:\Users\jomar\AppData\Local\Programs\MiKTeX\tex/latex/url\url.sty
\Urlmuskip=\muskip18
Package: url 2013/09/16  ver 3.4  Verb mode for urls, etc.
)
LaTeX Info: Redefining \url on input line 4807.
\XeTeXLinkMargin=\dimen257
 (C:\Users\jomar\AppData\Local\Programs\MiKTeX\tex/generic/bitset\bitset.sty
Package: bitset 2019/12/09 v1.3 Handle bit-vector datatype (HO)
 (C:\Users\jomar\AppData\Local\Programs\MiKTeX\tex/generic/bigintcalc\bigintcalc.sty
Package: bigintcalc 2019/12/15 v1.5 Expandable calculations on big integers (HO)
))
\Fld@menulength=\count327
\Field@Width=\dimen258
\Fld@charsize=\dimen259
Package hyperref Info: Hyper figures OFF on input line 6084.
Package hyperref Info: Link nesting OFF on input line 6089.
Package hyperref Info: Hyper index ON on input line 6092.
Package hyperref Info: backreferencing OFF on input line 6099.
Package hyperref Info: Link coloring ON on input line 6102.
Package hyperref Info: Link coloring with OCG OFF on input line 6109.
Package hyperref Info: PDF/A mode OFF on input line 6114.
\Hy@abspage=\count328
\c@Item=\count329
\c@Hfootnote=\count330
)
Package hyperref Info: Driver (autodetected): hpdftex.
 (C:\Users\jomar\AppData\Local\Programs\MiKTeX\tex/latex/hyperref\hpdftex.def
File: hpdftex.def 2026-01-29 v7.01p Hyperref driver for pdfTeX
\Fld@listcount=\count331
\c@bookmark@seq@number=\count332
 (C:\Users\jomar\AppData\Local\Programs\MiKTeX\tex/latex/rerunfilecheck\rerunfilecheck.sty
Package: rerunfilecheck 2025-06-21 v1.11 Rerun checks for auxiliary files (HO)
 (C:\Users\jomar\AppData\Local\Programs\MiKTeX\tex/generic/uniquecounter\uniquecounter.sty
Package: uniquecounter 2019/12/15 v1.4 Provide unlimited unique counter (HO)
)
Package uniquecounter Info: New unique counter `rerunfilecheck' on input line 284.
)
\Hy@SectionHShift=\skip82
) (C:\Users\jomar\AppData\Local\Programs\MiKTeX\tex/latex/natbib\natbib.sty
Package: natbib 2010/09/13 8.31b (PWD, AO)
\bibhang=\skip83
\bibsep=\skip84
LaTeX Info: Redefining \cite on input line 694.
\c@NAT@ctr=\count333
) (C:\Users\jomar\AppData\Local\Programs\MiKTeX\tex/latex/eurosym\eurosym.sty
Package: eurosym 1998/08/06 v1.1 European currency symbol ``Euro''
\@eurobox=\box67
) (C:\Users\jomar\AppData\Local\Programs\MiKTeX\tex/latex/pgf/frontendlayer\tikz.sty (C:\Users\jomar\AppData\Local\Programs\MiKTeX\tex/latex/pgf/basiclayer\pgf.sty (C:\Users\jomar\AppData\Local\Programs\MiKTeX\tex/latex/pgf/utilities\pgfrcs.sty (C:\Users\jomar\AppData\Local\Programs\MiKTeX\tex/generic/pgf/utilities\pgfutil-common.tex
\pgfutil@everybye=\toks42
\pgfutil@tempdima=\dimen260
\pgfutil@tempdimb=\dimen261
) (C:\Users\jomar\AppData\Local\Programs\MiKTeX\tex/generic/pgf/utilities\pgfutil-latex.def
\pgfutil@abb=\box68
) (C:\Users\jomar\AppData\Local\Programs\MiKTeX\tex/generic/pgf/utilities\pgfrcs.code.tex (C:\Users\jomar\AppData\Local\Programs\MiKTeX\tex/generic/pgf\pgf.revision.tex)
Package: pgfrcs 2025-08-29 v3.1.11a (3.1.11a)
))
Package: pgf 2025-08-29 v3.1.11a (3.1.11a)
 (C:\Users\jomar\AppData\Local\Programs\MiKTeX\tex/latex/pgf/basiclayer\pgfcore.sty (C:\Users\jomar\AppData\Local\Programs\MiKTeX\tex/latex/pgf/systemlayer\pgfsys.sty (C:\Users\jomar\AppData\Local\Programs\MiKTeX\tex/generic/pgf/systemlayer\pgfsys.code.tex
Package: pgfsys 2025-08-29 v3.1.11a (3.1.11a)
 (C:\Users\jomar\AppData\Local\Programs\MiKTeX\tex/generic/pgf/utilities\pgfkeys.code.tex
\pgfkeys@pathtoks=\toks43
\pgfkeys@temptoks=\toks44
 (C:\Users\jomar\AppData\Local\Programs\MiKTeX\tex/generic/pgf/utilities\pgfkeyslibraryfiltered.code.tex
\pgfkeys@tmptoks=\toks45
))
\pgf@x=\dimen262
\pgf@y=\dimen263
\pgf@xa=\dimen264
\pgf@ya=\dimen265
\pgf@xb=\dimen266
\pgf@yb=\dimen267
\pgf@xc=\dimen268
\pgf@yc=\dimen269
\pgf@xd=\dimen270
\pgf@yd=\dimen271
\w@pgf@writea=\write3
\r@pgf@reada=\read3
\c@pgf@counta=\count334
\c@pgf@countb=\count335
\c@pgf@countc=\count336
\c@pgf@countd=\count337
\t@pgf@toka=\toks46
\t@pgf@tokb=\toks47
\t@pgf@tokc=\toks48
\pgf@sys@id@count=\count338
 (C:\Users\jomar\AppData\Local\Programs\MiKTeX\tex/generic/pgf/systemlayer\pgf.cfg
File: pgf.cfg 2025-08-29 v3.1.11a (3.1.11a)
)
Driver file for pgf: pgfsys-pdftex.def
 (C:\Users\jomar\AppData\Local\Programs\MiKTeX\tex/generic/pgf/systemlayer\pgfsys-pdftex.def
File: pgfsys-pdftex.def 2025-08-29 v3.1.11a (3.1.11a)
 (C:\Users\jomar\AppData\Local\Programs\MiKTeX\tex/generic/pgf/systemlayer\pgfsys-common-pdf.def
File: pgfsys-common-pdf.def 2025-08-29 v3.1.11a (3.1.11a)
))) (C:\Users\jomar\AppData\Local\Programs\MiKTeX\tex/generic/pgf/systemlayer\pgfsyssoftpath.code.tex
File: pgfsyssoftpath.code.tex 2025-08-29 v3.1.11a (3.1.11a)
\pgfsyssoftpath@smallbuffer@items=\count339
\pgfsyssoftpath@bigbuffer@items=\count340
) (C:\Users\jomar\AppData\Local\Programs\MiKTeX\tex/generic/pgf/systemlayer\pgfsysprotocol.code.tex
File: pgfsysprotocol.code.tex 2025-08-29 v3.1.11a (3.1.11a)
)) (C:\Users\jomar\AppData\Local\Programs\MiKTeX\tex/generic/pgf/basiclayer\pgfcore.code.tex
Package: pgfcore 2025-08-29 v3.1.11a (3.1.11a)
 (C:\Users\jomar\AppData\Local\Programs\MiKTeX\tex/generic/pgf/math\pgfmath.code.tex (C:\Users\jomar\AppData\Local\Programs\MiKTeX\tex/generic/pgf/math\pgfmathutil.code.tex) (C:\Users\jomar\AppData\Local\Programs\MiKTeX\tex/generic/pgf/math\pgfmathparser.code.tex
\pgfmath@dimen=\dimen272
\pgfmath@count=\count341
\pgfmath@box=\box69
\pgfmath@toks=\toks49
\pgfmath@stack@operand=\toks50
\pgfmath@stack@operation=\toks51
) (C:\Users\jomar\AppData\Local\Programs\MiKTeX\tex/generic/pgf/math\pgfmathfunctions.code.tex) (C:\Users\jomar\AppData\Local\Programs\MiKTeX\tex/generic/pgf/math\pgfmathfunctions.basic.code.tex) (C:\Users\jomar\AppData\Local\Programs\MiKTeX\tex/generic/pgf/math\pgfmathfunctions.trigonometric.code.tex) (C:\Users\jomar\AppData\Local\Programs\MiKTeX\tex/generic/pgf/math\pgfmathfunctions.random.code.tex) (C:\Users\jomar\AppData\Local\Programs\MiKTeX\tex/generic/pgf/math\pgfmathfunctions.comparison.code.tex) (C:\Users\jomar\AppData\Local\Programs\MiKTeX\tex/generic/pgf/math\pgfmathfunctions.base.code.tex) (C:\Users\jomar\AppData\Local\Programs\MiKTeX\tex/generic/pgf/math\pgfmathfunctions.round.code.tex) (C:\Users\jomar\AppData\Local\Programs\MiKTeX\tex/generic/pgf/math\pgfmathfunctions.misc.code.tex) (C:\Users\jomar\AppData\Local\Programs\MiKTeX\tex/generic/pgf/math\pgfmathfunctions.integerarithmetics.code.tex) (C:\Users\jomar\AppData\Local\Programs\MiKTeX\tex/generic/pgf/math\pgfmathcalc.code.tex) (C:\Users\jomar\AppData\Local\Programs\MiKTeX\tex/generic/pgf/math\pgfmathfloat.code.tex
\c@pgfmathroundto@lastzeros=\count342
)) (C:\Users\jomar\AppData\Local\Programs\MiKTeX\tex/generic/pgf/math\pgfint.code.tex) (C:\Users\jomar\AppData\Local\Programs\MiKTeX\tex/generic/pgf/basiclayer\pgfcorepoints.code.tex
File: pgfcorepoints.code.tex 2025-08-29 v3.1.11a (3.1.11a)
\pgf@picminx=\dimen273
\pgf@picmaxx=\dimen274
\pgf@picminy=\dimen275
\pgf@picmaxy=\dimen276
\pgf@pathminx=\dimen277
\pgf@pathmaxx=\dimen278
\pgf@pathminy=\dimen279
\pgf@pathmaxy=\dimen280
\pgf@xx=\dimen281
\pgf@xy=\dimen282
\pgf@yx=\dimen283
\pgf@yy=\dimen284
\pgf@zx=\dimen285
\pgf@zy=\dimen286
) (C:\Users\jomar\AppData\Local\Programs\MiKTeX\tex/generic/pgf/basiclayer\pgfcorepathconstruct.code.tex
File: pgfcorepathconstruct.code.tex 2025-08-29 v3.1.11a (3.1.11a)
\pgf@path@lastx=\dimen287
\pgf@path@lasty=\dimen288
) (C:\Users\jomar\AppData\Local\Programs\MiKTeX\tex/generic/pgf/basiclayer\pgfcorepathusage.code.tex
File: pgfcorepathusage.code.tex 2025-08-29 v3.1.11a (3.1.11a)
\pgf@shorten@end@additional=\dimen289
\pgf@shorten@start@additional=\dimen290
) (C:\Users\jomar\AppData\Local\Programs\MiKTeX\tex/generic/pgf/basiclayer\pgfcorescopes.code.tex
File: pgfcorescopes.code.tex 2025-08-29 v3.1.11a (3.1.11a)
\pgfpic=\box70
\pgf@hbox=\box71
\pgf@layerbox@main=\box72
\pgf@picture@serial@count=\count343
) (C:\Users\jomar\AppData\Local\Programs\MiKTeX\tex/generic/pgf/basiclayer\pgfcoregraphicstate.code.tex
File: pgfcoregraphicstate.code.tex 2025-08-29 v3.1.11a (3.1.11a)
\pgflinewidth=\dimen291
) (C:\Users\jomar\AppData\Local\Programs\MiKTeX\tex/generic/pgf/basiclayer\pgfcoretransformations.code.tex
File: pgfcoretransformations.code.tex 2025-08-29 v3.1.11a (3.1.11a)
\pgf@pt@x=\dimen292
\pgf@pt@y=\dimen293
\pgf@pt@temp=\dimen294
) (C:\Users\jomar\AppData\Local\Programs\MiKTeX\tex/generic/pgf/basiclayer\pgfcorequick.code.tex
File: pgfcorequick.code.tex 2025-08-29 v3.1.11a (3.1.11a)
) (C:\Users\jomar\AppData\Local\Programs\MiKTeX\tex/generic/pgf/basiclayer\pgfcoreobjects.code.tex
File: pgfcoreobjects.code.tex 2025-08-29 v3.1.11a (3.1.11a)
) (C:\Users\jomar\AppData\Local\Programs\MiKTeX\tex/generic/pgf/basiclayer\pgfcorepathprocessing.code.tex
File: pgfcorepathprocessing.code.tex 2025-08-29 v3.1.11a (3.1.11a)
) (C:\Users\jomar\AppData\Local\Programs\MiKTeX\tex/generic/pgf/basiclayer\pgfcorearrows.code.tex
File: pgfcorearrows.code.tex 2025-08-29 v3.1.11a (3.1.11a)
\pgfarrowsep=\dimen295
) (C:\Users\jomar\AppData\Local\Programs\MiKTeX\tex/generic/pgf/basiclayer\pgfcoreshade.code.tex
File: pgfcoreshade.code.tex 2025-08-29 v3.1.11a (3.1.11a)
\pgf@max=\dimen296
\pgf@sys@shading@range@num=\count344
\pgf@shadingcount=\count345
) (C:\Users\jomar\AppData\Local\Programs\MiKTeX\tex/generic/pgf/basiclayer\pgfcoreimage.code.tex
File: pgfcoreimage.code.tex 2025-08-29 v3.1.11a (3.1.11a)
) (C:\Users\jomar\AppData\Local\Programs\MiKTeX\tex/generic/pgf/basiclayer\pgfcoreexternal.code.tex
File: pgfcoreexternal.code.tex 2025-08-29 v3.1.11a (3.1.11a)
\pgfexternal@startupbox=\box73
) (C:\Users\jomar\AppData\Local\Programs\MiKTeX\tex/generic/pgf/basiclayer\pgfcorelayers.code.tex
File: pgfcorelayers.code.tex 2025-08-29 v3.1.11a (3.1.11a)
) (C:\Users\jomar\AppData\Local\Programs\MiKTeX\tex/generic/pgf/basiclayer\pgfcoretransparency.code.tex
File: pgfcoretransparency.code.tex 2025-08-29 v3.1.11a (3.1.11a)
) (C:\Users\jomar\AppData\Local\Programs\MiKTeX\tex/generic/pgf/basiclayer\pgfcorepatterns.code.tex
File: pgfcorepatterns.code.tex 2025-08-29 v3.1.11a (3.1.11a)
) (C:\Users\jomar\AppData\Local\Programs\MiKTeX\tex/generic/pgf/basiclayer\pgfcorerdf.code.tex
File: pgfcorerdf.code.tex 2025-08-29 v3.1.11a (3.1.11a)
))) (C:\Users\jomar\AppData\Local\Programs\MiKTeX\tex/generic/pgf/modules\pgfmoduleshapes.code.tex
File: pgfmoduleshapes.code.tex 2025-08-29 v3.1.11a (3.1.11a)
\pgfnodeparttextbox=\box74
)
(C:\Users\jomar\AppData\Local\Programs\MiKTeX\tex/generic/pgf/modules\pgfmoduleplot.code.tex
File: pgfmoduleplot.code.tex 2025-08-29 v3.1.11a (3.1.11a)
) (C:\Users\jomar\AppData\Local\Programs\MiKTeX\tex/latex/pgf/compatibility\pgfcomp-version-0-65.sty
Package: pgfcomp-version-0-65 2025-08-29 v3.1.11a (3.1.11a)
\pgf@nodesepstart=\dimen297
\pgf@nodesepend=\dimen298
) (C:\Users\jomar\AppData\Local\Programs\MiKTeX\tex/latex/pgf/compatibility\pgfcomp-version-1-18.sty
Package: pgfcomp-version-1-18 2025-08-29 v3.1.11a (3.1.11a)
)) (C:\Users\jomar\AppData\Local\Programs\MiKTeX\tex/latex/pgf/utilities\pgffor.sty (C:\Users\jomar\AppData\Local\Programs\MiKTeX\tex/latex/pgf/utilities\pgfkeys.sty (C:\Users\jomar\AppData\Local\Programs\MiKTeX\tex/generic/pgf/utilities\pgfkeys.code.tex)) (C:\Users\jomar\AppData\Local\Programs\MiKTeX\tex/latex/pgf/math\pgfmath.sty (C:\Users\jomar\AppData\Local\Programs\MiKTeX\tex/generic/pgf/math\pgfmath.code.tex)) (C:\Users\jomar\AppData\Local\Programs\MiKTeX\tex/generic/pgf/utilities\pgffor.code.tex
Package: pgffor 2025-08-29 v3.1.11a (3.1.11a)
\pgffor@iter=\dimen299
\pgffor@skip=\dimen300
\pgffor@stack=\toks52
\pgffor@toks=\toks53
)) (C:\Users\jomar\AppData\Local\Programs\MiKTeX\tex/generic/pgf/frontendlayer/tikz\tikz.code.tex
Package: tikz 2025-08-29 v3.1.11a (3.1.11a)
 (C:\Users\jomar\AppData\Local\Programs\MiKTeX\tex/generic/pgf/libraries\pgflibraryplothandlers.code.tex
File: pgflibraryplothandlers.code.tex 2025-08-29 v3.1.11a (3.1.11a)
\pgf@plot@mark@count=\count346
\pgfplotmarksize=\dimen301
)
\tikz@lastx=\dimen302
\tikz@lasty=\dimen303
\tikz@lastxsaved=\dimen304
\tikz@lastysaved=\dimen305
\tikz@lastmovetox=\dimen306
\tikz@lastmovetoy=\dimen307
\tikzleveldistance=\dimen308
\tikzsiblingdistance=\dimen309
\tikz@figbox=\box75
\tikz@figbox@bg=\box76
\tikz@tempbox=\box77
\tikz@tempbox@bg=\box78
\tikztreelevel=\count347
\tikznumberofchildren=\count348
\tikznumberofcurrentchild=\count349
\tikz@fig@count=\count350
 (C:\Users\jomar\AppData\Local\Programs\MiKTeX\tex/generic/pgf/modules\pgfmodulematrix.code.tex
File: pgfmodulematrix.code.tex 2025-08-29 v3.1.11a (3.1.11a)
\pgfmatrixcurrentrow=\count351
\pgfmatrixcurrentcolumn=\count352
\pgf@matrix@numberofcolumns=\count353
)
\tikz@expandcount=\count354
 (C:\Users\jomar\AppData\Local\Programs\MiKTeX\tex/generic/pgf/frontendlayer/tikz/libraries\tikzlibrarytopaths.code.tex
File: tikzlibrarytopaths.code.tex 2025-08-29 v3.1.11a (3.1.11a)
))) (C:\Users\jomar\AppData\Local\Programs\MiKTeX\tex/generic/pgf/libraries\pgflibraryarrows.meta.code.tex
File: pgflibraryarrows.meta.code.tex 2025-08-29 v3.1.11a (3.1.11a)
\pgfarrowinset=\dimen310
\pgfarrowlength=\dimen311
\pgfarrowwidth=\dimen312
\pgfarrowlinewidth=\dimen313
) (C:\Users\jomar\AppData\Local\Programs\MiKTeX\tex/generic/pgf/frontendlayer/tikz/libraries\tikzlibrarypositioning.code.tex
File: tikzlibrarypositioning.code.tex 2025-08-29 v3.1.11a (3.1.11a)
) (C:\Users\jomar\AppData\Local\Programs\MiKTeX\tex/generic/pgf/frontendlayer/tikz/libraries\tikzlibraryshapes.geometric.code.tex
File: tikzlibraryshapes.geometric.code.tex 2025-08-29 v3.1.11a (3.1.11a)
 (C:\Users\jomar\AppData\Local\Programs\MiKTeX\tex/generic/pgf/libraries/shapes\pgflibraryshapes.geometric.code.tex
File: pgflibraryshapes.geometric.code.tex 2025-08-29 v3.1.11a (3.1.11a)
)) (C:\Users\jomar\AppData\Local\Programs\MiKTeX\tex/generic/pgf/frontendlayer/tikz/libraries\tikzlibrarybabel.code.tex
File: tikzlibrarybabel.code.tex 2025-08-29 v3.1.11a (3.1.11a)
) (C:\Users\jomar\AppData\Local\Programs\MiKTeX\tex/generic/soul\soul.sty
Package: soul 2026-03-06 v3.2 Permit use of UTF-8 characters in soul (HO)
 (C:\Users\jomar\AppData\Local\Programs\MiKTeX\tex/generic/soul\soul-ori.sty
Package: soul-ori 2026-03-06 v3.2 letterspacing/underlining (mf)
\SOUL@word=\toks54
\SOUL@lasttoken=\toks55
\SOUL@syllable=\toks56
\SOUL@cmds=\toks57
\SOUL@buffer=\toks58
\SOUL@token=\toks59
\SOUL@syllgoal=\dimen314
\SOUL@syllwidth=\dimen315
\SOUL@charkern=\dimen316
\SOUL@hyphkern=\dimen317
\SOUL@dimen=\dimen318
\SOUL@dimeni=\dimen319
\SOUL@minus=\count355
\SOUL@comma=\count356
\SOUL@apo=\count357
\SOUL@grave=\count358
\SOUL@spaceskip=\skip85
\SOUL@ttwidth=\dimen320
\SOUL@uldp=\dimen321
\SOUL@ulht=\dimen322
) (C:\Users\jomar\AppData\Local\Programs\MiKTeX\tex/generic/etexcmds\etexcmds.sty
Package: etexcmds 2019/12/15 v1.7 Avoid name clashes with e-TeX commands (HO)
)) (C:\Users\jomar\AppData\Local\Programs\MiKTeX\tex/latex/enumitem\enumitem.sty
Package: enumitem 2025/02/06 v3.11 Customized lists
\labelindent=\skip86
\enit@outerparindent=\dimen323
\enit@toks=\toks60
\enit@inbox=\box79
\enit@count@id=\count359
\enitdp@description=\count360
) (C:\Users\jomar\AppData\Local\Programs\MiKTeX\tex/latex/mdwtools\footnote.sty
Package: footnote 1997/01/28 1.13 Save footnotes around boxes
\fn@notes=\box80
\fn@width=\dimen324
)
\c@proposition=\count361
\c@result=\count362
\c@corollary=\count363
\c@definition=\count364
\c@remark=\count365
LaTeX Font Info:    Trying to load font information for T1+lmr on input line 116.
 (C:\Users\jomar\AppData\Local\Programs\MiKTeX\tex/latex/lm\t1lmr.fd
File: t1lmr.fd 2015/05/01 v1.6.1 Font defs for Latin Modern
) (C:\Users\jomar\AppData\Local\Programs\MiKTeX\tex/latex/l3backend\l3backend-pdftex.def
File: l3backend-pdftex.def 2025-10-09 L3 backend support: PDF output (pdfTeX)
\l__color_backend_stack_int=\count366
) (tesis_doctoral.aux
LaTeX Info: Redefining \. on input line 8.
LaTeX Info: Redefining \% on input line 8.
Package babel Info: 'spanish' activates 'spanish' shorthands.
(babel)             Reported on input line 8.
)
\openout1 = `tesis_doctoral.aux'.

LaTeX Font Info:    Checking defaults for OML/cmm/m/it on input line 116.
LaTeX Font Info:    ... okay on input line 116.
LaTeX Font Info:    Checking defaults for OMS/cmsy/m/n on input line 116.
LaTeX Font Info:    ... okay on input line 116.
LaTeX Font Info:    Checking defaults for OT1/cmr/m/n on input line 116.
LaTeX Font Info:    ... okay on input line 116.
LaTeX Font Info:    Checking defaults for T1/cmr/m/n on input line 116.
LaTeX Font Info:    ... okay on input line 116.
LaTeX Font Info:    Checking defaults for TS1/cmr/m/n on input line 116.
LaTeX Font Info:    ... okay on input line 116.
LaTeX Font Info:    Checking defaults for OMX/cmex/m/n on input line 116.
LaTeX Font Info:    ... okay on input line 116.
LaTeX Font Info:    Checking defaults for U/cmr/m/n on input line 116.
LaTeX Font Info:    ... okay on input line 116.
LaTeX Font Info:    Checking defaults for PD1/pdf/m/n on input line 116.
LaTeX Font Info:    ... okay on input line 116.
LaTeX Font Info:    Checking defaults for PU/pdf/m/n on input line 116.
LaTeX Font Info:    ... okay on input line 116.
LaTeX Info: Redefining \. on input line 116.
LaTeX Info: Redefining \% on input line 116.
LaTeX Info: Redefining \microtypecontext on input line 116.
Package microtype Info: Applying patch `item' on input line 116.
Package microtype Info: Applying patch `toc' on input line 116.
Package microtype Info: Applying patch `eqnum' on input line 116.
Package microtype Info: Applying patch `footnote' on input line 116.
Package microtype Info: Applying patch `verbatim' on input line 116.
LaTeX Info: Redefining \microtypesetup on input line 116.
Package microtype Info: Generating PDF output.
Package microtype Info: Character protrusion enabled (level 2).
Package microtype Info: Using default protrusion set `alltext'.
Package microtype Info: Automatic font expansion enabled (level 2),
(microtype)             stretch: 20, shrink: 20, step: 1, non-selected.
Package microtype Info: Using default expansion set `alltext-nott'.
Package microtype Info: Patching command `\showhyphens'.
Package microtype Info: No adjustment of tracking.
Package microtype Info: No adjustment of interword spacing.
Package microtype Info: No adjustment of character kerning.
 (C:\Users\jomar\AppData\Local\Programs\MiKTeX\tex/latex/microtype\mt-cmr.cfg
File: mt-cmr.cfg 2013/05/19 v2.2 microtype config. file: Computer Modern Roman (RS)
) (C:\Users\jomar\AppData\Local\Programs\MiKTeX\tex/context/base/mkii\supp-pdf.mkii
[Loading MPS to PDF converter (version 2006.09.02).]
\scratchcounter=\count367
\scratchdimen=\dimen325
\scratchbox=\box81
\nofMPsegments=\count368
\nofMParguments=\count369
\everyMPshowfont=\toks61
\MPscratchCnt=\count370
\MPscratchDim=\dimen326
\MPnumerator=\count371
\makeMPintoPDFobject=\count372
\everyMPtoPDFconversion=\toks62
) (C:\Users\jomar\AppData\Local\Programs\MiKTeX\tex/latex/epstopdf-pkg\epstopdf-base.sty
Package: epstopdf-base 2020-01-24 v2.11 Base part for package epstopdf
Package epstopdf-base Info: Redefining graphics rule for `.eps' on input line 485.
 (C:\Users\jomar\AppData\Local\Programs\MiKTeX\tex/latex/00miktex\epstopdf-sys.cfg
File: epstopdf-sys.cfg 2021/03/18 v2.0 Configuration of epstopdf for MiKTeX
))
Package caption Info: Begin \AtBeginDocument code.
Package caption Info: float package is loaded.
Package caption Info: hyperref package is loaded.
Package caption Info: End \AtBeginDocument code.

*geometry* driver: auto-detecting
*geometry* detected driver: pdftex
*geometry* verbose mode - [ preamble ] result:
* driver: pdftex
* paper: a4paper
* layout: <same size as paper>
* layoutoffset:(h,v)=(0.0pt,0.0pt)
* bindingoffset: 14.22636pt
* modes: twoside 
* h-part:(L,W,R)=(99.58464pt, 412.56499pt, 71.13188pt)
* v-part:(T,H,B)=(71.13188pt, 702.78308pt, 71.13188pt)
* \paperwidth=597.50787pt
* \paperheight=845.04684pt
* \textwidth=412.56499pt
* \textheight=702.78308pt
* \oddsidemargin=41.54102pt
* \evensidemargin=-1.1381pt
* \topmargin=-49.0119pt
* \headheight=28.0pt
* \headsep=19.8738pt
* \topskip=12.0pt
* \footskip=30.0pt
* \marginparwidth=88.0pt
* \marginparsep=7.0pt
* \columnsep=10.0pt
* \skip\footins=10.8pt plus 4.0pt minus 2.0pt
* \hoffset=0.0pt
* \voffset=0.0pt
* \mag=1000
* \@twocolumnfalse
* \@twosidetrue
* \@mparswitchtrue
* \@reversemarginfalse
* (1in=72.27pt=25.4mm, 1cm=28.453pt)

Package hyperref Info: Link coloring ON on input line 116.
(tesis_doctoral.out) (tesis_doctoral.out)
\@outlinefile=\write4
\openout4 = `tesis_doctoral.out'.

 [1


{C:/Users/jomar/AppData/Local/MiKTeX/fonts/map/pdftex/pdftex.map}{C:/Users/jomar/AppData/Local/Programs/MiKTeX/fonts/enc/dvips/lm/lm-ec.enc}] [2

]
LaTeX Font Info:    Trying to load font information for OT1+lmr on input line 154.
 (C:\Users\jomar\AppData\Local\Programs\MiKTeX\tex/latex/lm\ot1lmr.fd
File: ot1lmr.fd 2015/05/01 v1.6.1 Font defs for Latin Modern
)
LaTeX Font Info:    Trying to load font information for OML+lmm on input line 154.
 (C:\Users\jomar\AppData\Local\Programs\MiKTeX\tex/latex/lm\omllmm.fd
File: omllmm.fd 2015/05/01 v1.6.1 Font defs for Latin Modern
)
LaTeX Font Info:    Trying to load font information for OMS+lmsy on input line 154.
 (C:\Users\jomar\AppData\Local\Programs\MiKTeX\tex/latex/lm\omslmsy.fd
File: omslmsy.fd 2015/05/01 v1.6.1 Font defs for Latin Modern
)
LaTeX Font Info:    Trying to load font information for OMX+lmex on input line 154.
 (C:\Users\jomar\AppData\Local\Programs\MiKTeX\tex/latex/lm\omxlmex.fd
File: omxlmex.fd 2015/05/01 v1.6.1 Font defs for Latin Modern
)
LaTeX Font Info:    External font `lmex10' loaded for size
(Font)              <12> on input line 154.
LaTeX Font Info:    External font `lmex10' loaded for size
(Font)              <8> on input line 154.
LaTeX Font Info:    External font `lmex10' loaded for size
(Font)              <6> on input line 154.
LaTeX Font Info:    Trying to load font information for U+msa on input line 154.
 (C:\Users\jomar\AppData\Local\Programs\MiKTeX\tex/latex/amsfonts\umsa.fd
File: umsa.fd 2013/01/14 v3.01 AMS symbols A
) (C:\Users\jomar\AppData\Local\Programs\MiKTeX\tex/latex/microtype\mt-msa.cfg
File: mt-msa.cfg 2006/02/04 v1.1 microtype config. file: AMS symbols (a) (RS)
)
LaTeX Font Info:    Trying to load font information for U+msb on input line 154.
 (C:\Users\jomar\AppData\Local\Programs\MiKTeX\tex/latex/amsfonts\umsb.fd
File: umsb.fd 2013/01/14 v3.01 AMS symbols B
) (C:\Users\jomar\AppData\Local\Programs\MiKTeX\tex/latex/microtype\mt-msb.cfg
File: mt-msb.cfg 2005/06/01 v1.0 microtype config. file: AMS symbols (b) (RS)
)
Package microtype Info: Character `029' is missing
(microtype)             in font `T1/lmr/m/sc/12'.
(microtype)             Ignoring protrusion settings for this character.
 [1

{C:/Users/jomar/AppData/Local/Programs/MiKTeX/fonts/enc/dvips/lm/lm-mathit.enc}{C:/Users/jomar/AppData/Local/Programs/MiKTeX/fonts/enc/dvips/lm/lm-rm.enc}{C:/Users/jomar/AppData/Local/Programs/MiKTeX/fonts/enc/dvips/lm/lm-mathsy.enc}] [2

] [3] [4

] [5] [6

] (tesis_doctoral.toc
LaTeX Info: Redefining \. on input line 1.
LaTeX Info: Redefining \% on input line 1.


LaTeX Font Warning: Font shape `T1/lmr/bx/sc' undefined
(Font)              using `T1/lmr/bx/n' instead on input line 2.

[7]
LaTeX Info: Redefining \. on input line 66.
LaTeX Info: Redefining \% on input line 66.
Package babel Info: 'spanish' activates 'spanish' shorthands.
(babel)             Reported on input line 66.
 [8]
LaTeX Info: Redefining \. on input line 105.
LaTeX Info: Redefining \% on input line 105.
 [9]
LaTeX Info: Redefining \. on input line 138.
LaTeX Info: Redefining \% on input line 138.
 [10])
\tf@toc=\write5
\openout5 = `tesis_doctoral.toc'.

LaTeX Info: Redefining \. on input line 194.
LaTeX Info: Redefining \% on input line 194.
 [11]
LaTeX Info: Redefining \. on input line 194.
LaTeX Info: Redefining \% on input line 194.
 [12

] (tesis_doctoral.lot
LaTeX Info: Redefining \. on input line 1.
LaTeX Info: Redefining \% on input line 1.
)
\tf@lot=\write6
\openout6 = `tesis_doctoral.lot'.

 [13]
LaTeX Info: Redefining \. on input line 195.
LaTeX Info: Redefining \% on input line 195.
 [14

] (tesis_doctoral.lof
LaTeX Info: Redefining \. on input line 1.
LaTeX Info: Redefining \% on input line 1.
)
\tf@lof=\write7
\openout7 = `tesis_doctoral.lof'.

 [15]
LaTeX Info: Redefining \. on input line 198.
LaTeX Info: Redefining \% on input line 198.
 [16

]
Cap\'{\i }tulo 1.

Underfull \vbox (badness 1478) has occurred while \output is active []


pdfTeX warning (ext4): destination with the same identifier (name{page.1}) has been already used, duplicate ignored
<to be read again> 
                   \relax 
l.218 
       [1

]
LaTeX Info: Redefining \. on input line 226.
LaTeX Info: Redefining \% on input line 226.

pdfTeX warning (ext4): destination with the same identifier (name{page.2}) has been already used, duplicate ignored
<to be read again> 
                   \relax 
l.226 
       [2]
Underfull \vbox (badness 1264) has occurred while \output is active []

LaTeX Info: Redefining \. on input line 232.
LaTeX Info: Redefining \% on input line 232.
 [3]
LaTeX Info: Redefining \. on input line 245.
LaTeX Info: Redefining \% on input line 245.
 [4]
LaTeX Info: Redefining \. on input line 265.
LaTeX Info: Redefining \% on input line 265.
 [5]
LaTeX Info: Redefining \. on input line 276.
LaTeX Info: Redefining \% on input line 276.
 [6]
LaTeX Info: Redefining \. on input line 287.
LaTeX Info: Redefining \% on input line 287.
 [7]
LaTeX Info: Redefining \. on input line 300.
LaTeX Info: Redefining \% on input line 300.
 [8]
LaTeX Info: Redefining \. on input line 318.
LaTeX Info: Redefining \% on input line 318.
 [9]
LaTeX Info: Redefining \. on input line 330.
LaTeX Info: Redefining \% on input line 330.
 [10]
LaTeX Info: Redefining \. on input line 343.
LaTeX Info: Redefining \% on input line 343.
 [11]
LaTeX Info: Redefining \. on input line 356.
LaTeX Info: Redefining \% on input line 356.
 [12]
Cap\'{\i }tulo 2.
[13

]
LaTeX Info: Redefining \. on input line 385.
LaTeX Info: Redefining \% on input line 385.
 [14]
LaTeX Font Info:    External font `lmex10' loaded for size
(Font)              <10> on input line 388.
LaTeX Font Info:    External font `lmex10' loaded for size
(Font)              <7> on input line 388.
LaTeX Font Info:    External font `lmex10' loaded for size
(Font)              <5> on input line 388.

Underfull \vbox (badness 10000) has occurred while \output is active []

LaTeX Info: Redefining \. on input line 416.
LaTeX Info: Redefining \% on input line 416.
 [15{C:/Users/jomar/AppData/Local/Programs/MiKTeX/fonts/enc/dvips/lm/lm-mathex.enc}]
LaTeX Font Info:    External font `lmex10' loaded for size
(Font)              <14.4> on input line 419.
LaTeX Info: Redefining \. on input line 439.
LaTeX Info: Redefining \% on input line 439.
 [16]
LaTeX Info: Redefining \. on input line 471.
LaTeX Info: Redefining \% on input line 471.
 [17]
Underfull \vbox (badness 4859) has occurred while \output is active []

LaTeX Info: Redefining \. on input line 504.
LaTeX Info: Redefining \% on input line 504.
 [18]
LaTeX Font Info:    Calculating math sizes for size <8.5> on input line 550.
LaTeX Font Info:    External font `lmex10' loaded for size
(Font)              <8.5> on input line 550.
LaTeX Font Info:    External font `lmex10' loaded for size
(Font)              <5.94997> on input line 550.
LaTeX Font Info:    External font `lmex10' loaded for size
(Font)              <4.25> on input line 550.
LaTeX Info: Redefining \. on input line 566.
LaTeX Info: Redefining \% on input line 566.
 [19]
LaTeX Info: Redefining \. on input line 591.
LaTeX Info: Redefining \% on input line 591.
 [20]
LaTeX Info: Redefining \. on input line 655.
LaTeX Info: Redefining \% on input line 655.
 [21]
LaTeX Info: Redefining \. on input line 690.
LaTeX Info: Redefining \% on input line 690.
 [22]
LaTeX Info: Redefining \. on input line 710.
LaTeX Info: Redefining \% on input line 710.
 [23]
Overfull \hbox (7.23163pt too wide) in paragraph at lines 720--721
[][]\T1/lmr/m/it/12 (-20) Los in-cen-ti-vos
 []

LaTeX Info: Redefining \. on input line 725.
LaTeX Info: Redefining \% on input line 725.
[24]
LaTeX Info: Redefining \. on input line 743.
LaTeX Info: Redefining \% on input line 743.
 [25]
LaTeX Info: Redefining \. on input line 759.
LaTeX Info: Redefining \% on input line 759.
 [26]
Underfull \hbox (badness 1360) in paragraph at lines 783--783
[]|\T1/lmr/bx/sc/12 (+20) Signo es-pe-
 []

LaTeX Font Info:    External font `lmex10' loaded for size
(Font)              <10.95> on input line 786.
LaTeX Info: Redefining \. on input line 802.
LaTeX Info: Redefining \% on input line 802.
[27]
LaTeX Info: Redefining \. on input line 814.
LaTeX Info: Redefining \% on input line 814.
 [28]
LaTeX Info: Redefining \. on input line 826.
LaTeX Info: Redefining \% on input line 826.
 [29]
LaTeX Info: Redefining \. on input line 842.
LaTeX Info: Redefining \% on input line 842.
 [30]
LaTeX Info: Redefining \. on input line 854.
LaTeX Info: Redefining \% on input line 854.
 [31]
LaTeX Info: Redefining \. on input line 873.
LaTeX Info: Redefining \% on input line 873.
 [32]
Cap\'{\i }tulo 3.
[33

]
Overfull \hbox (55.08704pt too wide) detected at line 936
[]
 []

LaTeX Info: Redefining \. on input line 938.
LaTeX Info: Redefining \% on input line 938.
[34]
LaTeX Info: Redefining \. on input line 958.
LaTeX Info: Redefining \% on input line 958.
 [35]
Overfull \hbox (2.29866pt too wide) in paragraph at lines 973--973
[]|\T1/lmr/bx/n/10.95 (-20) Diseńo| 
 []


Underfull \hbox (badness 1735) in paragraph at lines 976--977
\T1/lmr/m/n/10.95 (+20) out-put (ODF) con
 []


Underfull \hbox (badness 10000) in paragraph at lines 977--978
[]|\T1/lmr/m/n/10.95 (+20) P3, P4 (no
 []


Underfull \hbox (badness 10000) in paragraph at lines 986--987
[]|\T1/lmr/m/n/10.95 (+20) P4 con va-
 []


Underfull \hbox (badness 10000) in paragraph at lines 986--987
\T1/lmr/m/n/10.95 (+20) ria-ción intra-
 []

LaTeX Info: Redefining \. on input line 1006.
LaTeX Info: Redefining \% on input line 1006.
[36]
LaTeX Font Info:    Trying to load font information for T1+lmtt on input line 1030.
 (C:\Users\jomar\AppData\Local\Programs\MiKTeX\tex/latex/lm\t1lmtt.fd
File: t1lmtt.fd 2015/05/01 v1.6.1 Font defs for Latin Modern
)
Package microtype Info: Loading generic protrusion settings for font family
(microtype)             `lmtt' (encoding: T1).
(microtype)             For optimal results, create family-specific settings.
(microtype)             See the microtype manual for details.

Underfull \vbox (badness 2134) has occurred while \output is active []

LaTeX Info: Redefining \. on input line 1031.
LaTeX Info: Redefining \% on input line 1031.
 [37]
LaTeX Info: Redefining \. on input line 1048.
LaTeX Info: Redefining \% on input line 1048.
 [38]
LaTeX Info: Redefining \. on input line 1061.
LaTeX Info: Redefining \% on input line 1061.
 [39]
LaTeX Info: Redefining \. on input line 1075.
LaTeX Info: Redefining \% on input line 1075.
 [40]
Cap\'{\i }tulo 4.
[41

]
LaTeX Info: Redefining \. on input line 1106.
LaTeX Info: Redefining \% on input line 1106.
 [42]
LaTeX Info: Redefining \. on input line 1118.
LaTeX Info: Redefining \% on input line 1118.
 [43]
Underfull \hbox (badness 10000) in paragraph at lines 1152--1153
[]|\T1/lmr/bx/n/10.95 (+20) NA
 []


Underfull \hbox (badness 10000) in paragraph at lines 1155--1155
[]|\T1/lmr/m/n/10.95 (+20) SIAE +
 []


Underfull \hbox (badness 10000) in paragraph at lines 1156--1156
[]|\T1/lmr/m/n/10.95 (+20) SIAE +
 []


Underfull \hbox (badness 10000) in paragraph at lines 1157--1157
[]|\T1/lmr/m/n/10.95 (+20) SIAE +
 []


Underfull \hbox (badness 10000) in paragraph at lines 1159--1159
[]|\T1/lmr/m/n/10.95 (+20) SIAE
 []


Underfull \hbox (badness 10000) in paragraph at lines 1161--1161
[]|\T1/lmr/m/n/10.95 (+20) SIAE
 []


Underfull \hbox (badness 10000) in paragraph at lines 1163--1163
[]|\T1/lmr/m/n/10.95 (+20) Índice tec-no-ló-gi-co (TAC,
 []


Underfull \hbox (badness 10000) in paragraph at lines 1163--1163
\T1/lmr/m/n/10.95 (+20) RNM, PET, ace-le-ra-dor,
 []


Underfull \hbox (badness 10000) in paragraph at lines 1163--1163
\T1/lmr/m/n/10.95 (+20) an-gió-gra-fo, gam-ma-cá-ma-ra,
 []

LaTeX Info: Redefining \. on input line 1178.
LaTeX Info: Redefining \% on input line 1178.
[44]
LaTeX Font Info:    External font `lmex10' loaded for size
(Font)              <17.28> on input line 1180.
LaTeX Info: Redefining \. on input line 1187.
LaTeX Info: Redefining \% on input line 1187.
 [45]
Overfull \hbox (26.66391pt too wide) in paragraph at lines 1203--1231
 [] 
 []


Underfull \vbox (badness 10000) has occurred while \output is active []

LaTeX Info: Redefining \. on input line 1234.
LaTeX Info: Redefining \% on input line 1234.
 [46]
LaTeX Info: Redefining \. on input line 1244.
LaTeX Info: Redefining \% on input line 1244.
 [47]
LaTeX Info: Redefining \. on input line 1252.
LaTeX Info: Redefining \% on input line 1252.
 [48]
Overfull \hbox (18.10501pt too wide) in paragraph at lines 1263--1284
 [] 
 []

LaTeX Info: Redefining \. on input line 1292.
LaTeX Info: Redefining \% on input line 1292.
[49]
LaTeX Info: Redefining \. on input line 1306.
LaTeX Info: Redefining \% on input line 1306.
 [50]
LaTeX Info: Redefining \. on input line 1352.
LaTeX Info: Redefining \% on input line 1352.
 [51]
LaTeX Info: Redefining \. on input line 1367.
LaTeX Info: Redefining \% on input line 1367.
 [52]
LaTeX Info: Redefining \. on input line 1384.
LaTeX Info: Redefining \% on input line 1384.
 [53]
LaTeX Info: Redefining \. on input line 1404.
LaTeX Info: Redefining \% on input line 1404.
 [54]
LaTeX Info: Redefining \. on input line 1410.
LaTeX Info: Redefining \% on input line 1410.
 [55]
LaTeX Info: Redefining \. on input line 1410.
LaTeX Info: Redefining \% on input line 1410.
 [56

]
Cap\'{\i }tulo 5.
[57]
LaTeX Info: Redefining \. on input line 1489.
LaTeX Info: Redefining \% on input line 1489.
 [58]
Overfull \hbox (20.73148pt too wide) in paragraph at lines 1503--1548
 [] 
 []

LaTeX Info: Redefining \. on input line 1551.
LaTeX Info: Redefining \% on input line 1551.
[59]
Underfull \vbox (badness 10000) has occurred while \output is active []

LaTeX Info: Redefining \. on input line 1572.
LaTeX Info: Redefining \% on input line 1572.
 [60]
LaTeX Info: Redefining \. on input line 1586.
LaTeX Info: Redefining \% on input line 1586.
 [61]
Overfull \hbox (29.2316pt too wide) in paragraph at lines 1598--1643
 [] 
 []

LaTeX Info: Redefining \. on input line 1646.
LaTeX Info: Redefining \% on input line 1646.
[62]
Overfull \hbox (24.22209pt too wide) in paragraph at lines 1647--1648
[]\T1/lmr/bx/sc/12 (-20) Predicción P3 (con-fir-ma-da pa-ra Priv_Merc). \T1/lmr/m/n/12 (-20) El co-efi-cien-te de $\OML/lmm/m/it/12 d[]Priv[]Merc$
 []

LaTeX Info: Redefining \. on input line 1686.
LaTeX Info: Redefining \% on input line 1686.
[63]
LaTeX Info: Redefining \. on input line 1690.
LaTeX Info: Redefining \% on input line 1690.
 [64]
Overfull \hbox (2.26973pt too wide) in paragraph at lines 1700--1718
 [] 
 []

LaTeX Info: Redefining \. on input line 1732.
LaTeX Info: Redefining \% on input line 1732.
[65]
LaTeX Info: Redefining \. on input line 1743.
LaTeX Info: Redefining \% on input line 1743.
 [66]
LaTeX Info: Redefining \. on input line 1756.
LaTeX Info: Redefining \% on input line 1756.
 [67]
LaTeX Info: Redefining \. on input line 1765.
LaTeX Info: Redefining \% on input line 1765.
 [68]
Cap\'{\i }tulo 6.

Overfull \hbox (6.45392pt too wide) in paragraph at lines 1775--1799
 [] 
 []

[69

]
Overfull \hbox (6.69586pt too wide) in paragraph at lines 1856--1856
[]|\T1/lmr/bx/n/10.95 (-20) Pred.| 
 []


Overfull \hbox (8.73364pt too wide) in paragraph at lines 1858--1859
[]|\T1/lmr/bx/n/10.95 (-20) Veredicto| 
 []


Underfull \hbox (badness 4713) in paragraph at lines 1861--1862
[]|$[] \OT1/lmr/m/n/10.95 (+20) = \OMS/lmsy/m/n/10.95 ^^@\OT1/lmr/m/n/10.95 (+20) 2\OML/lmm/m/it/10.95 :\OT1/lmr/m/n/10.95 (+20) 53[]$
 []


Underfull \hbox (badness 10000) in paragraph at lines 1862--1863
[]|\T1/lmr/m/n/10.95 (+20) Confirmada vía
 []


Overfull \hbox (20.57384pt too wide) in paragraph at lines 1863--1863
[]|\T1/lmr/bx/n/10.95 (-20) Confirmada| 
 []


Underfull \hbox (badness 1168) in paragraph at lines 1865--1866
[]|$[] \OT1/lmr/m/n/10.95 (+20) = \OMS/lmsy/m/n/10.95 ^^@\OT1/lmr/m/n/10.95 (+20) 1\OML/lmm/m/it/10.95 :\OT1/lmr/m/n/10.95 (+20) 477[]$
 []


Underfull \hbox (badness 10000) in paragraph at lines 1865--1866
\T1/lmr/m/n/10.95 (+20) (signo opues-
 []


Underfull \hbox (badness 10000) in paragraph at lines 1865--1866
\T1/lmr/m/n/10.95 (+20) to); asi-me-tría
 []


Underfull \hbox (badness 10000) in paragraph at lines 1867--1867
\T1/lmr/bx/n/10.95 (+18) fir-ma-da
 []


Underfull \hbox (badness 10000) in paragraph at lines 1867--1867
\T1/lmr/bx/n/10.95 (+20) en
 []


Underfull \hbox (badness 10000) in paragraph at lines 1867--1867
\T1/lmr/bx/n/10.95 (+20) signo;
 []


Underfull \hbox (badness 10000) in paragraph at lines 1867--1867
\T1/lmr/bx/n/10.95 (+20) asi-me-
 []


Underfull \hbox (badness 10000) in paragraph at lines 1867--1867
\T1/lmr/bx/n/10.95 (+20) tría
 []


Underfull \hbox (badness 10000) in paragraph at lines 1867--1867
\T1/lmr/bx/n/10.95 (+20) con-fir-
 []


Underfull \hbox (badness 5475) in paragraph at lines 1868--1869
[]|\T1/lmr/m/n/10.95 (+20) Pago di-fie-re en-tre
 []


Overfull \hbox (20.57384pt too wide) in paragraph at lines 1871--1871
[]|\T1/lmr/bx/n/10.95 (-20) Confirmada| 
 []


Underfull \hbox (badness 2426) in paragraph at lines 1872--1873
[]|$\OML/lmm/m/it/10.95  []$ \T1/lmr/m/n/10.95 (+20) mo-de-ra asi-mé-
 []


Overfull \hbox (20.33539pt too wide) in paragraph at lines 1875--1875
[]|\T1/lmr/bx/n/10.95 (-20) Confirmada
 []


Overfull \hbox (20.57384pt too wide) in paragraph at lines 1879--1880
[]|\T1/lmr/bx/n/10.95 (-20) Confirmada| 
 []


Underfull \vbox (badness 10000) has occurred while \output is active []

LaTeX Info: Redefining \. on input line 1892.
LaTeX Info: Redefining \% on input line 1892.
 [70]
LaTeX Info: Redefining \. on input line 1896.
LaTeX Info: Redefining \% on input line 1896.
 [71]
LaTeX Info: Redefining \. on input line 1913.
LaTeX Info: Redefining \% on input line 1913.
 [72]
LaTeX Info: Redefining \. on input line 1927.
LaTeX Info: Redefining \% on input line 1927.
 [73]
LaTeX Info: Redefining \. on input line 1940.
LaTeX Info: Redefining \% on input line 1940.
 [74]
LaTeX Info: Redefining \. on input line 1951.
LaTeX Info: Redefining \% on input line 1951.
 [75]
LaTeX Info: Redefining \. on input line 1951.
LaTeX Info: Redefining \% on input line 1951.
 [76

]
Cap\'{\i }tulo 7.
[77]
LaTeX Info: Redefining \. on input line 1979.
LaTeX Info: Redefining \% on input line 1979.
 [78]
LaTeX Info: Redefining \. on input line 1997.
LaTeX Info: Redefining \% on input line 1997.
 [79]
LaTeX Info: Redefining \. on input line 2012.
LaTeX Info: Redefining \% on input line 2012.
 [80]
LaTeX Info: Redefining \. on input line 2024.
LaTeX Info: Redefining \% on input line 2024.
 [81]
LaTeX Info: Redefining \. on input line 2042.
LaTeX Info: Redefining \% on input line 2042.
 [82]
LaTeX Info: Redefining \. on input line 2054.
LaTeX Info: Redefining \% on input line 2054.
 [83]
LaTeX Info: Redefining \. on input line 2069.
LaTeX Info: Redefining \% on input line 2069.
 [84]
LaTeX Info: Redefining \. on input line 2078.
LaTeX Info: Redefining \% on input line 2078.
 [85]
LaTeX Info: Redefining \. on input line 2078.
LaTeX Info: Redefining \% on input line 2078.
 [86

]
Cap\'{\i }tulo 8.
[87]
LaTeX Info: Redefining \. on input line 2106.
LaTeX Info: Redefining \% on input line 2106.
 [88]
LaTeX Info: Redefining \. on input line 2122.
LaTeX Info: Redefining \% on input line 2122.
 [89]
LaTeX Info: Redefining \. on input line 2138.
LaTeX Info: Redefining \% on input line 2138.
 [90]
LaTeX Info: Redefining \. on input line 2163.
LaTeX Info: Redefining \% on input line 2163.
 [91]
LaTeX Info: Redefining \. on input line 2178.
LaTeX Info: Redefining \% on input line 2178.
 [92]
LaTeX Info: Redefining \. on input line 2194.
LaTeX Info: Redefining \% on input line 2194.
 [93]
LaTeX Info: Redefining \. on input line 2194.
LaTeX Info: Redefining \% on input line 2194.
 [94

]
Ap\'{e}ndice A.
<../TeĂłrico/gr1-eps-converted-to.pdf, id=1916, 557.08125pt x 557.08125pt>
File: ../TeĂłrico/gr1-eps-converted-to.pdf Graphic file (type pdf)
<use ../TeĂłrico/gr1-eps-converted-to.pdf>
Package pdftex.def Info: ../TeĂłrico/gr1-eps-converted-to.pdf  used on input line 2209.
(pdftex.def)             Requested size: 268.16472pt x 268.1695pt.
[95]
<../TeĂłrico/gr2-eps-converted-to.pdf, id=1921, 557.08125pt x 557.08125pt>
File: ../TeĂłrico/gr2-eps-converted-to.pdf Graphic file (type pdf)
<use ../TeĂłrico/gr2-eps-converted-to.pdf>
Package pdftex.def Info: ../TeĂłrico/gr2-eps-converted-to.pdf  used on input line 2216.
(pdftex.def)             Requested size: 268.16472pt x 268.1695pt.
LaTeX Info: Redefining \. on input line 2226.
LaTeX Info: Redefining \% on input line 2226.
 [96 <../TeĂłrico/gr1-eps-converted-to.pdf>]
<../TeĂłrico/gr3-eps-converted-to.pdf, id=1930, 557.08125pt x 557.08125pt>
File: ../TeĂłrico/gr3-eps-converted-to.pdf Graphic file (type pdf)
<use ../TeĂłrico/gr3-eps-converted-to.pdf>
Package pdftex.def Info: ../TeĂłrico/gr3-eps-converted-to.pdf  used on input line 2233.
(pdftex.def)             Requested size: 268.16472pt x 268.1695pt.
<../TeĂłrico/gr4-eps-converted-to.pdf, id=1931, 557.08125pt x 557.08125pt>
File: ../TeĂłrico/gr4-eps-converted-to.pdf Graphic file (type pdf)
<use ../TeĂłrico/gr4-eps-converted-to.pdf>
Package pdftex.def Info: ../TeĂłrico/gr4-eps-converted-to.pdf  used on input line 2240.
(pdftex.def)             Requested size: 268.16472pt x 268.1695pt.

Underfull \vbox (badness 10000) has occurred while \output is active []

LaTeX Info: Redefining \. on input line 2248.
LaTeX Info: Redefining \% on input line 2248.
 [97 <../TeĂłrico/gr2-eps-converted-to.pdf>]
LaTeX Info: Redefining \. on input line 2248.
LaTeX Info: Redefining \% on input line 2248.
 [98 <../TeĂłrico/gr3-eps-converted-to.pdf> <../TeĂłrico/gr4-eps-converted-to.pdf>]
<../TeĂłrico/gr5-eps-converted-to.pdf, id=1949, 557.08125pt x 557.08125pt>
File: ../TeĂłrico/gr5-eps-converted-to.pdf Graphic file (type pdf)
<use ../TeĂłrico/gr5-eps-converted-to.pdf>
Package pdftex.def Info: ../TeĂłrico/gr5-eps-converted-to.pdf  used on input line 2257.
(pdftex.def)             Requested size: 268.16472pt x 268.1695pt.
<../TeĂłrico/gr6-eps-converted-to.pdf, id=1950, 557.08125pt x 557.08125pt>
File: ../TeĂłrico/gr6-eps-converted-to.pdf Graphic file (type pdf)
<use ../TeĂłrico/gr6-eps-converted-to.pdf>
Package pdftex.def Info: ../TeĂłrico/gr6-eps-converted-to.pdf  used on input line 2264.
(pdftex.def)             Requested size: 268.16472pt x 268.1695pt.
<../TeĂłrico/gr7-eps-converted-to.pdf, id=1951, 557.08125pt x 557.08125pt>
File: ../TeĂłrico/gr7-eps-converted-to.pdf Graphic file (type pdf)
<use ../TeĂłrico/gr7-eps-converted-to.pdf>
Package pdftex.def Info: ../TeĂłrico/gr7-eps-converted-to.pdf  used on input line 2273.
(pdftex.def)             Requested size: 268.16472pt x 268.1695pt.

Underfull \vbox (badness 10000) has occurred while \output is active []

LaTeX Info: Redefining \. on input line 2276.
LaTeX Info: Redefining \% on input line 2276.
 [99]
LaTeX Info: Redefining \. on input line 2276.
LaTeX Info: Redefining \% on input line 2276.
 [100 <../TeĂłrico/gr5-eps-converted-to.pdf> <../TeĂłrico/gr6-eps-converted-to.pdf>]
<../TeĂłrico/gr8-eps-converted-to.pdf, id=1964, 557.08125pt x 557.08125pt>
File: ../TeĂłrico/gr8-eps-converted-to.pdf Graphic file (type pdf)
<use ../TeĂłrico/gr8-eps-converted-to.pdf>
Package pdftex.def Info: ../TeĂłrico/gr8-eps-converted-to.pdf  used on input line 2280.
(pdftex.def)             Requested size: 268.16472pt x 268.1695pt.


pdfTeX warning: pdflatex (file ../TeĂłrico/gr9-eps-converted-to.pdf): PDF inclusion: found PDF version <1.7>, but at most version <1.5> allowed
<../TeĂłrico/gr9-eps-converted-to.pdf, id=1965, 557.08125pt x 557.08125pt>
File: ../TeĂłrico/gr9-eps-converted-to.pdf Graphic file (type pdf)
<use ../TeĂłrico/gr9-eps-converted-to.pdf>
Package pdftex.def Info: ../TeĂłrico/gr9-eps-converted-to.pdf  used on input line 2287.
(pdftex.def)             Requested size: 268.16472pt x 268.1695pt.
LaTeX Info: Redefining \. on input line 2298.
LaTeX Info: Redefining \% on input line 2298.
[101 <../TeĂłrico/gr7-eps-converted-to.pdf>]
LaTeX Info: Redefining \. on input line 2298.
LaTeX Info: Redefining \% on input line 2298.
 [102 <../TeĂłrico/gr8-eps-converted-to.pdf> <../TeĂłrico/gr9-eps-converted-to.pdf>]
Ap\'{e}ndice B.

Overfull \hbox (18.40985pt too wide) in paragraph at lines 2317--2317
[]|\T1/lmtt/m/n/10.95 01_exportar_mapeo_cnh.R| 
 []


Overfull \hbox (29.90732pt too wide) in paragraph at lines 2318--2318
[]|\T1/lmtt/m/n/10.95 02_estandarizar_nombres.R| 
 []


Overfull \hbox (35.65605pt too wide) in paragraph at lines 2319--2319
[]|\T1/lmtt/m/n/10.95 03_unir_modulos_por_anyo.R| 
 []


Overfull \hbox (1.16365pt too wide) in paragraph at lines 2320--2320
[]|\T1/lmtt/m/n/10.95 04_construir_panel.R| 
 []


Overfull \hbox (12.66112pt too wide) in paragraph at lines 2321--2321
[]|\T1/lmtt/m/n/10.95 05_construir_casemix.R| 
 []


Overfull \hbox (29.90732pt too wide) in paragraph at lines 2322--2322
[]|\T1/lmtt/m/n/10.95 06_construir_Ddesc_pago.R| 
 []


Overfull \hbox (29.90732pt too wide) in paragraph at lines 2323--2323
[]|\T1/lmtt/m/n/10.95 07_construir_intensidad.R| 
 []


Overfull \hbox (24.15858pt too wide) in paragraph at lines 2324--2324
[]|\T1/lmtt/m/n/10.95 08_auditoria_variables.R| 
 []


Overfull \hbox (6.91238pt too wide) in paragraph at lines 2326--2326
[]|\T1/lmtt/m/n/10.95 10_descriptivos_sfa.R| 
 []


Overfull \hbox (18.40985pt too wide) in paragraph at lines 2329--2329
[]|\T1/lmtt/m/n/10.95 13_tests_diagnosticos.R| 
 []

[103

]
Overfull \hbox (17.75616pt too wide) in paragraph at lines 2346--2347
[]\T1/lmr/m/n/12 (-20) El pro-ce-so de mat-ching se rea-li-za en tres pa-sos (script \T1/lmtt/m/n/12 01_exportar_mapeo_cnh.R\T1/lmr/m/n/12 (-20) ): 
 []

LaTeX Info: Redefining \. on input line 2352.
LaTeX Info: Redefining \% on input line 2352.
[104]
LaTeX Info: Redefining \. on input line 2376.
LaTeX Info: Redefining \% on input line 2376.
 [105]
LaTeX Info: Redefining \. on input line 2396.
LaTeX Info: Redefining \% on input line 2396.
 [106]
LaTeX Info: Redefining \. on input line 2401.
LaTeX Info: Redefining \% on input line 2401.
 [107]
LaTeX Info: Redefining \. on input line 2401.
LaTeX Info: Redefining \% on input line 2401.
 [108

]
Ap\'{e}ndice C.
[109]

LaTeX Warning: Reference `tab:eficiencias_medias' on page 110 undefined on input line 2495.

<hist_TE_cantidad_global.pdf, id=2022, 361.35pt x 252.945pt>
File: hist_TE_cantidad_global.pdf Graphic file (type pdf)
<use hist_TE_cantidad_global.pdf>
Package pdftex.def Info: hist_TE_cantidad_global.pdf  used on input line 2500.
(pdftex.def)             Requested size: 198.02942pt x 138.62228pt.
<hist_TE_intensidad_global.pdf, id=2023, 361.35pt x 252.945pt>
File: hist_TE_intensidad_global.pdf Graphic file (type pdf)
<use hist_TE_intensidad_global.pdf>
Package pdftex.def Info: hist_TE_intensidad_global.pdf  used on input line 2505.
(pdftex.def)             Requested size: 198.02942pt x 138.62228pt.
<hist_TE_cantidad_desc.pdf, id=2024, 361.35pt x 252.945pt>
File: hist_TE_cantidad_desc.pdf Graphic file (type pdf)
<use hist_TE_cantidad_desc.pdf>
Package pdftex.def Info: hist_TE_cantidad_desc.pdf  used on input line 2515.
(pdftex.def)             Requested size: 198.02942pt x 138.62228pt.
<hist_TE_intensidad_desc.pdf, id=2025, 361.35pt x 252.945pt>
File: hist_TE_intensidad_desc.pdf Graphic file (type pdf)
<use hist_TE_intensidad_desc.pdf>
Package pdftex.def Info: hist_TE_intensidad_desc.pdf  used on input line 2520.
(pdftex.def)             Requested size: 198.02942pt x 138.62228pt.
<hist_TE_anyo.pdf, id=2026, 433.62pt x 252.945pt>
File: hist_TE_anyo.pdf Graphic file (type pdf)
<use hist_TE_anyo.pdf>
Package pdftex.def Info: hist_TE_anyo.pdf  used on input line 2530.
(pdftex.def)             Requested size: 309.42374pt x 180.50693pt.
LaTeX Info: Redefining \. on input line 2547.
LaTeX Info: Redefining \% on input line 2547.
[110]
LaTeX Info: Redefining \. on input line 2547.
LaTeX Info: Redefining \% on input line 2547.
 [111 <./hist_TE_cantidad_global.pdf> <./hist_TE_intensidad_global.pdf> <./hist_TE_cantidad_desc.pdf> <./hist_TE_intensidad_desc.pdf>]
LaTeX Info: Redefining \. on input line 2547.
LaTeX Info: Redefining \% on input line 2547.
 [112 <./hist_TE_anyo.pdf>] (tesis_doctoral.bbl [113


]
LaTeX Info: Redefining \. on input line 144.
LaTeX Info: Redefining \% on input line 144.
 [114]
LaTeX Info: Redefining \. on input line 211.
LaTeX Info: Redefining \% on input line 211.
 [115]
LaTeX Info: Redefining \. on input line 281.
LaTeX Info: Redefining \% on input line 281.
 [116])
LaTeX Info: Redefining \. on input line 2551.
LaTeX Info: Redefining \% on input line 2551.
 [117] (tesis_doctoral.aux
LaTeX Info: Redefining \. on input line 8.
LaTeX Info: Redefining \% on input line 8.
)
 ***********
LaTeX2e <2025-11-01>
L3 programming layer <2026-01-19>
 ***********


LaTeX Font Warning: Some font shapes were not available, defaults substituted.


LaTeX Warning: There were undefined references.

Package rerunfilecheck Info: File `tesis_doctoral.out' has not changed.
(rerunfilecheck)             Checksum: 6AEBA6FA8DDB8C381EFA927824588B2A;42520.
 ) 
Here is how much of TeX's memory you used:
 31549 strings out of 467867
 580604 string characters out of 5418334
 1041605 words of memory out of 5000000
 58818 multiletter control sequences out of 15000+600000
 839805 words of font info for 437 fonts, out of 8000000 for 9000
 1141 hyphenation exceptions out of 8191
 84i,16n,94p,1417b,897s stack positions out of 10000i,1000n,20000p,200000b,200000s

pdfTeX warning (dest): name{Hfootnote.6} has been referenced but does not exist, replaced by a fixed one

<C:/Users/jomar/AppData/Local/Programs/MiKTeX/fonts/type1/public/lm/lmbx10.pfb><C:/Users/jomar/AppData/Local/Programs/MiKTeX/fonts/type1/public/lm/lmbx12.pfb><C:/Users/jomar/AppData/Local/Programs/MiKTeX/fonts/type1/public/lm/lmbxi10.pfb><C:/Users/jomar/AppData/Local/Programs/MiKTeX/fonts/type1/public/lm/lmcsc10.pfb><C:/Users/jomar/AppData/Local/Programs/MiKTeX/fonts/type1/public/lm/lmex10.pfb><C:/Users/jomar/AppData/Local/Programs/MiKTeX/fonts/type1/public/lm/lmmi10.pfb><C:/Users/jomar/AppData/Local/Programs/MiKTeX/fonts/type1/public/lm/lmmi12.pfb><C:/Users/jomar/AppData/Local/Programs/MiKTeX/fonts/type1/public/lm/lmmi6.pfb><C:/Users/jomar/AppData/Local/Programs/MiKTeX/fonts/type1/public/lm/lmmi7.pfb><C:/Users/jomar/AppData/Local/Programs/MiKTeX/fonts/type1/public/lm/lmmi8.pfb><C:/Users/jomar/AppData/Local/Programs/MiKTeX/fonts/type1/public/lm/lmmi9.pfb><C:/Users/jomar/AppData/Local/Programs/MiKTeX/fonts/type1/public/lm/lmmib10.pfb><C:/Users/jomar/AppData/Local/Programs/MiKTeX/fonts/type1/public/lm/lmr10.pfb><C:/Users/jomar/AppData/Local/Programs/MiKTeX/fonts/type1/public/lm/lmr12.pfb><C:/Users/jomar/AppData/Local/Programs/MiKTeX/fonts/type1/public/lm/lmr6.pfb><C:/Users/jomar/AppData/Local/Programs/MiKTeX/fonts/type1/public/lm/lmr7.pfb><C:/Users/jomar/AppData/Local/Programs/MiKTeX/fonts/type1/public/lm/lmr8.pfb><C:/Users/jomar/AppData/Local/Programs/MiKTeX/fonts/type1/public/lm/lmr9.pfb><C:/Users/jomar/AppData/Local/Programs/MiKTeX/fonts/type1/public/lm/lmri10.pfb><C:/Users/jomar/AppData/Local/Programs/MiKTeX/fonts/type1/public/lm/lmri12.pfb><C:/Users/jomar/AppData/Local/Programs/MiKTeX/fonts/type1/public/lm/lmri9.pfb><C:/Users/jomar/AppData/Local/Programs/MiKTeX/fonts/type1/public/lm/lmsy10.pfb><C:/Users/jomar/AppData/Local/Programs/MiKTeX/fonts/type1/public/lm/lmsy8.pfb><C:/Users/jomar/AppData/Local/Programs/MiKTeX/fonts/type1/public/lm/lmtt10.pfb><C:/Users/jomar/AppData/Local/Programs/MiKTeX/fonts/type1/public/lm/lmtt12.pfb><C:/Users/jomar/AppData/Local/Programs/MiKTeX/fonts/type1/public/amsfonts/symbols/msbm10.pfb>
Output written on tesis_doctoral.pdf (135 pages, 1486410 bytes).
PDF statistics:
 2344 PDF objects out of 2487 (max. 8388607)
 519 named destinations out of 1000 (max. 500000)
 108851 words of extra memory for PDF output out of 128383 (max. 10000000)

